"../../../Engine/Content/EditorBlueprintResources/StandardMacros.uasset" 0
"../../../Engine/Content/EngineSky/C_Sky_Cloud_Color.uasset" 1
"../../../Engine/Content/EngineSky/C_Sky_Horizon_Color.uasset" 2
"../../../Engine/Content/EngineSky/C_Sky_Zenith_Color.uasset" 3
"../../../Engine/Content/EngineSky/T_Sky_Blue.uasset" 4
"../../../Engine/Content/EngineSky/T_Sky_Clouds_M.uasset" 5
"../../../Engine/Content/EngineSky/T_Sky_Stars.uasset" 6
"../../../Engine/Content/EngineSky/SM_SkySphere.uasset" 7
"../../../Engine/Content/EngineSky/M_Sky_Panning_Clouds2.uasset" 8
"../../../Engine/Content/EngineSky/BP_Sky_Sphere.uasset" 9
"../../../Engine/Content/Functions/Engine_MaterialFunctions01/Opacity/CameraDepthFade.uasset" 10
"../../../Engine/Content/EngineMaterials/T_Default_Material_Grid_M.uasset" 11
"../../../Engine/Content/EngineMaterials/T_Default_Material_Grid_N.uasset" 12
"../../../Engine/Content/EngineMaterials/DefaultMaterial.uasset" 13
"../../../HideAndSeek/Content/Assets/PlayerTemp.uasset" 14
"../../../HideAndSeek/Content/Blueprints/Arturo/GenericPlayer.uasset" 15
"../../../Engine/Content/BasicShapes/BasicShapeMaterial.uasset" 16
"../../../Engine/Content/EngineMaterials/WorldGridMaterial.uasset" 17
"../../../Engine/Content/BasicShapes/Cube.uasset" 18
"../../../HideAndSeek/Content/Blueprints/Sudeep/Shield.uasset" 19
"../../../Engine/Content/BasicShapes/Cylinder.uasset" 20
"../../../HideAndSeek/Content/Blueprints/Sudeep/Trap.uasset" 21
"../../../Engine/Content/EngineMaterials/OrientParticle.uasset" 22
"../../../Engine/Content/EngineMaterials/DefaultParticle.uasset" 23
"../../../HideAndSeek/Content/ParticleSystem/SmokeScreen.uasset" 24
"../../../HideAndSeek/Content/Blueprints/Sudeep/HiderAbilities.uasset" 25
"../../../HideAndSeek/Content/Assets/Materials/BlueColor.uasset" 26
"../../../HideAndSeek/Content/Blueprints/Arturo/Hider.uasset" 27
"../../../Engine/Content/EditorBlueprintResources/ActorMacros.uasset" 28
"../../../HideAndSeek/Content/UI/Lobby_Menu.uasset" 29
"../../../HideAndSeek/Content/Blueprints/Daniel/LobbyPlayerController.uasset" 30
"../../../HideAndSeek/Content/Blueprints/Daniel/HideNSeek_GameInstance.uasset" 31
"../../../HideAndSeek/Content/Blueprints/Daniel/TestPlayerController.uasset" 32
"../../../HideAndSeek/Content/GameModes/CaptureThePoint.uasset" 33
"../../../Engine/Content/MapTemplates/SM_Template_Map_Floor.uasset" 34
"../../../HideAndSeek/Content/Levels/Daniel/Daniel_Base.umap" 35
"../../../HideAndSeek/Content/Blueprints/Arpit/Arpit_Test_Character.uasset" 36
"../../../HideAndSeek/Content/Blueprints/Arpit/After_Lobby_GameMode.uasset" 37
"../../../HideAndSeek/Content/Blueprints/Arpit/HiderSeekerSelection.uasset" 38
"../../../HideAndSeek/Content/Levels/Arpit/Arpit_Base.umap" 39
"../../../HideAndSeek/Content/Levels/Arturo/Arturo_Base.umap" 40
"../../../HideAndSeek/Content/Levels/Arturo/Menus.umap" 41
"../../../Engine/Content/BasicShapes/Sphere.uasset" 42
"../../../HideAndSeek/Content/Levels/Daniel/Daniel_TestGround.umap" 43
"../../../HideAndSeek/Content/Blueprints/Sudeep/HiderSudeep.uasset" 44
"../../../HideAndSeek/Content/Blueprints/Sudeep/Hider.uasset" 45
"../../../HideAndSeek/Content/Blueprints/Sudeep/Grenade.uasset" 46
"../../../HideAndSeek/Content/Blueprints/Sudeep/Trap_Grenade.uasset" 47
"../../../HideAndSeek/Content/Blueprints/Sudeep/SeekerSudeep.uasset" 48
"../../../HideAndSeek/Content/Blueprints/Sudeep/Seeker.uasset" 49
"../../../HideAndSeek/Content/Blueprints/Sudeep/LaunchPoint.uasset" 50
"../../../HideAndSeek/Content/Blueprints/Sudeep/Hider_Prop.uasset" 51
"../../../Engine/Content/BasicShapes/Cone.uasset" 52
"../../../HideAndSeek/Content/Levels/Sudeep/Sudeep_Base.umap" 53
"../../../HideAndSeek/Content/Meshes/lambert1.uasset" 54
"../../../HideAndSeek/Content/Meshes/Cone.uasset" 55
"../../../HideAndSeek/Content/Meshes/Cube.uasset" 56
"../../../HideAndSeek/Content/Meshes/Sphere.uasset" 57
"../../../HideAndSeek/Content/Levels/Sudeep/Sudeep_BaseHide.umap" 58
"../../../HideAndSeek/Content/Blueprints/Arpit/GameInfo/NetworkLobbyGameMode.uasset" 59
"../../../HideAndSeek/Content/Blueprints/Arpit/NetworkMenu/Inside_Lobby/Lobby_Host_Menu.uasset" 60
"../../../HideAndSeek/Content/Blueprints/Arpit/GameInfo/Arpit_Multiplayer_instance.uasset" 61
"../../../HideAndSeek/Content/Blueprints/Arpit/NetworkMenu/Inside_Lobby/Lobby_FindServer_Button.uasset" 62
"../../../HideAndSeek/Content/Blueprints/Arpit/NetworkMenu/Inside_Lobby/Lobby_Server_Browser.uasset" 63
"../../../HideAndSeek/Content/Blueprints/Arpit/NetworkMenu/Lobbby_First_Menu.uasset" 64
"../../../HideAndSeek/Content/Levels/Arpit/Arpit_Lobby_Base.umap" 65
"../../../Engine/Content/EngineMaterials/DefaultDiffuse.uasset" 66
"../../../Engine/Content/EngineMaterials/DefaultNormal.uasset" 67
"../../../Engine/Content/Maps/Entry.umap" 68
"../../../Engine/Content/EditorResources/S_Actor.uasset" 69
"../../../Engine/Content/Maps/Templates/Thumbnails/Default.uasset" 70
"../../../Engine/Content/EditorMaterials/ParticleSystems/PSysThumbnail_NoImage.uasset" 71
"../../../Engine/Content/EditorMaterials/ParticleSystems/PSysThumbnail_OOD.uasset" 72
"../../../Engine/Content/EditorLandscapeResources/DataLayer.uasset" 73
"../../../Engine/Content/EngineFonts/Roboto.uasset" 74
"../../../Engine/Content/Functions/Engine_MaterialFunctions01/Shading/PowerToRoughness.uasset" 75
"../../../Engine/Content/Functions/Engine_MaterialFunctions01/Shading/ConvertFromDiffSpec.uasset" 76
"../../../Engine/Content/EngineMaterials/DefaultDeferredDecalMaterial.uasset" 77
"../../../Engine/Content/EngineMaterials/DefaultLightFunctionMaterial.uasset" 78
"../../../Engine/Content/Functions/Engine_MaterialFunctions02/Utility/BreakOutFloat2Components.uasset" 79
"../../../Engine/Content/EngineMaterials/DefaultPostProcessMaterial.uasset" 80
"../../../Engine/Content/EngineResources/DefaultTexture.uasset" 81
"../../../Engine/Content/Functions/Engine_MaterialFunctions02/Texturing/ScreenAlignedUVs.uasset" 82
"../../../Engine/Content/EngineResources/WhiteSquareTexture.uasset" 83
"../../../Engine/Content/EngineMaterials/Widget3DPassThrough.uasset" 84
"../../../Engine/Content/EngineMaterials/Widget3DPassThrough_Translucent.uasset" 85
"../../../Engine/Content/EngineMaterials/Widget3DPassThrough_Translucent_OneSided.uasset" 86
"../../../Engine/Content/EngineMaterials/Widget3DPassThrough_Opaque.uasset" 87
"../../../Engine/Content/EngineMaterials/Widget3DPassThrough_Opaque_OneSided.uasset" 88
"../../../Engine/Content/EngineMaterials/Widget3DPassThrough_Masked.uasset" 89
"../../../Engine/Content/EngineMaterials/Widget3DPassThrough_Masked_OneSided.uasset" 90
"../../../Engine/Content/EngineDamageTypes/DmgTypeBP_Environmental.uasset" 91
"../../../Engine/Content/EngineMeshes/Sphere.uasset" 92
"../../../Engine/Content/EngineFonts/RobotoDistanceField.uasset" 93
"../../../Engine/Content/EngineMaterials/DefaultTextMaterialOpaque.uasset" 94
"../../../Engine/Content/EditorResources/S_Trigger.uasset" 95
"../../../Engine/Content/EngineResources/GradientTexture0.uasset" 96
"../../../Engine/Content/EngineResources/Black.uasset" 97
"../../../Engine/Content/EditorMaterials/MatineeGroups/MAT_Groups_Float.uasset" 98
"../../../Engine/Content/EditorMaterials/MatineeGroups/MAT_Groups_Director.uasset" 99
"../../../Engine/Content/EditorMaterials/MatineeGroups/MAT_Groups_Event.uasset" 100
"../../../Engine/Content/EditorMaterials/MatineeGroups/MAT_Groups_Anim.uasset" 101
"../../../Engine/Content/EditorMaterials/MatineeGroups/MAT_Groups_Fade.uasset" 102
"../../../Engine/Content/EditorMaterials/MatineeGroups/MAT_Groups_Move.uasset" 103
"../../../Engine/Content/EditorMaterials/MatineeGroups/MAT_Groups_Slomo.uasset" 104
"../../../Engine/Content/EditorMaterials/MatineeGroups/MAT_ColorTrack.uasset" 105
"../../../Engine/Content/EditorMaterials/MAT_Groups_Toggle.uasset" 106
"../../../Engine/Content/EditorMaterials/MatineeGroups/MAT_Groups_AudioMaster.uasset" 107
"../../../Engine/Content/EditorMaterials/MatineeGroups/MAT_Groups_Sound.uasset" 108
"../../../Engine/Content/EditorMaterials/MatineeGroups/MAT_Groups_Vector.uasset" 109
"../../../Engine/Content/EditorMaterials/MAT_Groups_Visibility.uasset" 110
"../../../Engine/Content/EngineResources/DefaultTextureCube.uasset" 111
"../../../Engine/Content/EngineMeshes/Cylinder.uasset" 112
"../../../Engine/Content/EngineTireTypes/DefaultTireType.uasset" 113
"../../../Engine/Content/EngineResources/AICON-Red.uasset" 114
"../../../Engine/Content/EngineResources/AICON-Green.uasset" 115
"../../../Engine/Content/Tutorial/Basics/LevelEditorAttract.uasset" 116
"../../../Engine/Content/Tutorial/Basics/TutorialAssets/icon_tab_Levels_40x.uasset" 117
"../../../Engine/Content/Tutorial/Basics/LevelEditorOverview.uasset" 118
"../../../Engine/Content/Tutorial/BlueprintTutorials/TutorialAssets/Blueprint_64x.uasset" 119
"../../../Engine/Content/Tutorial/BlueprintTutorials/BlueprintEditorTutorial.uasset" 120
"../../../Engine/Content/Tutorial/ContentIntroCurve.uasset" 121
"../../../Engine/Plugins/2D/Paper2D/Content/PlaceholderTextures/DummySpriteTexture.uasset" 122
"../../../Engine/Plugins/2D/Paper2D/Content/DefaultSpriteMaterial.uasset" 123
"../../../Engine/Plugins/2D/Paper2D/Content/MaskedUnlitSpriteMaterial.uasset" 124
"../../../Engine/Plugins/2D/Paper2D/Content/OpaqueUnlitSpriteMaterial.uasset" 125
"../../../Engine/Plugins/2D/Paper2D/Content/DummySpriteTexture.uasset" 126
"../../../Engine/Plugins/2D/Paper2D/Content/DummySprite.uasset" 127
"../../../Engine/Plugins/2D/Paper2D/Content/DefaultPaperTerrainMaterial.uasset" 128
"../../../Engine/Plugins/Runtime/LeapMotionController/Content/LM_CapsuleMesh.uasset" 129
"../../../Engine/Plugins/Runtime/LeapMotionController/Content/LM_TorusMesh.uasset" 130
"../../../Engine/Plugins/Runtime/LeapMotionController/Content/LM_HandColor.uasset" 131
"../../../Engine/Plugins/Runtime/LeapMotionController/Content/LM_SampleDistortion.uasset" 132
"../../../Engine/Plugins/Runtime/LeapMotionController/Content/LM_TestTexture.uasset" 133
"../../../Engine/Plugins/Runtime/LeapMotionController/Content/LM_PassthroughMaterial.uasset" 134
"../../../Engine/Content/EngineMaterials/RemoveSurfaceMaterial.uasset" 135
"../../../Engine/Content/EngineDebugMaterials/DebugMeshMaterial.uasset" 136
"../../../Engine/Content/EngineMaterials/InvalidLightmapSettings.uasset" 137
"../../../Engine/Content/EngineMaterials/M_InvalidLightmapSettings.uasset" 138
"../../../Engine/Content/EditorMaterials/GizmoMaterial.uasset" 139
"../../../Engine/Content/EngineMaterials/Good64x64TilingNoiseHighFreq.uasset" 140
"../../../Engine/Content/EngineMaterials/DefaultBokeh.uasset" 141
"../../../Engine/Content/EngineMaterials/PreintegratedSkinBRDF.uasset" 142
"../../../Engine/Content/EngineMaterials/MiniFont.uasset" 143
"../../../Engine/Content/EngineMaterials/WeightMapPlaceholderTexture.uasset" 144
"../../../Engine/Content/EngineMaterials/DefaultWhiteGrid.uasset" 145
"../../../Engine/Content/EngineMaterials/DefaultPhysicalMaterial.uasset" 146
"../../../Engine/Content/EngineFonts/RobotoTiny.uasset" 147
"../../../Engine/Content/MobileResources/HUD/AnalogHat.uasset" 148
"../../../Engine/Content/MobileResources/HUD/VirtualJoystick_Background.uasset" 149
"../../../Engine/Content/MobileResources/HUD/VirtualJoystick_Thumb.uasset" 150
"../../../Engine/Content/MobileResources/HUD/DefaultVirtualJoysticks.uasset" 151
"../../../Engine/Content/MobileResources/HUD/MobileHUDButton2_off.uasset" 152
"../../../Engine/Content/MobileResources/HUD/MobileHUDDirectionPad3.uasset" 153
"../../../Engine/Content/EditorResources/EmptyActor.uasset" 154
"../../../Engine/Content/EditorResources/LightIcons/S_LightError.uasset" 155
"../../../HideAndSeek/Content/Blueprints/Daniel/test.uasset" 156
"../../../HideAndSeek/Content/Blueprints/Arturo/Player.uasset" 157
"../../../HideAndSeek/Content/Blueprints/Arturo/SelectionInstance.uasset" 158
"../../../HideAndSeek/Content/Blueprints/Sudeep/SeekerAbilities.uasset" 159
"../../../HideAndSeek/Content/Assets/Materials/RedColor.uasset" 160
"../../../HideAndSeek/Content/Blueprints/Arturo/Seeker.uasset" 161
"../../../HideAndSeek/Content/Blueprints/Arturo/Widgets/SelectMenu.uasset" 162
"../../../HideAndSeek/Content/Blueprints/Arturo/HiderController.uasset" 163
"../../../HideAndSeek/Content/Blueprints/Arturo/SeekerController.uasset" 164
"../../../HideAndSeek/Content/Blueprints/Arturo/Widgets/StartMenu.uasset" 165
"../../../HideAndSeek/Content/Blueprints/Arturo/GenericController.uasset" 166
"../../../HideAndSeek/Content/Blueprints/Arturo/CustomMode.uasset" 167
"../../../HideAndSeek/Content/Blueprints/Arturo/GenericMode.uasset" 168
"../../../HideAndSeek/Content/Blueprints/Arturo/empty.uasset" 169
"../../../HideAndSeek/Content/GameModes/TestMode.uasset" 170
"../../../HideAndSeek/Content/Blueprints/Daniel/LobbyPawn.uasset" 171
"../../../HideAndSeek/Content/GameModes/LobbyMode.uasset" 172
"../../../HideAndSeek/Content/Blueprints/Sudeep/Sudeep.uasset" 173
"../../../Engine/Content/MobileResources/HUD/T_Castle_ThumbstickOutter.uasset" 174
"../../../Engine/Content/MobileResources/HUD/MobileHUDButtonFire.uasset" 175
"../../../Engine/Content/MobileResources/HUD/MobileHUDButton1_on.uasset" 176
"../../../Engine/Content/MobileResources/T_MobileControls_texture.uasset" 177
"../../../Engine/Content/MobileResources/HUD/MobileHUDButton2_on.uasset" 178
"../../../Engine/Content/MobileResources/HUD/MobileHUDButton3.uasset" 179
"../../../Engine/Content/MobileResources/T_MobileMenu2.uasset" 180
"../../../Engine/Content/MobileResources/HUD/MobileHUDButton1_off.uasset" 181
"../../../Engine/Content/MobileResources/HUD/T_Castle_ThumbstickInner.uasset" 182
"../../../Engine/Content/MobileResources/HUD/MobileHUDDirectionStick.uasset" 183
"../../../Engine/Content/MobileResources/HUD/MobileHUDDirectionPad.uasset" 184
"../../../Engine/Content/MobileResources/HUD/LeftVirtualJoystickOnly.uasset" 185
"../../../Engine/Content/MobileResources/HUD/MobileHUDDirectionPad2.uasset" 186
"../../../Engine/Content/EditorMaterials/PhAT_JointLimitMaterial.uasset" 187
"../../../Engine/Content/EditorMaterials/PreviewShadowIndicator.uasset" 188
"../../../Engine/Content/EditorMaterials/PreviewShadowIndicatorMaterial.uasset" 189
"../../../Engine/Content/EditorMeshes/ColorCalibrator/M_ChromeBall.uasset" 190
"../../../Engine/Content/EditorMeshes/ColorCalibrator/M_ClearCoat.uasset" 191
"../../../Engine/Content/EditorMeshes/ColorCalibrator/M_ClearCoatBlack.uasset" 192
"../../../Engine/Content/EditorMeshes/ColorCalibrator/T_ColorGrid.uasset" 193
"../../../Engine/Content/EditorMeshes/ColorCalibrator/M_ColorGrid.uasset" 194
"../../../Engine/Content/EditorMeshes/ColorCalibrator/M_GreyBall.uasset" 195
"../../../Engine/Content/EditorMeshes/ColorCalibrator/SM_ColorCalibrator.uasset" 196
"../../../Engine/Content/EditorResources/BSPVertex.uasset" 197
"../../../Engine/Content/EngineDebugMaterials/HeatmapGradient.uasset" 198
"../../../Engine/Content/EngineDebugMaterials/BoneWeightMaterial.uasset" 199
"../../../Engine/Content/EngineDebugMaterials/GeomMaterial.uasset" 200
"../../../Engine/Content/EngineMaterials/EditorBrushMaterial.uasset" 201
"../../../Engine/Content/Tutorial/BlueprintTutorials/TutorialAssets/BlueprintInterface_64x.uasset" 202
"../../../Engine/Content/Tutorial/BlueprintTutorials/TutorialAssets/Tutorial_BP_Interface.uasset" 203
"../../../Engine/Content/Tutorial/BlueprintTutorials/BlueprintInterfacesEditorOverview.uasset" 204
"../../../Engine/Content/Tutorial/BlueprintTutorials/TutorialAssets/BlueprintMacroLibrary_64x.uasset" 205
"../../../Engine/Content/Tutorial/BlueprintTutorials/TutorialAssets/Tutorial_BP_MacroLib.uasset" 206
"../../../Engine/Content/Tutorial/BlueprintTutorials/BlueprintMacroLibrariesEditorOverview.uasset" 207
"../../../Engine/Content/Tutorial/BlueprintTutorials/LevelBlueprintEditorOverview.uasset" 208
"../../../Engine/Content/Tutorial/Foliage/TutorialAssets/Foliage.uasset" 209
"../../../Engine/Content/Tutorial/Foliage/Foliage_Settings_Tutorial.uasset" 210
"../../../Engine/Content/Tutorial/Foliage/Foliage_Using_The_Tool_Tutorial.uasset" 211
"../../../Engine/Content/Tutorial/Foliage/Foliage_Intro_Tutorial.uasset" 212
"../../../Engine/Content/Tutorial/Landscape/TutorialAssets/Landscape.uasset" 213
"../../../Engine/Content/Tutorial/Landscape/Landscape_Painting_Mode.uasset" 214
"../../../Engine/Content/Tutorial/Landscape/Landscape_Sculpt_Mode.uasset" 215
"../../../Engine/Content/Tutorial/Landscape/Landscape_Manage_Mode.uasset" 216
"../../../Engine/Content/Tutorial/Paper2D/TutorialAssets/Paper2DFlipbook_TutorialIcon.uasset" 217
"../../../Engine/Content/Tutorial/Paper2D/FlipbookEditorTutorial.uasset" 218
"../../../Engine/Content/Tutorial/Paper2D/TutorialAssets/Paper2DSprite_TutorialIcon.uasset" 219
"../../../Engine/Content/Tutorial/Paper2D/SpriteEditorTutorial.uasset" 220
"../../../Engine/Content/EditorMeshes/EditorCube.uasset" 221
"../../../Engine/Content/Tutorial/SubEditors/TutorialAssets/Tutorial_DM.uasset" 222
"../../../Engine/Content/Tutorial/SubEditors/DestructibleMeshEditorTutorial.uasset" 223
"../../../Engine/Content/Tutorial/SubEditors/TutorialAssets/TutorialMaterial.uasset" 224
"../../../Engine/Content/Tutorial/SubEditors/MaterialEditorTutorial.uasset" 225
"../../../Engine/Content/Tutorial/SubEditors/TutorialAssets/T_SmokeSubUV_8X8.uasset" 226
"../../../Engine/Content/Tutorial/SubEditors/TutorialAssets/T_soft_smoke.uasset" 227
"../../../Engine/Content/Tutorial/SubEditors/TutorialAssets/M_smoke_subUV_blackbody.uasset" 228
"../../../Engine/Content/Tutorial/SubEditors/TutorialAssets/TutorialParticleSystem.uasset" 229
"../../../Engine/Content/Tutorial/SubEditors/ParticleSystemEditorTutorial.uasset" 230
"../../../Engine/Content/Tutorial/SubEditors/TutorialAssets/icon_ShowSkeletalMeshes_40x.uasset" 231
"../../../Engine/Content/Tutorial/SubEditors/TutorialAssets/Character/TutorialTPP_Mat.uasset" 232
"../../../Engine/Content/Tutorial/SubEditors/TutorialAssets/Character/TutorialTPP_PhysicsAsset.uasset" 233
"../../../Engine/Content/Tutorial/SubEditors/TutorialAssets/Character/TutorialTPP.uasset" 234
"../../../Engine/Content/Tutorial/SubEditors/TutorialAssets/Character/TutorialTPP_Skeleton.uasset" 235
"../../../Engine/Content/Tutorial/SubEditors/TutorialAssets/Character/Tutorial_Idle.uasset" 236
"../../../Engine/Content/Tutorial/SubEditors/TutorialAssets/Character/Tutorial_Walk_Fwd.uasset" 237
"../../../Engine/Content/Tutorial/SubEditors/TutorialAssets/Character/NewBlendSpace1D.uasset" 238
"../../../Engine/Content/Tutorial/SubEditors/TutorialAssets/Character/TutorialCharacter.uasset" 239
"../../../Engine/Content/Tutorial/SubEditors/TutorialAssets/Character/TutorialTPP_AnimBlueprint.uasset" 240
"../../../Engine/Content/Tutorial/SubEditors/PersonaAnimBlueprintEditorWalkthrough.uasset" 241
"../../../Engine/Content/Tutorial/SubEditors/PersonaAnimEditorWalkthrough.uasset" 242
"../../../Engine/Content/EngineMeshes/Cube.uasset" 243
"../../../Engine/Content/Tutorial/SubEditors/StaticMeshEditorTutorial.uasset" 244
"../../../Engine/Content/Tutorial/SubEditors/TutorialAssets/icon_Editor_Preferences_General_40x.uasset" 245
