"C:/Users/u1011565/Documents/GitHub/HideAndSeek/HideAndSeek.uproject" 1
"../../../Engine/Plugins/2D/Paper2D/Paper2D.uplugin" 2
"../../../Engine/Plugins/Blendables/LightPropagationVolume/LightPropagationVolume.uplugin" 3
"../../../Engine/Plugins/Developer/BlankPlugin/BlankPlugin.uplugin" 4
"../../../Engine/Plugins/Developer/CodeLiteSourceCodeAccess/CodeLiteSourceCodeAccess.uplugin" 5
"../../../Engine/Plugins/Developer/GitSourceControl/GitSourceControl.uplugin" 6
"../../../Engine/Plugins/Developer/KDevelopSourceCodeAccess/KDevelopSourceCodeAccess.uplugin" 7
"../../../Engine/Plugins/Developer/NullSourceCodeAccess/NullSourceCodeAccess.uplugin" 8
"../../../Engine/Plugins/Developer/OneSkyLocalizationService/OneSkyLocalizationService.uplugin" 9
"../../../Engine/Plugins/Developer/PerforceSourceControl/PerforceSourceControl.uplugin" 10
"../../../Engine/Plugins/Developer/SubversionSourceControl/SubversionSourceControl.uplugin" 11
"../../../Engine/Plugins/Developer/UObjectPlugin/UObjectPlugin.uplugin" 12
"../../../Engine/Plugins/Developer/VisualStudioSourceCodeAccess/VisualStudioSourceCodeAccess.uplugin" 13
"../../../Engine/Plugins/Developer/XCodeSourceCodeAccess/XCodeSourceCodeAccess.uplugin" 14
"../../../Engine/Plugins/Editor/EpicSurvey/EpicSurvey.uplugin" 15
"../../../Engine/Plugins/Editor/MacGraphicsSwitching/MacGraphicsSwitching.uplugin" 16
"../../../Engine/Plugins/Editor/PluginBrowser/PluginBrowser.uplugin" 17
"../../../Engine/Plugins/Editor/SpeedTreeImporter/SpeedTreeImporter.uplugin" 18
"../../../Engine/Plugins/Experimental/BlueprintStats/BlueprintStats.uplugin" 19
"../../../Engine/Plugins/Experimental/CharacterAI/CharacterAI.uplugin" 20
"../../../Engine/Plugins/Experimental/CodeEditor/CodeEditor.uplugin" 21
"../../../Engine/Plugins/Experimental/CodeView/CodeView.uplugin" 22
"../../../Engine/Plugins/Experimental/HTML5Networking/HTML5Networking.uplugin" 23
"../../../Engine/Plugins/Experimental/LiveEditor/LiveEditor.uplugin" 24
"../../../Engine/Plugins/Experimental/Phya/Phya.uplugin" 25
"../../../Engine/Plugins/Experimental/SimpleHMD/SimpleHMD.uplugin" 26
"../../../Engine/Plugins/Experimental/StructBox/StructBox.uplugin" 27
"../../../Engine/Plugins/Media/AndroidMedia/AndroidMedia.uplugin" 28
"../../../Engine/Plugins/Media/AvfMedia/AvfMedia.uplugin" 29
"../../../Engine/Plugins/Media/MediaPlayerEditor/MediaPlayerEditor.uplugin" 30
"../../../Engine/Plugins/Media/WmfMedia/WmfMedia.uplugin" 31
"../../../Engine/Plugins/Messaging/MessagingDebugger/MessagingDebugger.uplugin" 32
"../../../Engine/Plugins/Messaging/UdpMessaging/UdpMessaging.uplugin" 33
"../../../Engine/Plugins/MovieScene/LevelSequenceEditor/LevelSequenceEditor.uplugin" 34
"../../../Engine/Plugins/NetcodeUnitTest/NetcodeUnitTest/NetcodeUnitTest.uplugin" 35
"../../../Engine/Plugins/NetcodeUnitTest/NUTUnrealEngine4/NUTUnrealEngine4.uplugin" 36
"../../../Engine/Plugins/Runtime/Advertising/IOSTapJoy/IOSTapJoy.uplugin" 37
"../../../Engine/Plugins/Runtime/Analytics/AnalyticsBlueprintLibrary/AnalyticsBlueprintLibrary.uplugin" 38
"../../../Engine/Plugins/Runtime/Analytics/AnalyticsMulticast/AnalyticsMulticast.uplugin" 39
"../../../Engine/Plugins/Runtime/Analytics/Apsalar/IOSApsalar/IOSApsalar.uplugin" 40
"../../../Engine/Plugins/Runtime/Analytics/FileLogging/FileLogging.uplugin" 41
"../../../Engine/Plugins/Runtime/Analytics/Flurry/IOSFlurry/IOSFlurry.uplugin" 42
"../../../Engine/Plugins/Runtime/AndroidDeviceProfileSelector/AndroidDeviceProfileSelector.uplugin" 43
"../../../Engine/Plugins/Runtime/AndroidMoviePlayer/AndroidMoviePlayer.uplugin" 44
"../../../Engine/Plugins/Runtime/AppleMoviePlayer/AppleMoviePlayer.uplugin" 45
"../../../Engine/Plugins/Runtime/ArchVisCharacter/ArchVisCharacter.uplugin" 46
"../../../Engine/Plugins/Runtime/CableComponent/CableComponent.uplugin" 47
"../../../Engine/Plugins/Runtime/CustomMeshComponent/CustomMeshComponent.uplugin" 48
"../../../Engine/Plugins/Runtime/ExampleDeviceProfileSelector/ExampleDeviceProfileSelector.uplugin" 49
"../../../Engine/Plugins/Runtime/GearVR/GearVR.uplugin" 50
"../../../Engine/Plugins/Runtime/IOSDeviceProfileSelector/IOSDeviceProfileSelector.uplugin" 51
"../../../Engine/Plugins/Runtime/LeapMotionController/LeapMotionController.uplugin" 52
"../../../Engine/Plugins/Runtime/LinuxDeviceProfileSelector/LinuxDeviceProfileSelector.uplugin" 53
"../../../Engine/Plugins/Runtime/LiveEditorListenServer/LiveEditorListenServer.uplugin" 54
"../../../Engine/Plugins/Runtime/OculusAudio/OculusAudio.uplugin" 55
"../../../Engine/Plugins/Runtime/OculusInput/OculusInput.uplugin" 56
"../../../Engine/Plugins/Runtime/OculusLibrary/OculusLibrary.uplugin" 57
"../../../Engine/Plugins/Runtime/OculusRift/OculusRift.uplugin" 58
"../../../Engine/Plugins/Runtime/ProceduralMeshComponent/ProceduralMeshComponent.uplugin" 59
"../../../Engine/Plugins/Runtime/SoundMod/SoundMod.uplugin" 60
"../../../Engine/Plugins/Runtime/SoundVisualizations/SoundVisualizations.uplugin" 61
"../../../Engine/Plugins/Runtime/Steam/SteamController/SteamController.uplugin" 62
"../../../Engine/Plugins/Runtime/Steam/SteamVR/SteamVR.uplugin" 63
"../../../Engine/Plugins/Runtime/WebBrowserWidget/WebBrowserWidget.uplugin" 64
"../../../Engine/Plugins/Runtime/WindowsDeviceProfileSelector/WindowsDeviceProfileSelector.uplugin" 65
"../../../Engine/Plugins/Runtime/WindowsMoviePlayer/WindowsMoviePlayer.uplugin" 66
"../../../Engine/Plugins/ScriptGeneratorPlugin/ScriptGeneratorPlugin.uplugin" 67
"../../../Engine/Plugins/ScriptPlugin/ScriptPlugin.uplugin" 68
"../../../Engine/Plugins/Slate/SlateRemote/SlateRemote.uplugin" 69
"..\..\..\Engine\Content\Internationalization\icudt53l\cnvalias.icu" 70
"..\..\..\Engine\Content\Internationalization\icudt53l\en_US_POSIX.res" 71
"..\..\..\Engine\Content\Internationalization\icudt53l\pool.res" 72
"..\..\..\Engine\Content\Internationalization\icudt53l\en_US.res" 73
"..\..\..\Engine\Content\Internationalization\icudt53l\en.res" 74
"..\..\..\Engine\Content\Internationalization\icudt53l\root.res" 75
"C:/Users/u1011565/AppData/Local/UnrealEngine/4.10/Saved/Config/Windows/Manifest.ini" 76
"../../../Engine/Config/Base.ini" 77
"../../../Engine/Config/BaseEngine.ini" 78
"C:/Users/u1011565/Documents/GitHub/HideAndSeek/Config/DefaultEngine.ini" 79
"../../../Engine/Config/Windows/WindowsEngine.ini" 80
"C:/Users/u1011565/Documents/GitHub/HideAndSeek/Saved/Config/Windows/Engine.ini" 81
"../../../../../../Users/u1011565/Documents/GitHub/HideAndSeek/Intermediate/Config/CoalescedSourceConfigs/Engine.ini" 82
"../../../Engine/Config/BaseGame.ini" 83
"C:/Users/u1011565/Documents/GitHub/HideAndSeek/Config/DefaultGame.ini" 84
"C:/Users/u1011565/Documents/GitHub/HideAndSeek/Saved/Config/Windows/Game.ini" 85
"../../../../../../Users/u1011565/Documents/GitHub/HideAndSeek/Intermediate/Config/CoalescedSourceConfigs/Game.ini" 86
"../../../Engine/Config/BaseInput.ini" 87
"C:/Users/u1011565/Documents/GitHub/HideAndSeek/Config/DefaultInput.ini" 88
"C:/Users/u1011565/Documents/GitHub/HideAndSeek/Saved/Config/Windows/Input.ini" 89
"../../../../../../Users/u1011565/Documents/GitHub/HideAndSeek/Intermediate/Config/CoalescedSourceConfigs/Input.ini" 90
"../../../Engine/Config/BaseEditor.ini" 91
"C:/Users/u1011565/Documents/GitHub/HideAndSeek/Config/DefaultEditor.ini" 92
"C:/Users/u1011565/Documents/GitHub/HideAndSeek/Saved/Config/Windows/Editor.ini" 93
"../../../../../../Users/u1011565/Documents/GitHub/HideAndSeek/Intermediate/Config/CoalescedSourceConfigs/Editor.ini" 94
"../../../Engine/Config/BaseEditorPerProjectUserSettings.ini" 95
"C:/Users/u1011565/Documents/GitHub/HideAndSeek/Saved/Config/Windows/EditorPerProjectUserSettings.ini" 96
"../../../../../../Users/u1011565/Documents/GitHub/HideAndSeek/Intermediate/Config/CoalescedSourceConfigs/EditorPerProjectUserSettings.ini" 97
"../../../Engine/Config/BaseEditorSettings.ini" 98
"C:/Users/u1011565/AppData/Local/UnrealEngine/4.10/Saved/Config/Windows/EditorSettings.ini" 99
"../../../../../../Users/u1011565/Documents/GitHub/HideAndSeek/Intermediate/Config/CoalescedSourceConfigs/EditorSettings.ini" 100
"../../../Engine/Config/BaseEditorLayout.ini" 101
"C:/Users/u1011565/AppData/Local/UnrealEngine/4.10/Saved/Config/Windows/EditorLayout.ini" 102
"../../../../../../Users/u1011565/Documents/GitHub/HideAndSeek/Intermediate/Config/CoalescedSourceConfigs/EditorLayout.ini" 103
"../../../Engine/Config/BaseEditorKeyBindings.ini" 104
"C:/Users/u1011565/AppData/Local/UnrealEngine/4.10/Saved/Config/Windows/EditorKeyBindings.ini" 105
"../../../../../../Users/u1011565/Documents/GitHub/HideAndSeek/Intermediate/Config/CoalescedSourceConfigs/EditorKeyBindings.ini" 106
"../../../Engine/Config/BaseCompat.ini" 107
"C:/Users/u1011565/Documents/GitHub/HideAndSeek/Saved/Config/Windows/Compat.ini" 108
"../../../../../../Users/u1011565/Documents/GitHub/HideAndSeek/Intermediate/Config/CoalescedSourceConfigs/Compat.ini" 109
"../../../Engine/Config/BaseLightmass.ini" 110
"C:/Users/u1011565/Documents/GitHub/HideAndSeek/Saved/Config/Windows/Lightmass.ini" 111
"../../../../../../Users/u1011565/Documents/GitHub/HideAndSeek/Intermediate/Config/CoalescedSourceConfigs/Lightmass.ini" 112
"../../../Engine/Config/BaseScalability.ini" 113
"C:/Users/u1011565/Documents/GitHub/HideAndSeek/Saved/Config/Windows/Scalability.ini" 114
"../../../../../../Users/u1011565/Documents/GitHub/HideAndSeek/Intermediate/Config/CoalescedSourceConfigs/Scalability.ini" 115
"C:/Users/u1011565/Documents/GitHub/HideAndSeek/Saved/Config/Windows/GameUserSettings.ini" 116
"../../../../../../Users/u1011565/Documents/GitHub/HideAndSeek/Intermediate/Config/CoalescedSourceConfigs/GameUserSettings.ini" 117
"../../../Engine/Config/BaseDeviceProfiles.ini" 118
"C:/Users/u1011565/Documents/GitHub/HideAndSeek/Saved/Config/Windows/DeviceProfiles.ini" 119
"../../../../../../Users/u1011565/Documents/GitHub/HideAndSeek/Intermediate/Config/CoalescedSourceConfigs/DeviceProfiles.ini" 120
"../../../Engine/Config/ConsoleVariables.ini" 121
"..\..\..\Engine\Content\Internationalization\icudt53l\es.res" 122
"..\..\..\Engine\Content\Internationalization\icudt53l\ja.res" 123
"..\..\..\Engine\Content\Internationalization\icudt53l\ko.res" 124
"..\..\..\Engine\Content\Internationalization\icudt53l\pt_BR.res" 125
"..\..\..\Engine\Content\Internationalization\icudt53l\pt.res" 126
"..\..\..\Engine\Content\Internationalization\icudt53l\zh_CN.res" 127
"..\..\..\Engine\Content\Internationalization\icudt53l\zh_Hans_CN.res" 128
"..\..\..\Engine\Content\Internationalization\icudt53l\zh_Hans.res" 129
"..\..\..\Engine\Content\Internationalization\icudt53l\zh.res" 130
"C:/Program Files (x86)/Epic Games/4.10/Engine/Content/Localization/Editor/en/Editor.locres" 131
"C:/Program Files (x86)/Epic Games/4.10/Engine/Content/Localization/EditorTutorials/en/EditorTutorials.locres" 132
"C:/Program Files (x86)/Epic Games/4.10/Engine/Content/Localization/Keywords/en/Keywords.locres" 133
"C:/Program Files (x86)/Epic Games/4.10/Engine/Content/Localization/Category/en/Category.locres" 134
"C:/Program Files (x86)/Epic Games/4.10/Engine/Content/Localization/ToolTips/en/ToolTips.locres" 135
"C:/Program Files (x86)/Epic Games/4.10/Engine/Content/Localization/PropertyNames/en/PropertyNames.locres" 136
"C:/Program Files (x86)/Epic Games/4.10/Engine/Content/Localization/Engine/en/Engine.locres" 137
"../../../Engine/Content/Slate/Fonts/Roboto-Regular.ttf" 138
"../../../Engine/Content/Slate/Fonts/DroidSansMono.ttf" 139
"../../../Engine/Content/Slate/Fonts/Roboto-Bold.ttf" 140
"../../../Engine/Content/Slate/Fonts/Roboto-Light.ttf" 141
"C:/Program Files (x86)/Epic Games/4.10/Engine/Binaries/Win64/../../../Engine/Shaders/ParticleSpriteVertexFactory.usf" 142
"C:/Program Files (x86)/Epic Games/4.10/Engine/Binaries/Win64/../../../Engine/Shaders/VertexFactoryCommon.usf" 143
"C:/Program Files (x86)/Epic Games/4.10/Engine/Binaries/Win64/../../../Engine/Shaders/Common.usf" 144
"C:/Program Files (x86)/Epic Games/4.10/Engine/Binaries/Win64/../../../Engine/Shaders/MetalCommon.usf" 145
"C:/Program Files (x86)/Epic Games/4.10/Engine/Binaries/Win64/../../../Engine/Shaders/ShaderVersion.usf" 146
"C:/Program Files (x86)/Epic Games/4.10/Engine/Binaries/Win64/../../../Engine/Shaders/CommonViewUniformBuffer.usf" 147
"C:/Program Files (x86)/Epic Games/4.10/Engine/Binaries/Win64/../../../Engine/Shaders/Definitions.usf" 148
"C:/Program Files (x86)/Epic Games/4.10/Engine/Binaries/Win64/../../../Engine/Shaders/Random.usf" 149
"C:/Program Files (x86)/Epic Games/4.10/Engine/Binaries/Win64/../../../Engine/Shaders/ParticleVertexFactoryCommon.usf" 150
"C:/Program Files (x86)/Epic Games/4.10/Engine/Binaries/Win64/../../../Engine/Shaders/ParticleGPUSpriteVertexFactory.usf" 151
"C:/Program Files (x86)/Epic Games/4.10/Engine/Binaries/Win64/../../../Engine/Shaders/ParticleBeamTrailVertexFactory.usf" 152
"C:/Program Files (x86)/Epic Games/4.10/Engine/Binaries/Win64/../../../Engine/Shaders/LocalVertexFactory.usf" 153
"C:/Program Files (x86)/Epic Games/4.10/Engine/Binaries/Win64/../../../Engine/Shaders/LocalVertexFactoryCommon.usf" 154
"C:/Program Files (x86)/Epic Games/4.10/Engine/Binaries/Win64/../../../Engine/Shaders/VectorFieldVisualizationVertexFactory.usf" 155
"C:/Program Files (x86)/Epic Games/4.10/Engine/Binaries/Win64/../../../Engine/Shaders/MeshParticleVertexFactory.usf" 156
"C:/Program Files (x86)/Epic Games/4.10/Engine/Binaries/Win64/../../../Engine/Shaders/GpuSkinVertexFactory.usf" 157
"C:/Program Files (x86)/Epic Games/4.10/Engine/Binaries/Win64/../../../Engine/Shaders/GpuSkinCacheCommon.usf" 158
"C:/Program Files (x86)/Epic Games/4.10/Engine/Binaries/Win64/../../../Engine/Shaders/LandscapeVertexFactory.usf" 159
"C:/Program Files (x86)/Epic Games/4.10/Engine/Binaries/Win64/../../../Engine/Shaders/SlateElementPixelShader.usf" 160
"C:/Program Files (x86)/Epic Games/4.10/Engine/Binaries/Win64/../../../Engine/Shaders/GammaCorrectionCommon.usf" 161
"C:/Program Files (x86)/Epic Games/4.10/Engine/Binaries/Win64/../../../Engine/Shaders/MaterialTemplate.usf" 162
"C:/Program Files (x86)/Epic Games/4.10/Engine/Binaries/Win64/../../../Engine/Shaders/DepthOfFieldCommon.usf" 163
"C:/Program Files (x86)/Epic Games/4.10/Engine/Binaries/Win64/../../../Engine/Shaders/GlobalDistanceFieldShared.usf" 164
"C:/Program Files (x86)/Epic Games/4.10/Engine/Binaries/Win64/../../../Engine/Shaders/SpeedTreeCommon.usf" 165
"C:/Program Files (x86)/Epic Games/4.10/Engine/Binaries/Win64/../../../Engine/Shaders/AtmosphereCommon.usf" 166
"C:/Program Files (x86)/Epic Games/4.10/Engine/Binaries/Win64/../../../Engine/Shaders/PaniniProjection.usf" 167
"C:/Program Files (x86)/Epic Games/4.10/Engine/Binaries/Win64/../../../Engine/Shaders/EyeAdaptationCommon.usf" 168
"C:/Program Files (x86)/Epic Games/4.10/Engine/Binaries/Win64/../../../Engine/Shaders/PostProcessCommon.usf" 169
"C:/Program Files (x86)/Epic Games/4.10/Engine/Binaries/Win64/../../../Engine/Shaders/DeferredShadingCommon.usf" 170
"C:/Program Files (x86)/Epic Games/4.10/Engine/Binaries/Win64/../../../Engine/Shaders/LightAccumulator.usf" 171
"C:/Program Files (x86)/Epic Games/4.10/Engine/Binaries/Win64/../../../Engine/Shaders/SlateVertexShader.usf" 172
"C:/Program Files (x86)/Epic Games/4.10/Engine/Binaries/Win64/../../../Engine/Shaders/ParticleSortKeyGen.usf" 173
"C:/Program Files (x86)/Epic Games/4.10/Engine/Binaries/Win64/../../../Engine/Shaders/ParticleBoundsShader.usf" 174
"C:/Program Files (x86)/Epic Games/4.10/Engine/Binaries/Win64/../../../Engine/Shaders/ParticleSimVisualizeShader.usf" 175
"C:/Program Files (x86)/Epic Games/4.10/Engine/Binaries/Win64/../../../Engine/Shaders/ParticleInjectionShader.usf" 176
"C:/Program Files (x86)/Epic Games/4.10/Engine/Binaries/Win64/../../../Engine/Shaders/ParticleSimulationShader.usf" 177
"C:/Program Files (x86)/Epic Games/4.10/Engine/Binaries/Win64/../../../Engine/Shaders/ParticleCurveInjectionShader.usf" 178
"C:/Program Files (x86)/Epic Games/4.10/Engine/Binaries/Win64/../../../Engine/Shaders/VectorFieldCompositeShaders.usf" 179
"C:/Program Files (x86)/Epic Games/4.10/Engine/Binaries/Win64/../../../Engine/Shaders/UpdateTextureShaders.usf" 180
"C:/Program Files (x86)/Epic Games/4.10/Engine/Binaries/Win64/../../../Engine/Shaders/SimpleElementColorChannelMaskPixelShader.usf" 181
"C:/Program Files (x86)/Epic Games/4.10/Engine/Binaries/Win64/../../../Engine/Shaders/SimpleElementPixelShader.usf" 182
"C:/Program Files (x86)/Epic Games/4.10/Engine/Binaries/Win64/../../../Engine/Shaders/ColorUtils.usf" 183
"C:/Program Files (x86)/Epic Games/4.10/Engine/Binaries/Win64/../../../Engine/Shaders/IESLightProfilesCommon.usf" 184
"C:/Program Files (x86)/Epic Games/4.10/Engine/Binaries/Win64/../../../Engine/Shaders/SimpleElementHitProxyPixelShader.usf" 185
"C:/Program Files (x86)/Epic Games/4.10/Engine/Binaries/Win64/../../../Engine/Shaders/SimpleElementVertexShader.usf" 186
"C:/Program Files (x86)/Epic Games/4.10/Engine/Binaries/Win64/../../../Engine/Shaders/ScreenVertexShader.usf" 187
"C:/Program Files (x86)/Epic Games/4.10/Engine/Binaries/Win64/../../../Engine/Shaders/ScreenPixelShader.usf" 188
"C:/Program Files (x86)/Epic Games/4.10/Engine/Binaries/Win64/../../../Engine/Shaders/RadixSortShaders.usf" 189
"C:/Program Files (x86)/Epic Games/4.10/Engine/Binaries/Win64/../../../Engine/Shaders/GpuSkinCacheComputeShader.usf" 190
"C:/Program Files (x86)/Epic Games/4.10/Engine/Binaries/Win64/../../../Engine/Shaders/NullPixelShader.usf" 191
"C:/Program Files (x86)/Epic Games/4.10/Engine/Binaries/Win64/../../../Engine/Shaders/LandscapeGrassWeight.usf" 192
"C:/Program Files (x86)/Epic Games/4.10/Engine/Binaries/Win64/../../../Engine/Shaders/SimpleElementTexture2DPreviewPixelShader.usf" 193
"C:/Program Files (x86)/Epic Games/4.10/Engine/Binaries/Win64/../../../Engine/Shaders/SimpleElementNormalMapPixelShader.usf" 194
"C:/Program Files (x86)/Epic Games/4.10/Engine/Binaries/Win64/../../../Engine/Shaders/meshpaintdilatepixelshader.usf" 195
"C:/Program Files (x86)/Epic Games/4.10/Engine/Binaries/Win64/../../../Engine/Shaders/meshpaintdilatevertexshader.usf" 196
"C:/Program Files (x86)/Epic Games/4.10/Engine/Binaries/Win64/../../../Engine/Shaders/MeshPaintPixelShader.usf" 197
"C:/Program Files (x86)/Epic Games/4.10/Engine/Binaries/Win64/../../../Engine/Shaders/MeshPaintVertexShader.usf" 198
"C:/Program Files (x86)/Epic Games/4.10/Engine/Binaries/Win64/../../../Engine/Shaders/VisualizeTexture.usf" 199
"C:/Program Files (x86)/Epic Games/4.10/Engine/Binaries/Win64/../../../Engine/Shaders/ScreenSpaceReflections.usf" 200
"C:/Program Files (x86)/Epic Games/4.10/Engine/Binaries/Win64/../../../Engine/Shaders/BRDF.usf" 201
"C:/Program Files (x86)/Epic Games/4.10/Engine/Binaries/Win64/../../../Engine/Shaders/MonteCarlo.usf" 202
"C:/Program Files (x86)/Epic Games/4.10/Engine/Binaries/Win64/../../../Engine/Shaders/ScreenSpaceRayCast.usf" 203
"C:/Program Files (x86)/Epic Games/4.10/Engine/Binaries/Win64/../../../Engine/Shaders/FilterVertexShader.usf" 204
"C:/Program Files (x86)/Epic Games/4.10/Engine/Binaries/Win64/../../../Engine/Shaders/FilterPixelShader.usf" 205
"C:/Program Files (x86)/Epic Games/4.10/Engine/Binaries/Win64/../../../Engine/Shaders/PostProcessVisualizeHDR.usf" 206
"C:/Program Files (x86)/Epic Games/4.10/Engine/Binaries/Win64/../../../Engine/Shaders/PostProcessHistogramCommon.usf" 207
"C:/Program Files (x86)/Epic Games/4.10/Engine/Binaries/Win64/../../../Engine/Shaders/TonemapCommon.usf" 208
"C:/Program Files (x86)/Epic Games/4.10/Engine/Binaries/Win64/../../../Engine/Shaders/ACES.usf" 209
"C:/Program Files (x86)/Epic Games/4.10/Engine/Binaries/Win64/../../../Engine/Shaders/MiniFontCommon.usf" 210
"C:/Program Files (x86)/Epic Games/4.10/Engine/Binaries/Win64/../../../Engine/Shaders/PostProcessVisualizeBuffer.usf" 211
"C:/Program Files (x86)/Epic Games/4.10/Engine/Binaries/Win64/../../../Engine/Shaders/PostProcessUpscale.usf" 212
"C:/Program Files (x86)/Epic Games/4.10/Engine/Binaries/Win64/../../../Engine/Shaders/PostProcessTonemap.usf" 213
"C:/Program Files (x86)/Epic Games/4.10/Engine/Binaries/Win64/../../../Engine/Shaders/PostProcessTestImage.usf" 214
"C:/Program Files (x86)/Epic Games/4.10/Engine/Binaries/Win64/../../../Engine/Shaders/PostProcessTemporalAA.usf" 215
"C:/Program Files (x86)/Epic Games/4.10/Engine/Binaries/Win64/../../../Engine/Shaders/PostProcessTemporalCommon.usf" 216
"C:/Program Files (x86)/Epic Games/4.10/Engine/Binaries/Win64/../../../Engine/Shaders/PostProcessSubsurface.usf" 217
"C:/Program Files (x86)/Epic Games/4.10/Engine/Binaries/Win64/../../../Engine/Shaders/SeparableSSS.usf" 218
"C:/Program Files (x86)/Epic Games/4.10/Engine/Binaries/Win64/../../../Engine/Shaders/PostProcessSelectionOutline.usf" 219
"C:/Program Files (x86)/Epic Games/4.10/Engine/Binaries/Win64/../../../Engine/Shaders/PostProcessSceneColorFringe.usf" 220
"C:/Program Files (x86)/Epic Games/4.10/Engine/Binaries/Win64/../../../Engine/Shaders/PostProcessNoiseBlur.usf" 221
"C:/Program Files (x86)/Epic Games/4.10/Engine/Binaries/Win64/../../../Engine/Shaders/PostProcessMotionBlur.usf" 222
"C:/Program Files (x86)/Epic Games/4.10/Engine/Binaries/Win64/../../../Engine/Shaders/FastMath.usf" 223
"C:/Program Files (x86)/Epic Games/4.10/Engine/Binaries/Win64/../../../Engine/Shaders/PostProcessVelocityFlatten.usf" 224
"C:/Program Files (x86)/Epic Games/4.10/Engine/Binaries/Win64/../../../Engine/Shaders/PostProcessMobile.usf" 225
"C:/Program Files (x86)/Epic Games/4.10/Engine/Binaries/Win64/../../../Engine/Shaders/PostProcessMaterialShaders.usf" 226
"C:/Program Files (x86)/Epic Games/4.10/Engine/Binaries/Win64/../../../Engine/Shaders/PostProcessLensFlares.usf" 227
"C:/Program Files (x86)/Epic Games/4.10/Engine/Binaries/Win64/../../../Engine/Shaders/PostProcessLensBlur.usf" 228
"C:/Program Files (x86)/Epic Games/4.10/Engine/Binaries/Win64/../../../Engine/Shaders/PostProcessBloom.usf" 229
"C:/Program Files (x86)/Epic Games/4.10/Engine/Binaries/Win64/../../../Engine/Shaders/PostProcessHMD.usf" 230
"C:/Program Files (x86)/Epic Games/4.10/Engine/Binaries/Win64/../../../Engine/Shaders/PostProcessHistogramReduce.usf" 231
"C:/Program Files (x86)/Epic Games/4.10/Engine/Binaries/Win64/../../../Engine/Shaders/PostProcessHistogram.usf" 232
"C:/Program Files (x86)/Epic Games/4.10/Engine/Binaries/Win64/../../../Engine/Shaders/PostProcessHierarchical.usf" 233
"C:/Program Files (x86)/Epic Games/4.10/Engine/Binaries/Win64/../../../Engine/Shaders/PostProcessGBufferHints.usf" 234
"C:/Program Files (x86)/Epic Games/4.10/Engine/Binaries/Win64/../../../Engine/Shaders/PostProcessEyeAdaptation.usf" 235
"C:/Program Files (x86)/Epic Games/4.10/Engine/Binaries/Win64/../../../Engine/Shaders/PostProcessDownsample.usf" 236
"C:/Program Files (x86)/Epic Games/4.10/Engine/Binaries/Win64/../../../Engine/Shaders/PostProcessDOF.usf" 237
"C:/Program Files (x86)/Epic Games/4.10/Engine/Binaries/Win64/../../../Engine/Shaders/PostProcessCompositeEditorPrimitives.usf" 238
"C:/Program Files (x86)/Epic Games/4.10/Engine/Binaries/Win64/../../../Engine/Shaders/PostProcessCombineLUTs.usf" 239
"C:/Program Files (x86)/Epic Games/4.10/Engine/Binaries/Win64/../../../Engine/Shaders/PostProcessCircleDOF.usf" 240
"C:/Program Files (x86)/Epic Games/4.10/Engine/Binaries/Win64/../../../Engine/Shaders/CircleDOFCommon.usf" 241
"C:/Program Files (x86)/Epic Games/4.10/Engine/Binaries/Win64/../../../Engine/Shaders/PostProcessBusyWait.usf" 242
"C:/Program Files (x86)/Epic Games/4.10/Engine/Binaries/Win64/../../../Engine/Shaders/PostProcessBokehDOF.usf" 243
"C:/Program Files (x86)/Epic Games/4.10/Engine/Binaries/Win64/../../../Engine/Shaders/PostProcessVisualizeDOF.usf" 244
"C:/Program Files (x86)/Epic Games/4.10/Engine/Binaries/Win64/../../../Engine/Shaders/FXAAShader.usf" 245
"C:/Program Files (x86)/Epic Games/4.10/Engine/Binaries/Win64/../../../Engine/Shaders/Fxaa3_11.usf" 246
"C:/Program Files (x86)/Epic Games/4.10/Engine/Binaries/Win64/../../../Engine/Shaders/PostProcessPassThrough.usf" 247
"C:/Program Files (x86)/Epic Games/4.10/Engine/Binaries/Win64/../../../Engine/Shaders/PostProcessLpvIndirect.usf" 248
"C:/Program Files (x86)/Epic Games/4.10/Engine/Binaries/Win64/../../../Engine/Shaders/DeferredLightingCommon.usf" 249
"C:/Program Files (x86)/Epic Games/4.10/Engine/Binaries/Win64/../../../Engine/Shaders/DynamicLightingCommon.usf" 250
"C:/Program Files (x86)/Epic Games/4.10/Engine/Binaries/Win64/../../../Engine/Shaders/ShadingModels.usf" 251
"C:/Program Files (x86)/Epic Games/4.10/Engine/Binaries/Win64/../../../Engine/Shaders/LPVFinalPass.usf" 252
"C:/Program Files (x86)/Epic Games/4.10/Engine/Binaries/Win64/../../../Engine/Shaders/LPVCommon.usf" 253
"C:/Program Files (x86)/Epic Games/4.10/Engine/Binaries/Win64/../../../Engine/Shaders/DeferredDecal.usf" 254
"C:/Program Files (x86)/Epic Games/4.10/Engine/Binaries/Win64/../../../Engine/Shaders/PostProcessAmbientOcclusion.usf" 255
"C:/Program Files (x86)/Epic Games/4.10/Engine/Binaries/Win64/../../../Engine/Shaders/PostProcessAmbient.usf" 256
"C:/Program Files (x86)/Epic Games/4.10/Engine/Binaries/Win64/../../../Engine/Shaders/CubemapCommon.usf" 257
"C:/Program Files (x86)/Epic Games/4.10/Engine/Binaries/Win64/../../../Engine/Shaders/VelocityShader.usf" 258
"C:/Program Files (x86)/Epic Games/4.10/Engine/Binaries/Win64/../../../Engine/Shaders/VelocityCommon.usf" 259
"C:/Program Files (x86)/Epic Games/4.10/Engine/Binaries/Win64/../../../Engine/Shaders/Tessellation.usf" 260
"C:/Program Files (x86)/Epic Games/4.10/Engine/Binaries/Win64/../../../Engine/Shaders/FlatTessellation.usf" 261
"C:/Program Files (x86)/Epic Games/4.10/Engine/Binaries/Win64/../../../Engine/Shaders/PNTriangles.usf" 262
"C:/Program Files (x86)/Epic Games/4.10/Engine/Binaries/Win64/../../../Engine/Shaders/TranslucentLightingShaders.usf" 263
"C:/Program Files (x86)/Epic Games/4.10/Engine/Binaries/Win64/../../../Engine/Shaders/SHCommon.usf" 264
"C:/Program Files (x86)/Epic Games/4.10/Engine/Binaries/Win64/../../../Engine/Shaders/ShadowProjectionCommon.usf" 265
"C:/Program Files (x86)/Epic Games/4.10/Engine/Binaries/Win64/../../../Engine/Shaders/TranslucentLightInjectionShaders.usf" 266
"C:/Program Files (x86)/Epic Games/4.10/Engine/Binaries/Win64/../../../Engine/Shaders/LightFunctionCommon.usf" 267
"C:/Program Files (x86)/Epic Games/4.10/Engine/Binaries/Win64/../../../Engine/Shaders/TranslucentShadowDepthShaders.usf" 268
"C:/Program Files (x86)/Epic Games/4.10/Engine/Binaries/Win64/../../../Engine/Shaders/ShadowDepthCommon.usf" 269
"C:/Program Files (x86)/Epic Games/4.10/Engine/Binaries/Win64/../../../Engine/Shaders/TiledDeferredLightShaders.usf" 270
"C:/Program Files (x86)/Epic Games/4.10/Engine/Binaries/Win64/../../../Engine/Shaders/SurfelTree.usf" 271
"C:/Program Files (x86)/Epic Games/4.10/Engine/Binaries/Win64/../../../Engine/Shaders/DistanceFieldLightingShared.usf" 272
"C:/Program Files (x86)/Epic Games/4.10/Engine/Binaries/Win64/../../../Engine/Shaders/SurfelMaterialShared.usf" 273
"C:/Program Files (x86)/Epic Games/4.10/Engine/Binaries/Win64/../../../Engine/Shaders/DistanceFieldAOShared.usf" 274
"C:/Program Files (x86)/Epic Games/4.10/Engine/Binaries/Win64/../../../Engine/Shaders/ShadowProjectionPixelShader.usf" 275
"C:/Program Files (x86)/Epic Games/4.10/Engine/Binaries/Win64/../../../Engine/Shaders/ShadowFilteringCommon.usf" 276
"C:/Program Files (x86)/Epic Games/4.10/Engine/Binaries/Win64/../../../Engine/Shaders/ShadowProjectionVertexShader.usf" 277
"C:/Program Files (x86)/Epic Games/4.10/Engine/Binaries/Win64/../../../Engine/Shaders/ShadowDepthPixelShader.usf" 278
"C:/Program Files (x86)/Epic Games/4.10/Engine/Binaries/Win64/../../../Engine/Shaders/LPVWriteVplCommon.usf" 279
"C:/Program Files (x86)/Epic Games/4.10/Engine/Binaries/Win64/../../../Engine/Shaders/LPVWriteCommon.usf" 280
"C:/Program Files (x86)/Epic Games/4.10/Engine/Binaries/Win64/../../../Engine/Shaders/ShadowDepthVertexShader.usf" 281
"C:/Program Files (x86)/Epic Games/4.10/Engine/Binaries/Win64/../../../Engine/Shaders/ShaderComplexityApplyPixelShader.usf" 282
"C:/Program Files (x86)/Epic Games/4.10/Engine/Binaries/Win64/../../../Engine/Shaders/ShaderComplexityApplyVertexShader.usf" 283
"C:/Program Files (x86)/Epic Games/4.10/Engine/Binaries/Win64/../../../Engine/Shaders/ShaderComplexityAccumulatePixelShader.usf" 284
"C:/Program Files (x86)/Epic Games/4.10/Engine/Binaries/Win64/../../../Engine/Shaders/HZBOcclusion.usf" 285
"C:/Program Files (x86)/Epic Games/4.10/Engine/Binaries/Win64/../../../Engine/Shaders/OcclusionQueryVertexShader.usf" 286
"C:/Program Files (x86)/Epic Games/4.10/Engine/Binaries/Win64/../../../Engine/Shaders/HitProxyPixelShader.usf" 287
"C:/Program Files (x86)/Epic Games/4.10/Engine/Binaries/Win64/../../../Engine/Shaders/HitProxyVertexShader.usf" 288
"C:/Program Files (x86)/Epic Games/4.10/Engine/Binaries/Win64/../../../Engine/Shaders/ReflectionEnvironmentShaders.usf" 289
"C:/Program Files (x86)/Epic Games/4.10/Engine/Binaries/Win64/../../../Engine/Shaders/ReflectionEnvironmentShared.usf" 290
"C:/Program Files (x86)/Epic Games/4.10/Engine/Binaries/Win64/../../../Engine/Shaders/SkyLightingShared.usf" 291
"C:/Program Files (x86)/Epic Games/4.10/Engine/Binaries/Win64/../../../Engine/Shaders/ReflectionEnvironmentComputeShaders.usf" 292
"C:/Program Files (x86)/Epic Games/4.10/Engine/Binaries/Win64/../../../Engine/Shaders/LightShaftShader.usf" 293
"C:/Program Files (x86)/Epic Games/4.10/Engine/Binaries/Win64/../../../Engine/Shaders/StationaryLightOverlapShaders.usf" 294
"C:/Program Files (x86)/Epic Games/4.10/Engine/Binaries/Win64/../../../Engine/Shaders/DeferredLightPixelShaders.usf" 295
"C:/Program Files (x86)/Epic Games/4.10/Engine/Binaries/Win64/../../../Engine/Shaders/DeferredLightVertexShaders.usf" 296
"C:/Program Files (x86)/Epic Games/4.10/Engine/Binaries/Win64/../../../Engine/Shaders/LPVVisualise.usf" 297
"C:/Program Files (x86)/Epic Games/4.10/Engine/Binaries/Win64/../../../Engine/Shaders/LPVGeometryVolumeCommon.usf" 298
"C:/Program Files (x86)/Epic Games/4.10/Engine/Binaries/Win64/../../../Engine/Shaders/LPVDirectLightInject.usf" 299
"C:/Program Files (x86)/Epic Games/4.10/Engine/Binaries/Win64/../../../Engine/Shaders/LPVPropagate.usf" 300
"C:/Program Files (x86)/Epic Games/4.10/Engine/Binaries/Win64/../../../Engine/Shaders/LPVPacking.usf" 301
"C:/Program Files (x86)/Epic Games/4.10/Engine/Binaries/Win64/../../../Engine/Shaders/LPVBuildGeometryVolume.usf" 302
"C:/Program Files (x86)/Epic Games/4.10/Engine/Binaries/Win64/../../../Engine/Shaders/LpvDirectionalOcclusion.usf" 303
"C:/Program Files (x86)/Epic Games/4.10/Engine/Binaries/Win64/../../../Engine/Shaders/LPVInject_AccumulateVplLists.usf" 304
"C:/Program Files (x86)/Epic Games/4.10/Engine/Binaries/Win64/../../../Engine/Shaders/LPVInject_GenerateVplLists.usf" 305
"C:/Program Files (x86)/Epic Games/4.10/Engine/Binaries/Win64/../../../Engine/Shaders/LPVClearLists.usf" 306
"C:/Program Files (x86)/Epic Games/4.10/Engine/Binaries/Win64/../../../Engine/Shaders/LPVClear.usf" 307
"C:/Program Files (x86)/Epic Games/4.10/Engine/Binaries/Win64/../../../Engine/Shaders/LightMapDensityShader.usf" 308
"C:/Program Files (x86)/Epic Games/4.10/Engine/Binaries/Win64/../../../Engine/Shaders/LightFunctionPixelShader.usf" 309
"C:/Program Files (x86)/Epic Games/4.10/Engine/Binaries/Win64/../../../Engine/Shaders/LightFunctionVertexShader.usf" 310
"C:/Program Files (x86)/Epic Games/4.10/Engine/Binaries/Win64/../../../Engine/Shaders/HeightfieldLighting.usf" 311
"C:/Program Files (x86)/Epic Games/4.10/Engine/Binaries/Win64/../../../Engine/Shaders/DistanceFieldShadowingShared.usf" 312
"C:/Program Files (x86)/Epic Games/4.10/Engine/Binaries/Win64/../../../Engine/Shaders/HdrCustomResolveShaders.usf" 313
"C:/Program Files (x86)/Epic Games/4.10/Engine/Binaries/Win64/../../../Engine/Shaders/GPUBenchmark.usf" 314
"C:/Program Files (x86)/Epic Games/4.10/Engine/Binaries/Win64/../../../Engine/Shaders/GlobalDistanceField.usf" 315
"C:/Program Files (x86)/Epic Games/4.10/Engine/Binaries/Win64/../../../Engine/Shaders/GammaCorrection.usf" 316
"C:/Program Files (x86)/Epic Games/4.10/Engine/Binaries/Win64/../../../Engine/Shaders/BasePassForForwardShadingPixelShader.usf" 317
"C:/Program Files (x86)/Epic Games/4.10/Engine/Binaries/Win64/../../../Engine/Shaders/BasePassForForwardShadingCommon.usf" 318
"C:/Program Files (x86)/Epic Games/4.10/Engine/Binaries/Win64/../../../Engine/Shaders/LightmapCommon.usf" 319
"C:/Program Files (x86)/Epic Games/4.10/Engine/Binaries/Win64/../../../Engine/Shaders/BasePassForForwardShadingVertexShader.usf" 320
"C:/Program Files (x86)/Epic Games/4.10/Engine/Binaries/Win64/../../../Engine/Shaders/HeightFogCommon.usf" 321
"C:/Program Files (x86)/Epic Games/4.10/Engine/Binaries/Win64/../../../Engine/Shaders/HeightFogPixelShader.usf" 322
"C:/Program Files (x86)/Epic Games/4.10/Engine/Binaries/Win64/../../../Engine/Shaders/HeightFogVertexShader.usf" 323
"C:/Program Files (x86)/Epic Games/4.10/Engine/Binaries/Win64/../../../Engine/Shaders/DistortAccumulatePS.usf" 324
"C:/Program Files (x86)/Epic Games/4.10/Engine/Binaries/Win64/../../../Engine/Shaders/DistortAccumulateVS.usf" 325
"C:/Program Files (x86)/Epic Games/4.10/Engine/Binaries/Win64/../../../Engine/Shaders/DistortApplyScreenPS.usf" 326
"C:/Program Files (x86)/Epic Games/4.10/Engine/Binaries/Win64/../../../Engine/Shaders/DistanceFieldSurfaceCacheLighting.usf" 327
"C:/Program Files (x86)/Epic Games/4.10/Engine/Binaries/Win64/../../../Engine/Shaders/SkyLighting.usf" 328
"C:/Program Files (x86)/Epic Games/4.10/Engine/Binaries/Win64/../../../Engine/Shaders/DistanceFieldSurfaceCacheLightingCompute.usf" 329
"C:/Program Files (x86)/Epic Games/4.10/Engine/Binaries/Win64/../../../Engine/Shaders/DistanceFieldShadowing.usf" 330
"C:/Program Files (x86)/Epic Games/4.10/Engine/Binaries/Win64/../../../Engine/Shaders/DistanceFieldScreenGridLighting.usf" 331
"C:/Program Files (x86)/Epic Games/4.10/Engine/Binaries/Win64/../../../Engine/Shaders/DistanceFieldLightingPost.usf" 332
"C:/Program Files (x86)/Epic Games/4.10/Engine/Binaries/Win64/../../../Engine/Shaders/DistanceFieldGlobalIllumination.usf" 333
"C:/Program Files (x86)/Epic Games/4.10/Engine/Binaries/Win64/../../../Engine/Shaders/DepthOnlyPixelShader.usf" 334
"C:/Program Files (x86)/Epic Games/4.10/Engine/Binaries/Win64/../../../Engine/Shaders/DepthOnlyVertexShader.usf" 335
"C:/Program Files (x86)/Epic Games/4.10/Engine/Binaries/Win64/../../../Engine/Shaders/PositionOnlyDepthVertexShader.usf" 336
"C:/Program Files (x86)/Epic Games/4.10/Engine/Binaries/Win64/../../../Engine/Shaders/DownsampleDepthPixelShader.usf" 337
"C:/Program Files (x86)/Epic Games/4.10/Engine/Binaries/Win64/../../../Engine/Shaders/EvaluateSurfelMaterial.usf" 338
"C:/Program Files (x86)/Epic Games/4.10/Engine/Binaries/Win64/../../../Engine/Shaders/ConvertToUniformMesh.usf" 339
"C:/Program Files (x86)/Epic Games/4.10/Engine/Binaries/Win64/../../../Engine/Shaders/BasePassPixelShader.usf" 340
"C:/Program Files (x86)/Epic Games/4.10/Engine/Binaries/Win64/../../../Engine/Shaders/BasePassCommon.usf" 341
"C:/Program Files (x86)/Epic Games/4.10/Engine/Binaries/Win64/../../../Engine/Shaders/ForEachLight.usf" 342
"C:/Program Files (x86)/Epic Games/4.10/Engine/Binaries/Win64/../../../Engine/Shaders/BasePassVertexShader.usf" 343
"C:/Program Files (x86)/Epic Games/4.10/Engine/Binaries/Win64/../../../Engine/Shaders/BasePassVertexCommon.usf" 344
"C:/Program Files (x86)/Epic Games/4.10/Engine/Binaries/Win64/../../../Engine/Shaders/BasePassTessellationShaders.usf" 345
"C:/Program Files (x86)/Epic Games/4.10/Engine/Binaries/Win64/../../../Engine/Shaders/AtmospherePrecompute.usf" 346
"C:/Program Files (x86)/Epic Games/4.10/Engine/Binaries/Win64/../../../Engine/Shaders/AtmospherePrecomputeCommon.usf" 347
"C:/Program Files (x86)/Epic Games/4.10/Engine/Binaries/Win64/../../../Engine/Shaders/AtmospherePrecomputeInscatter.usf" 348
"C:/Program Files (x86)/Epic Games/4.10/Engine/Binaries/Win64/../../../Engine/Shaders/AtmosphericFogShader.usf" 349
"C:/Program Files (x86)/Epic Games/4.10/Engine/Binaries/Win64/../../../Engine/Shaders/ResolveVertexShader.usf" 350
"C:/Program Files (x86)/Epic Games/4.10/Engine/Binaries/Win64/../../../Engine/Shaders/ResolvePixelShader.usf" 351
"C:/Program Files (x86)/Epic Games/4.10/Engine/Binaries/Win64/../../../Engine/Shaders/OneColorShader.usf" 352
"C:/Program Files (x86)/Epic Games/4.10/Engine/Binaries/Win64/../../../Engine/Shaders/MediaShaders.usf" 353
"C:/Program Files (x86)/Epic Games/4.10/Engine/Binaries/Win64/../../../Engine/Shaders/ClearReplacementShaders.usf" 354
"../../../Engine/Config/Android/AndroidEngine.ini" 355
"../../../Engine/Config/IOS/IOSEngine.ini" 356
"../../../Engine/Config/Linux/LinuxEngine.ini" 357
"C:/Users/u1011565/AppData/Local/UnrealEngine/4.10/DerivedDataCache/Boot.ddc" 358
"../../../Engine/DerivedDataCache/Compressed.ddp" 359
"../../../Engine/Content/EditorResources/S_Actor.uasset" 360
"C:/Users/u1011565/Documents/GitHub/HideAndSeek/Saved/Config/Windows/GameplayTags.ini" 361
"../../../../../../Users/u1011565/Documents/GitHub/HideAndSeek/Intermediate/Config/CoalescedSourceConfigs/GameplayTags.ini" 362
"C:/Users/u1011565/Documents/GitHub/HideAndSeek/Saved/Config/Windows/TemplateDefs.ini" 363
"../../../../../../Users/u1011565/Documents/GitHub/HideAndSeek/Intermediate/Config/CoalescedSourceConfigs/TemplateDefs.ini" 364
"../../../Engine/Content/Maps/Templates/Thumbnails/Default.uasset" 365
"../../../Engine/Content/EditorMaterials/ParticleSystems/PSysThumbnail_NoImage.uasset" 366
"../../../Engine/Content/EditorMaterials/ParticleSystems/PSysThumbnail_OOD.uasset" 367
"../../../Engine/Content/EditorLandscapeResources/DataLayer.uasset" 368
"../../../Engine/Content/EngineFonts/Roboto.uasset" 369
"../../../Engine/Content/EngineMaterials/Widget3DPassThrough_Translucent.uasset" 370
"../../../Engine/Content/EngineMaterials/Widget3DPassThrough.uasset" 371
"../../../Engine/Content/Functions/Engine_MaterialFunctions02/Texturing/ScreenAlignedUVs.uasset" 372
"../../../Engine/Content/EngineResources/WhiteSquareTexture.uasset" 373
"../../../Engine/Content/Functions/Engine_MaterialFunctions01/Shading/PowerToRoughness.uasset" 374
"../../../Engine/Content/Functions/Engine_MaterialFunctions01/Shading/ConvertFromDiffSpec.uasset" 375
"../../../Engine/Content/EngineMaterials/WorldGridMaterial.uasset" 376
"../../../Engine/Content/Functions/Engine_MaterialFunctions01/Opacity/CameraDepthFade.uasset" 377
"../../../Engine/Content/EngineMaterials/T_Default_Material_Grid_M.uasset" 378
"../../../Engine/Content/EngineMaterials/T_Default_Material_Grid_N.uasset" 379
"../../../Engine/Content/EngineMaterials/DefaultDeferredDecalMaterial.uasset" 380
"../../../Engine/Content/EngineMaterials/DefaultDiffuse.uasset" 381
"../../../Engine/Content/EngineMaterials/DefaultLightFunctionMaterial.uasset" 382
"../../../Engine/Content/EngineMaterials/DefaultPostProcessMaterial.uasset" 383
"../../../Engine/Content/Functions/Engine_MaterialFunctions02/Utility/BreakOutFloat2Components.uasset" 384
"../../../Engine/Content/EngineResources/DefaultTexture.uasset" 385
"../../../Engine/Content/EngineMaterials/Widget3DPassThrough_Translucent_OneSided.uasset" 386
"../../../Engine/Content/EngineMaterials/Widget3DPassThrough_Opaque.uasset" 387
"../../../Engine/Content/EngineMaterials/Widget3DPassThrough_Opaque_OneSided.uasset" 388
"../../../Engine/Content/EngineMaterials/Widget3DPassThrough_Masked.uasset" 389
"../../../Engine/Content/EngineMaterials/Widget3DPassThrough_Masked_OneSided.uasset" 390
"../../../Engine/Content/EngineDamageTypes/DmgTypeBP_Environmental.uasset" 391
"..\..\..\Engine\Content\Internationalization\icudt53l\numberingSystems.res" 392
"..\..\..\Engine\Content\Internationalization\icudt53l\curr\supplementalData.res" 393
"..\..\..\Engine\Content\Internationalization\icudt53l\curr\pool.res" 394
"..\..\..\Engine\Content\Internationalization\icudt53l\curr\en.res" 395
"..\..\..\Engine\Content\Internationalization\icudt53l\curr\root.res" 396
"../../../Engine/Content/EngineMeshes/Sphere.uasset" 397
"../../../Engine/Content/EngineFonts/RobotoDistanceField.uasset" 398
"../../../Engine/Content/EngineMaterials/DefaultTextMaterialOpaque.uasset" 399
"../../../Engine/Content/EditorResources/S_Trigger.uasset" 400
"../../../Engine/Content/EngineResources/GradientTexture0.uasset" 401
"../../../Engine/Content/EngineResources/Black.uasset" 402
"../../../Engine/Content/EditorMaterials/MatineeGroups/MAT_Groups_Float.uasset" 403
"../../../Engine/Content/EditorMaterials/MatineeGroups/MAT_Groups_Director.uasset" 404
"../../../Engine/Content/EditorMaterials/MatineeGroups/MAT_Groups_Event.uasset" 405
"../../../Engine/Content/EditorMaterials/MatineeGroups/MAT_Groups_Anim.uasset" 406
"../../../Engine/Content/EditorMaterials/MatineeGroups/MAT_Groups_Fade.uasset" 407
"../../../Engine/Content/EditorMaterials/MatineeGroups/MAT_Groups_Move.uasset" 408
"../../../Engine/Content/EditorMaterials/MatineeGroups/MAT_Groups_Slomo.uasset" 409
"../../../Engine/Content/EditorMaterials/MatineeGroups/MAT_ColorTrack.uasset" 410
"../../../Engine/Content/EditorMaterials/MAT_Groups_Toggle.uasset" 411
"../../../Engine/Content/EditorMaterials/MatineeGroups/MAT_Groups_AudioMaster.uasset" 412
"../../../Engine/Content/EditorMaterials/MatineeGroups/MAT_Groups_Sound.uasset" 413
"../../../Engine/Content/EditorMaterials/MatineeGroups/MAT_Groups_Vector.uasset" 414
"../../../Engine/Content/EditorMaterials/MAT_Groups_Visibility.uasset" 415
"../../../Engine/Content/EngineResources/DefaultTextureCube.uasset" 416
"../../../Engine/Content/EngineSounds/Master.uasset" 417
"../../../Engine/Content/EngineSounds/Music.uasset" 418
"../../../Engine/Content/EngineSounds/SFX.uasset" 419
"../../../Engine/Content/EngineSounds/Normal_Attack.uasset" 420
"../../../Engine/Content/EngineSounds/Special_Attack_PSM.uasset" 421
"../../../Engine/Content/EngineSounds/Duck_Normal_Attack_MixMod.uasset" 422
"../../../Engine/Content/EngineSounds/Voice.uasset" 423
"../../../Engine/Content/EngineMeshes/Cylinder.uasset" 424
"../../../Engine/Content/EngineMaterials/DefaultMaterial.uasset" 425
"../../../Engine/Content/EngineTireTypes/DefaultTireType.uasset" 426
"../../../Engine/Content/Editor/Slate/Fonts/FontAwesome.ttf" 427
"../../../Engine/Content/Editor/Slate/Fonts/DroidSansMono.ttf" 428
"../../../Engine/Content/Editor/Slate/Fonts/Roboto-BoldCondensed.ttf" 429
"../../../Engine/Content/Editor/Slate/Fonts/Roboto-Black.ttf" 430
"../../../Engine/Content/Editor/Slate/Fonts/Roboto-Italic.ttf" 431
"../../../Engine/Content/Editor/Slate/Fonts/Roboto-BoldCondensedItalic.ttf" 432
"..\..\..\Engine\Content\Internationalization\icudt53l\coll\ucadata.icu" 433
"..\..\..\Engine\Content\Internationalization\icudt53l\nfc.nrm" 434
"..\..\..\Engine\Content\Internationalization\icudt53l\coll\en_US.res" 435
"..\..\..\Engine\Content\Internationalization\icudt53l\coll\en.res" 436
"..\..\..\Engine\Content\Internationalization\icudt53l\coll\root.res" 437
"../../../Engine/Content/EngineResources/AICON-Red.uasset" 438
"../../../Engine/Content/EngineResources/AICON-Green.uasset" 439
"../../../Engine/Content/Tutorial/Basics/LevelEditorAttract.uasset" 440
"../../../Engine/Content/Tutorial/Basics/LevelEditorOverview.uasset" 441
"../../../Engine/Content/Tutorial/Basics/TutorialAssets/icon_tab_Levels_40x.uasset" 442
"../../../Engine/Content/Tutorial/BlueprintTutorials/BlueprintEditorTutorial.uasset" 443
"../../../Engine/Content/Tutorial/BlueprintTutorials/TutorialAssets/Blueprint_64x.uasset" 444
"../../../Engine/Content/Tutorial/ContentIntroCurve.uasset" 445
"../../../Engine/Plugins/2D/Paper2D/Content/MaskedUnlitSpriteMaterial.uasset" 446
"../../../Engine/Plugins/2D/Paper2D/Content/DefaultSpriteMaterial.uasset" 447
"../../../Engine/Plugins/2D/Paper2D/Content/PlaceholderTextures/DummySpriteTexture.uasset" 448
"../../../Engine/Plugins/2D/Paper2D/Content/OpaqueUnlitSpriteMaterial.uasset" 449
"../../../Engine/Plugins/2D/Paper2D/Content/DefaultPaperTerrainMaterial.uasset" 450
"../../../Engine/Plugins/2D/Paper2D/Content/DummySprite.uasset" 451
"../../../Engine/Plugins/2D/Paper2D/Content/DummySpriteTexture.uasset" 452
"C:/Users/u1011565/AppData/Local/UnrealEngine/4.10/Saved/Config/Windows/SourceControlSettings.ini" 453
"../../../../../../Users/u1011565/Documents/GitHub/HideAndSeek/Intermediate/Config/CoalescedSourceConfigs/SourceControlSettings.ini" 454
"C:/Users/u1011565/Documents/GitHub/HideAndSeek/Saved/Config/Windows/SourceControlSettings.ini" 455
"../../../Engine/Plugins/Runtime/LeapMotionController/Content/LM_CapsuleMesh.uasset" 456
"../../../Engine/Plugins/Runtime/LeapMotionController/Content/LM_TorusMesh.uasset" 457
"../../../Engine/Plugins/Runtime/LeapMotionController/Content/LM_HandColor.uasset" 458
"../../../Engine/Plugins/Runtime/LeapMotionController/Content/LM_PassthroughMaterial.uasset" 459
"../../../Engine/Plugins/Runtime/LeapMotionController/Content/LM_SampleDistortion.uasset" 460
"../../../Engine/Plugins/Runtime/LeapMotionController/Content/LM_TestTexture.uasset" 461
"../../../Engine/Content/BasicShapes/Cube.uasset" 462
"../../../Engine/Content/EngineMaterials/RemoveSurfaceMaterial.uasset" 463
"../../../Engine/Content/EngineDebugMaterials/DebugMeshMaterial.uasset" 464
"../../../Engine/Content/EngineMaterials/M_InvalidLightmapSettings.uasset" 465
"../../../Engine/Content/EngineMaterials/InvalidLightmapSettings.uasset" 466
"../../../Engine/Content/EditorMaterials/GizmoMaterial.uasset" 467
"../../../Engine/Content/EngineMaterials/Good64x64TilingNoiseHighFreq.uasset" 468
"../../../Engine/Content/EngineMaterials/DefaultBokeh.uasset" 469
"../../../Engine/Content/EngineMaterials/PreintegratedSkinBRDF.uasset" 470
"../../../Engine/Content/EngineMaterials/MiniFont.uasset" 471
"../../../Engine/Content/EngineMaterials/WeightMapPlaceholderTexture.uasset" 472
"../../../Engine/Content/EngineMaterials/DefaultWhiteGrid.uasset" 473
"../../../Engine/Content/EngineMaterials/DefaultPhysicalMaterial.uasset" 474
"../../../Engine/Content/EngineFonts/RobotoTiny.uasset" 475
"../../../../../../Users/u1011565/Documents/GitHub/HideAndSeek/Intermediate/CachedAssetRegistry.bin" 476
"../../../../../../Users/u1011565/Documents/GitHub/HideAndSeek/Content/Blueprints/Arpit/After_Lobby_GameMode.uasset" 477
"../../../../../../Users/u1011565/Documents/GitHub/HideAndSeek/Content/Blueprints/Arpit/Arpit_Test_Character.uasset" 478
"../../../../../../Users/u1011565/Documents/GitHub/HideAndSeek/Content/Blueprints/Arpit/HiderSeekerSelection.uasset" 479
"../../../../../../Users/u1011565/Documents/GitHub/HideAndSeek/Content/Levels/Arpit/Arpit_Base.umap" 480
"../../../../../../Users/u1011565/Documents/GitHub/HideAndSeek/Saved/Autosaves/Game/Blueprints/Arpit/After_Lobby_GameMode_Auto2.uasset" 481
"../../../../../../Users/u1011565/Documents/GitHub/HideAndSeek/Saved/Autosaves/Game/Blueprints/Arpit/After_Lobby_GameMode_Auto3.uasset" 482
"../../../../../../Users/u1011565/Documents/GitHub/HideAndSeek/Saved/Autosaves/Game/Blueprints/Arpit/After_Lobby_GameMode_Auto4.uasset" 483
"../../../../../../Users/u1011565/Documents/GitHub/HideAndSeek/Saved/Autosaves/Game/Blueprints/Arpit/Arpit_Test_Character_Auto3.uasset" 484
"../../../../../../Users/u1011565/Documents/GitHub/HideAndSeek/Saved/Autosaves/Game/Blueprints/Arpit/Arpit_Test_Character_Auto5.uasset" 485
"../../../../../../Users/u1011565/Documents/GitHub/HideAndSeek/Saved/Autosaves/Game/Blueprints/Arpit/HiderSeekerSelection_Auto2.uasset" 486
"../../../../../../Users/u1011565/Documents/GitHub/HideAndSeek/Saved/Autosaves/Game/Blueprints/Arpit/HiderSeekerSelection_Auto4.uasset" 487
"../../../../../../Users/u1011565/Documents/GitHub/HideAndSeek/Saved/Autosaves/Game/Blueprints/Arpit/MPMenu_Auto1.uasset" 488
"../../../../../../Users/u1011565/Documents/GitHub/HideAndSeek/Saved/Autosaves/Game/Blueprints/Arpit/MPMenu_Auto2.uasset" 489
"../../../../../../Users/u1011565/Documents/GitHub/HideAndSeek/Saved/Autosaves/Game/Blueprints/Arpit/MPMenu_Auto3.uasset" 490
"../../../../../../Users/u1011565/Documents/GitHub/HideAndSeek/Saved/Autosaves/Game/Blueprints/Arpit/MPMenu_Auto4.uasset" 491
"../../../../../../Users/u1011565/Documents/GitHub/HideAndSeek/Saved/Autosaves/Game/Blueprints/Arpit/MultiPlayerLobbyBluePrint_Auto1.uasset" 492
"../../../../../../Users/u1011565/Documents/GitHub/HideAndSeek/Saved/Autosaves/Game/Blueprints/Arpit/NetworkLobbyInstance_Auto1.uasset" 493
"../../../../../../Users/u1011565/Documents/GitHub/HideAndSeek/Saved/Autosaves/Game/Blueprints/Arpit/NetworkLobbyInstance_Auto2.uasset" 494
"../../../../../../Users/u1011565/Documents/GitHub/HideAndSeek/Saved/Autosaves/Game/Blueprints/Arpit/GameInfo/Arpit_Multiplayer_instance_Auto0.uasset" 495
"../../../../../../Users/u1011565/Documents/GitHub/HideAndSeek/Saved/Autosaves/Game/Blueprints/Arpit/GameInfo/Arpit_Multiplayer_instance_Auto4.uasset" 496
"../../../../../../Users/u1011565/Documents/GitHub/HideAndSeek/Saved/Autosaves/Game/Blueprints/Arpit/GameInfo/NetworkLobbyGameMode_Auto1.uasset" 497
"../../../../../../Users/u1011565/Documents/GitHub/HideAndSeek/Saved/Autosaves/Game/Blueprints/Arpit/GameInfo/NewBlueprint_Auto0.uasset" 498
"../../../../../../Users/u1011565/Documents/GitHub/HideAndSeek/Saved/Autosaves/Game/Blueprints/Arpit/NetworkMenu/Lobbby_First_Menu_Auto0.uasset" 499
"../../../../../../Users/u1011565/Documents/GitHub/HideAndSeek/Saved/Autosaves/Game/Blueprints/Arpit/NetworkMenu/Lobbby_First_Menu_Auto1.uasset" 500
"../../../../../../Users/u1011565/Documents/GitHub/HideAndSeek/Saved/Autosaves/Game/Blueprints/Arpit/NetworkMenu/Lobbby_First_Menu_Auto2.uasset" 501
"../../../../../../Users/u1011565/Documents/GitHub/HideAndSeek/Saved/Autosaves/Game/Blueprints/Arpit/NetworkMenu/Lobbby_First_Menu_Auto7.uasset" 502
"../../../../../../Users/u1011565/Documents/GitHub/HideAndSeek/Saved/Autosaves/Game/Blueprints/Arpit/NetworkMenu/Lobbby_First_Menu_Auto8.uasset" 503
"../../../../../../Users/u1011565/Documents/GitHub/HideAndSeek/Saved/Autosaves/Game/Blueprints/Arpit/NetworkMenu/Lobbby_First_Menu_Auto9.uasset" 504
"../../../../../../Users/u1011565/Documents/GitHub/HideAndSeek/Saved/Autosaves/Game/Blueprints/Arpit/NetworkMenu/Inside_Lobby/HiderSeekerSelection_Auto1.uasset" 505
"../../../../../../Users/u1011565/Documents/GitHub/HideAndSeek/Saved/Autosaves/Game/Blueprints/Arpit/NetworkMenu/Inside_Lobby/Lobby_FindServer_Button_Auto0.uasset" 506
"../../../../../../Users/u1011565/Documents/GitHub/HideAndSeek/Saved/Autosaves/Game/Blueprints/Arpit/NetworkMenu/Inside_Lobby/Lobby_Host_Menu_Auto2.uasset" 507
"../../../../../../Users/u1011565/Documents/GitHub/HideAndSeek/Saved/Autosaves/Game/Blueprints/Arpit/NetworkMenu/Inside_Lobby/Lobby_Host_Menu_Auto3.uasset" 508
"../../../../../../Users/u1011565/Documents/GitHub/HideAndSeek/Saved/Autosaves/Game/Blueprints/Arpit/NetworkMenu/Inside_Lobby/Lobby_Host_Menu_Auto5.uasset" 509
"../../../../../../Users/u1011565/Documents/GitHub/HideAndSeek/Saved/Autosaves/Game/Blueprints/Arpit/NetworkMenu/Inside_Lobby/Lobby_Second_Menu_Auto0.uasset" 510
"../../../../../../Users/u1011565/Documents/GitHub/HideAndSeek/Saved/Autosaves/Game/Blueprints/Arpit/NetworkMenu/Inside_Lobby/Lobby_Second_Menu_Auto1.uasset" 511
"../../../../../../Users/u1011565/Documents/GitHub/HideAndSeek/Saved/Autosaves/Game/Blueprints/Arpit/NetworkMenu/Inside_Lobby/Lobby_Second_Menu_Auto2.uasset" 512
"../../../../../../Users/u1011565/Documents/GitHub/HideAndSeek/Saved/Autosaves/Game/Blueprints/Arpit/NetworkMenu/Inside_Lobby/Lobby_Second_Menu_Auto3.uasset" 513
"../../../../../../Users/u1011565/Documents/GitHub/HideAndSeek/Saved/Autosaves/Game/Blueprints/Arpit/NetworkMenu/Inside_Lobby/Lobby_Second_Menu_Auto4.uasset" 514
"../../../../../../Users/u1011565/Documents/GitHub/HideAndSeek/Saved/Autosaves/Game/Blueprints/Arpit/NetworkMenu/Inside_Lobby/Lobby_Second_Menu_Auto5.uasset" 515
"../../../../../../Users/u1011565/Documents/GitHub/HideAndSeek/Saved/Autosaves/Game/Blueprints/Arpit/NetworkMenu/Inside_Lobby/Lobby_Second_Menu_Auto6.uasset" 516
"../../../../../../Users/u1011565/Documents/GitHub/HideAndSeek/Saved/Autosaves/Game/Blueprints/Arpit/NetworkMenu/Inside_Lobby/Lobby_Second_Menu_Auto7.uasset" 517
"../../../../../../Users/u1011565/Documents/GitHub/HideAndSeek/Saved/Autosaves/Game/Blueprints/Arpit/NetworkMenu/Inside_Lobby/Lobby_Server_Browser_Auto0.uasset" 518
"../../../../../../Users/u1011565/Documents/GitHub/HideAndSeek/Saved/Autosaves/Game/Blueprints/Arpit/NetworkMenu/Inside_Lobby/Lobby_Server_Browser_Auto1.uasset" 519
"../../../../../../Users/u1011565/Documents/GitHub/HideAndSeek/Saved/Autosaves/Game/Blueprints/Arpit/NetworkMenu/Inside_Lobby/Lobby_Server_Browser_Auto2.uasset" 520
"../../../../../../Users/u1011565/Documents/GitHub/HideAndSeek/Saved/Autosaves/Game/Blueprints/Arpit/NetworkMenu/Inside_Lobby/Lobby_Server_Browser_Auto3.uasset" 521
"../../../../../../Users/u1011565/Documents/GitHub/HideAndSeek/Saved/Autosaves/Game/Blueprints/Arpit/NetworkMenu/Inside_Lobby/Lobby_Server_Browser_Auto4.uasset" 522
"../../../../../../Users/u1011565/Documents/GitHub/HideAndSeek/Saved/Autosaves/Game/Blueprints/Arpit/NetworkMenu/Inside_Lobby/Lobby_Server_Browser_Auto5.uasset" 523
"../../../../../../Users/u1011565/Documents/GitHub/HideAndSeek/Saved/Autosaves/Game/Blueprints/Arpit/NetworkMenu/Inside_Lobby/Lobby_Server_Browser_Auto6.uasset" 524
"../../../../../../Users/u1011565/Documents/GitHub/HideAndSeek/Saved/Autosaves/Game/Blueprints/Arpit/NetworkMenu/Inside_Lobby/Lobby_Server_Browser_Auto7.uasset" 525
"../../../../../../Users/u1011565/Documents/GitHub/HideAndSeek/Saved/Autosaves/Game/Blueprints/Arpit/NetworkMenu/Inside_Lobby/Lobby_Server_Browser_Auto8.uasset" 526
"../../../../../../Users/u1011565/Documents/GitHub/HideAndSeek/Saved/Autosaves/Game/Blueprints/Arpit/NetworkMenu/Inside_Lobby/Lobby_Server_Browser_Auto9.uasset" 527
"../../../../../../Users/u1011565/Documents/GitHub/HideAndSeek/Saved/Autosaves/Game/Blueprints/Arpit/NetworkMenu/Inside_Lobby/NewWidgetBlueprint_Auto0.uasset" 528
"../../../../../../Users/u1011565/Documents/GitHub/HideAndSeek/Saved/Autosaves/Game/Blueprints/Daniel/TargetArea_Auto1.uasset" 529
"../../../../../../Users/u1011565/Documents/GitHub/HideAndSeek/Saved/Autosaves/Game/Levels/Arpit/Arpit_Base_Auto1.umap" 530
"../../../../../../Users/u1011565/Documents/GitHub/HideAndSeek/Saved/Autosaves/Game/Levels/Arpit/Arpit_Base_Auto2.umap" 531
"../../../../../../Users/u1011565/Documents/GitHub/HideAndSeek/Saved/Autosaves/Game/Levels/Arpit/Arpit_Base_Auto3.umap" 532
"../../../../../../Users/u1011565/Documents/GitHub/HideAndSeek/Saved/Autosaves/Game/Levels/Arpit/Arpit_Base_Auto4.umap" 533
"../../../../../../Users/u1011565/Documents/GitHub/HideAndSeek/Saved/Autosaves/Game/Levels/Arpit/Arpit_Base_Auto5.umap" 534
"../../../../../../Users/u1011565/Documents/GitHub/HideAndSeek/Saved/Autosaves/Game/Levels/Arpit/Arpit_Base_Auto6.umap" 535
"../../../../../../Users/u1011565/Documents/GitHub/HideAndSeek/Saved/Autosaves/Game/Levels/Arpit/Arpit_Lobby_Base_Auto1.umap" 536
"C:/Users/u1011565/Documents/GitHub/HideAndSeek/Saved/Cooked/WindowsNoEditor/HideAndSeek/CookedIniVersion.txt" 537
"../../../Engine/Config/HTML5/HTML5Engine.ini" 538
"../../../Engine/Content/MobileResources/HUD/VirtualJoystick_Thumb.uasset" 539
"../../../../../../Users/u1011565/Documents/GitHub/HideAndSeek/Content/Blueprints/Arpit/GameInfo/Arpit_Multiplayer_instance.uasset" 540
"../../../../../../Users/u1011565/Documents/GitHub/HideAndSeek/Content/Blueprints/Arpit/GameInfo/NetworkLobbyGameMode.uasset" 541
"../../../../../../Users/u1011565/Documents/GitHub/HideAndSeek/Content/GameModes/CaptureThePoint.uasset" 542
"../../../../../../Users/u1011565/Documents/GitHub/HideAndSeek/Content/Blueprints/Arturo/Hider.uasset" 543
"../../../../../../Users/u1011565/Documents/GitHub/HideAndSeek/Content/Blueprints/Arturo/GenericPlayer.uasset" 544
"../../../../../../Users/u1011565/Documents/GitHub/HideAndSeek/Content/Assets/PlayerTemp.uasset" 545
"../../../../../../Users/u1011565/Documents/GitHub/HideAndSeek/Content/Blueprints/Sudeep/HiderAbilities.uasset" 546
"../../../Engine/Content/EditorBlueprintResources/StandardMacros.uasset" 547
"../../../../../../Users/u1011565/Documents/GitHub/HideAndSeek/Content/Blueprints/Sudeep/Shield.uasset" 548
"../../../Engine/Content/BasicShapes/BasicShapeMaterial.uasset" 549
"../../../../../../Users/u1011565/Documents/GitHub/HideAndSeek/Content/Blueprints/Sudeep/Trap.uasset" 550
"../../../Engine/Content/BasicShapes/Cylinder.uasset" 551
"../../../../../../Users/u1011565/Documents/GitHub/HideAndSeek/Content/ParticleSystem/SmokeScreen.uasset" 552
"../../../Engine/Content/EngineMaterials/DefaultParticle.uasset" 553
"../../../Engine/Content/EngineMaterials/OrientParticle.uasset" 554
"../../../Engine/Content/BasicShapes/Sphere.uasset" 555
"../../../Engine/Content/BasicShapes/Cone.uasset" 556
"../../../../../../Users/u1011565/Documents/GitHub/HideAndSeek/Content/Assets/Materials/BlueColor.uasset" 557
"../../../../../../Users/u1011565/Documents/GitHub/HideAndSeek/Content/Blueprints/Daniel/TestPlayerController.uasset" 558
"../../../Engine/Content/EditorBlueprintResources/ActorMacros.uasset" 559
"../../../../../../Users/u1011565/Documents/GitHub/HideAndSeek/Content/Blueprints/Daniel/HideNSeek_GameInstance.uasset" 560
"../../../../../../Users/u1011565/Documents/GitHub/HideAndSeek/Content/Blueprints/Daniel/LobbyPlayerController.uasset" 561
"../../../../../../Users/u1011565/Documents/GitHub/HideAndSeek/Content/UI/Lobby_Menu.uasset" 562
"C:/Users/u1011565/AppData/Local/UnrealEngine/Common/DerivedDataCache/8/2/3/PHYSX_1D9C17C451EA4FB88CB7A27536A65DB0_PHYSXPC_D7BA2EF24228AE8BC58879A47558E2D__CDF3B6A135CE1B8004E540A9AF55A7CE7534A153.udd" 563
"C:/Users/u1011565/AppData/Local/UnrealEngine/Common/DerivedDataCache/6/0/9/NAVCOLLISION_B89838347A4348138EE337A847529C5C_NAVCOLLISION_X_D7BA2EF24228AE8BC__A7DE74696541ACDEC47FBB403856A5B1A96D016E.udd" 564
"C:/Users/u1011565/AppData/Local/UnrealEngine/Common/DerivedDataCache/6/1/0/MATSM_984AFA3849534FAA8491540B994BD32E_PCD3D_SM5_3__BC5N_DEV_SL_NODBUF680D7C85__5F5CD954360167023F90C74E6BE3FE6C5CA809CE.udd" 565
"C:/Users/u1011565/AppData/Local/UnrealEngine/Common/DerivedDataCache/8/9/8/MATSM_984AFA3849534FAA8491540B994BD32E_PCD3D_SM4_3__BC5N_DEV_SL_NODBUF680D7C85__2FC6F5F1A39DC4CAB910B2ED8B9D958E52B4EBE3.udd" 566
"../../../Engine/Content/EditorResources/BSPVertex.uasset" 567
"../../../Engine/Content/EngineDebugMaterials/GeomMaterial.uasset" 568
"../../../Engine/Content/EngineDebugMaterials/BoneWeightMaterial.uasset" 569
"../../../Engine/Content/EngineDebugMaterials/HeatmapGradient.uasset" 570
"../../../Engine/Content/EditorMaterials/PhAT_JointLimitMaterial.uasset" 571
"../../../Engine/Content/EditorMaterials/PreviewShadowIndicatorMaterial.uasset" 572
"../../../Engine/Content/EditorMaterials/PreviewShadowIndicator.uasset" 573
"../../../Engine/Content/EngineMaterials/EditorBrushMaterial.uasset" 574
"../../../Engine/Content/EditorMeshes/ColorCalibrator/SM_ColorCalibrator.uasset" 575
"../../../Engine/Content/EditorMeshes/ColorCalibrator/M_ChromeBall.uasset" 576
"../../../Engine/Content/EditorMeshes/ColorCalibrator/M_ClearCoat.uasset" 577
"../../../Engine/Content/EditorMeshes/ColorCalibrator/M_ClearCoatBlack.uasset" 578
"../../../Engine/Content/EditorMeshes/ColorCalibrator/M_ColorGrid.uasset" 579
"../../../Engine/Content/EditorMeshes/ColorCalibrator/T_ColorGrid.uasset" 580
"../../../Engine/Content/EditorMeshes/ColorCalibrator/M_GreyBall.uasset" 581
"../../../Engine/Content/MobileResources/HUD/DefaultVirtualJoysticks.uasset" 582
"../../../Engine/Content/MobileResources/HUD/VirtualJoystick_Background.uasset" 583
"../../../Engine/Content/Tutorial/SubEditors/TutorialAssets/icon_Editor_Preferences_General_40x.uasset" 584
"../../../Engine/Content/Tutorial/Paper2D/TutorialAssets/Paper2DSprite_TutorialIcon.uasset" 585
"../../../Engine/Content/Tutorial/SubEditors/TutorialAssets/icon_ShowSkeletalMeshes_40x.uasset" 586
"../../../Engine/Content/Tutorial/Landscape/TutorialAssets/Landscape.uasset" 587
"../../../Engine/Content/Tutorial/Foliage/TutorialAssets/Foliage.uasset" 588
"../../../Engine/Content/Tutorial/SubEditors/StaticMeshEditorTutorial.uasset" 589
"../../../Engine/Content/EngineMeshes/Cube.uasset" 590
"../../../Engine/Content/Tutorial/BlueprintTutorials/BlueprintMacroLibrariesEditorOverview.uasset" 591
"../../../Engine/Content/Tutorial/BlueprintTutorials/TutorialAssets/BlueprintMacroLibrary_64x.uasset" 592
"../../../Engine/Content/Tutorial/BlueprintTutorials/TutorialAssets/Tutorial_BP_MacroLib.uasset" 593
"../../../Engine/Content/Tutorial/BlueprintTutorials/BlueprintInterfacesEditorOverview.uasset" 594
"../../../Engine/Content/Tutorial/BlueprintTutorials/TutorialAssets/BlueprintInterface_64x.uasset" 595
"../../../Engine/Content/Tutorial/BlueprintTutorials/TutorialAssets/Tutorial_BP_Interface.uasset" 596
"../../../Engine/Content/Tutorial/BlueprintTutorials/LevelBlueprintEditorOverview.uasset" 597
"../../../Engine/Content/Tutorial/SubEditors/DestructibleMeshEditorTutorial.uasset" 598
"../../../Engine/Content/Tutorial/SubEditors/TutorialAssets/Tutorial_DM.uasset" 599
"../../../Engine/Content/EditorMeshes/EditorCube.uasset" 600
"../../../Engine/Content/Tutorial/SubEditors/MaterialEditorTutorial.uasset" 601
"../../../Engine/Content/Tutorial/SubEditors/TutorialAssets/TutorialMaterial.uasset" 602
"../../../Engine/Content/Tutorial/SubEditors/ParticleSystemEditorTutorial.uasset" 603
"../../../Engine/Content/Tutorial/SubEditors/TutorialAssets/TutorialParticleSystem.uasset" 604
"../../../Engine/Content/Tutorial/SubEditors/TutorialAssets/M_smoke_subUV_blackbody.uasset" 605
"../../../Engine/Content/Tutorial/SubEditors/TutorialAssets/T_SmokeSubUV_8X8.uasset" 606
"../../../Engine/Content/Tutorial/SubEditors/TutorialAssets/T_soft_smoke.uasset" 607
"../../../Engine/Content/Tutorial/SubEditors/PersonaAnimEditorWalkThrough.uasset" 608
"../../../Engine/Content/Tutorial/SubEditors/TutorialAssets/Character/NewBlendSpace1D.uasset" 609
"../../../Engine/Content/Tutorial/SubEditors/TutorialAssets/Character/Tutorial_Idle.uasset" 610
"../../../Engine/Content/Tutorial/SubEditors/TutorialAssets/Character/TutorialTPP_Skeleton.uasset" 611
"../../../Engine/Content/Tutorial/SubEditors/TutorialAssets/Character/Tutorial_Walk_Fwd.uasset" 612
"../../../Engine/Content/Tutorial/SubEditors/TutorialAssets/Character/TutorialTPP.uasset" 613
"../../../Engine/Content/Tutorial/SubEditors/TutorialAssets/Character/TutorialTPP_Mat.uasset" 614
"../../../Engine/Content/Tutorial/SubEditors/TutorialAssets/Character/TutorialTPP_PhysicsAsset.uasset" 615
"../../../Engine/Content/Tutorial/SubEditors/PersonaAnimBlueprintEditorWalkthrough.uasset" 616
"../../../Engine/Content/Tutorial/SubEditors/TutorialAssets/Character/TutorialTPP_AnimBlueprint.uasset" 617
"../../../Engine/Content/Tutorial/SubEditors/TutorialAssets/Character/TutorialCharacter.uasset" 618
"../../../Engine/Content/Tutorial/Paper2D/SpriteEditorTutorial.uasset" 619
"../../../Engine/Content/Tutorial/Paper2D/FlipbookEditorTutorial.uasset" 620
"../../../Engine/Content/Tutorial/Paper2D/TutorialAssets/Paper2DFlipbook_TutorialIcon.uasset" 621
"../../../Engine/Content/Tutorial/Landscape/Landscape_Manage_Mode.uasset" 622
"../../../Engine/Content/Tutorial/Landscape/Landscape_Sculpt_Mode.uasset" 623
"../../../Engine/Content/Tutorial/Landscape/Landscape_Painting_Mode.uasset" 624
"../../../Engine/Content/Tutorial/Foliage/Foliage_Intro_Tutorial.uasset" 625
"../../../Engine/Content/Tutorial/Foliage/Foliage_Using_The_Tool_Tutorial.uasset" 626
"../../../Engine/Content/Tutorial/Foliage/Foliage_Settings_Tutorial.uasset" 627
"../../../Engine/Content/MobileResources/HUD/MobileHUDDirectionPad3.uasset" 628
"../../../Engine/Content/MobileResources/HUD/MobileHUDButton2_off.uasset" 629
"../../../Engine/Content/MobileResources/HUD/AnalogHat.uasset" 630
"../../../Engine/Content/Maps/Entry.umap" 631
"../../../Engine/Content/EngineMaterials/DefaultNormal.uasset" 632
"../../../../../../Users/u1011565/Documents/GitHub/HideAndSeek/Content/Levels/Arpit/Arpit_Lobby_Base.umap" 633
"../../../../../../Users/u1011565/Documents/GitHub/HideAndSeek/Content/Blueprints/Arpit/NetworkMenu/Lobbby_First_Menu.uasset" 634
"../../../../../../Users/u1011565/Documents/GitHub/HideAndSeek/Content/Blueprints/Arpit/NetworkMenu/Inside_Lobby/Lobby_Host_Menu.uasset" 635
"../../../../../../Users/u1011565/Documents/GitHub/HideAndSeek/Content/Blueprints/Arpit/NetworkMenu/Inside_Lobby/Lobby_Server_Browser.uasset" 636
"../../../../../../Users/u1011565/Documents/GitHub/HideAndSeek/Content/Blueprints/Arpit/NetworkMenu/Inside_Lobby/Lobby_FindServer_Button.uasset" 637
"../../../../../../Users/u1011565/Documents/GitHub/HideAndSeek/Content/Levels/Sudeep/Sudeep_BaseHide.umap" 638
"../../../../../../Users/u1011565/Documents/GitHub/HideAndSeek/Content/Blueprints/Sudeep/Hider.uasset" 639
"../../../../../../Users/u1011565/Documents/GitHub/HideAndSeek/Content/Blueprints/Sudeep/HiderSudeep.uasset" 640
"../../../Engine/Content/EngineSky/BP_Sky_Sphere.uasset" 641
"../../../Engine/Content/EngineSky/C_Sky_Cloud_Color.uasset" 642
"../../../Engine/Content/EngineSky/C_Sky_Horizon_Color.uasset" 643
"../../../Engine/Content/EngineSky/C_Sky_Zenith_Color.uasset" 644
"../../../Engine/Content/EngineSky/M_Sky_Panning_Clouds2.uasset" 645
"../../../Engine/Content/EngineSky/T_Sky_Blue.uasset" 646
"../../../Engine/Content/EngineSky/T_Sky_Clouds_M.uasset" 647
"../../../Engine/Content/EngineSky/T_Sky_Stars.uasset" 648
"../../../Engine/Content/EngineSky/SM_SkySphere.uasset" 649
"../../../../../../Users/u1011565/Documents/GitHub/HideAndSeek/Content/Blueprints/Sudeep/Grenade.uasset" 650
"../../../Engine/Content/MapTemplates/SM_Template_Map_Floor.uasset" 651
"../../../../../../Users/u1011565/Documents/GitHub/HideAndSeek/Content/Meshes/Cone.uasset" 652
"../../../../../../Users/u1011565/Documents/GitHub/HideAndSeek/Content/Meshes/lambert1.uasset" 653
"../../../../../../Users/u1011565/Documents/GitHub/HideAndSeek/Content/Meshes/Cube.uasset" 654
"../../../../../../Users/u1011565/Documents/GitHub/HideAndSeek/Content/Meshes/Sphere.uasset" 655
"C:/Users/u1011565/AppData/Local/UnrealEngine/Common/DerivedDataCache/1/2/6/STATICMESH_46A8778361B442A9523C54440EA1E9D_8C68575CEF434CA8A9E1DA4AED8A47BB_E1__A3FE29B6E4DE437BDC738A39D5E69E27825AFC39.udd" 656
"C:/Users/u1011565/AppData/Local/UnrealEngine/Common/DerivedDataCache/7/4/5/NAVCOLLISION_B89838347A4348138EE337A847529C5C_NAVCOLLISION_X_6DD7A4D3471D5A4F6__A678F375E3B682E41EF6518ADB0B999BBC040F5B.udd" 657
"C:/Users/u1011565/AppData/Local/UnrealEngine/Common/DerivedDataCache/9/0/1/PHYSX_1D9C17C451EA4FB88CB7A27536A65DB0_PHYSXPC_6DD7A4D3471D5A4F6BD8E5BCC0D2219__506C6B00C1B7AF9EB6678984B7766CE9A6427991.udd" 658
"C:/Users/u1011565/AppData/Local/UnrealEngine/Common/DerivedDataCache/9/1/6/MATSM_984AFA3849534FAA8491540B994BD32E_PCD3D_SM5_3__BC5N_DEV_SL_NODBUF1DBAEA25__153554D200D85E8130E6C91F5559B5AACF524D80.udd" 659
"C:/Users/u1011565/AppData/Local/UnrealEngine/Common/DerivedDataCache/5/4/1/MATSM_984AFA3849534FAA8491540B994BD32E_PCD3D_SM4_3__BC5N_DEV_SL_NODBUF1DBAEA25__830E977226E239BE89750865FCE26BE3C7D85DC9.udd" 660
"C:/Users/u1011565/AppData/Local/UnrealEngine/Common/DerivedDataCache/1/6/8/STATICMESH_46A8778361B442A9523C54440EA1E9D_8C68575CEF434CA8A9E1DA4AED8A47BB_D9__90648E3E222EEDF59FE364E7C64F1B814D49307B.udd" 661
"C:/Users/u1011565/AppData/Local/UnrealEngine/Common/DerivedDataCache/9/5/1/NAVCOLLISION_B89838347A4348138EE337A847529C5C_NAVCOLLISION_X_037BE51F430CDBB48__4E44BB475B40FBC2B2B4E2915FB2342F4E475AB4.udd" 662
"C:/Users/u1011565/AppData/Local/UnrealEngine/Common/DerivedDataCache/0/9/0/PHYSX_1D9C17C451EA4FB88CB7A27536A65DB0_PHYSXPC_037BE51F430CDBB48F8ED39A30BDF2B__94CB2D113C952DEB7E6A0B7BDEAA54DFF33EA417.udd" 663
"C:/Users/u1011565/AppData/Local/UnrealEngine/Common/DerivedDataCache/8/0/9/STATICMESH_46A8778361B442A9523C54440EA1E9D_8C68575CEF434CA8A9E1DA4AED8A47BB_F5__BAFF9EF6FA99C1F09A1F3D6423C843B63AA09DBF.udd" 664
"C:/Users/u1011565/AppData/Local/UnrealEngine/Common/DerivedDataCache/9/1/6/NAVCOLLISION_B89838347A4348138EE337A847529C5C_NAVCOLLISION_X_1449C9FD4038E18DF__88A3B85EB2999838E9DF28EFF1D51C290EEC1FB8.udd" 665
"C:/Users/u1011565/AppData/Local/UnrealEngine/Common/DerivedDataCache/7/8/1/PHYSX_1D9C17C451EA4FB88CB7A27536A65DB0_PHYSXPC_1449C9FD4038E18DF2D8BC9BD4664C8__57CB89BC1FD5282D25CDCBE6BBD9FBA1D4DA5096.udd" 666
"../../../Engine/Content/EditorResources/EmptyActor.uasset" 667
"../../../Engine/Content/EditorResources/LightIcons/S_LightError.uasset" 668
"../../../../../../Users/u1011565/Documents/GitHub/HideAndSeek/Content/Levels/Sudeep/Sudeep_Base.umap" 669
"../../../../../../Users/u1011565/Documents/GitHub/HideAndSeek/Content/Blueprints/Sudeep/LaunchPoint.uasset" 670
"../../../../../../Users/u1011565/Documents/GitHub/HideAndSeek/Content/Blueprints/Sudeep/Seeker.uasset" 671
"../../../../../../Users/u1011565/Documents/GitHub/HideAndSeek/Content/Blueprints/Sudeep/SeekerSudeep.uasset" 672
"../../../../../../Users/u1011565/Documents/GitHub/HideAndSeek/Content/Blueprints/Sudeep/Trap_Grenade.uasset" 673
"../../../../../../Users/u1011565/Documents/GitHub/HideAndSeek/Content/Blueprints/Sudeep/Hider_Prop.uasset" 674
"C:/Users/u1011565/AppData/Local/UnrealEngine/Common/DerivedDataCache/5/4/0/TEXTURE_814DCC3DC72143F49509781513CB9855_AUTODXT_7A825FBF460AF7F56C1683B809491__F6B72DB56B9F8951D8C9C5140E9202EF4E334224.udd" 675
"C:/Users/u1011565/AppData/Local/UnrealEngine/Common/DerivedDataCache/3/6/7/TEXTURE_814DCC3DC72143F49509781513CB9855_AUTODXT_7DBAB8154D53354831D1BEB6208C6__1BE5A7F86DA081577A6BC4B2088737A78143226F.udd" 676
"C:/Users/u1011565/AppData/Local/UnrealEngine/Common/DerivedDataCache/9/5/3/TEXTURE_814DCC3DC72143F49509781513CB9855_AUTODXT_7DBAB8154D53354831D1BEB6208C6__7F70BAC9CFD7A8FEA62DA95CC33F914DFF820336.udd" 677
"C:/Users/u1011565/AppData/Local/UnrealEngine/Common/DerivedDataCache/2/5/3/TEXTURE_814DCC3DC72143F49509781513CB9855_AUTODXT_3F9D0E4B4FAC98D2ED7FF5B183E5E__ABEFCD6FFFC19A48FAD060256BC2C3A8EED2C166.udd" 678
"C:/Users/u1011565/AppData/Local/UnrealEngine/Common/DerivedDataCache/2/7/4/TEXTURE_814DCC3DC72143F49509781513CB9855_AUTODXT_7A825FBF460AF7F56C1683B809491__A70EA67B2B6E5CD47201C32F737A3FABCF07536E.udd" 679
"C:/Users/u1011565/AppData/Local/UnrealEngine/Common/DerivedDataCache/7/8/7/TEXTURE_814DCC3DC72143F49509781513CB9855_AUTODXT_7A825FBF460AF7F56C1683B809491__99F7F9DDAB3BE5C237B2E2F2865AD56D14A10A3E.udd" 680
"C:/Users/u1011565/AppData/Local/UnrealEngine/Common/DerivedDataCache/8/5/1/TEXTURE_814DCC3DC72143F49509781513CB9855_AUTODXT_7DBAB8154D53354831D1BEB6208C6__911C854AB8767BEE2DFB8E69ED1D6E8BCA608722.udd" 681
"C:/Users/u1011565/AppData/Local/UnrealEngine/Common/DerivedDataCache/1/3/3/TEXTURE_814DCC3DC72143F49509781513CB9855_DXT1_DED7AC0540EDB5DBCBB07193256EDC03__D891546B5C443D897D3047552D7CCA59555A55A1.udd" 682
"C:/Users/u1011565/AppData/Local/UnrealEngine/Common/DerivedDataCache/0/4/1/TEXTURE_814DCC3DC72143F49509781513CB9855_DXT1_C82EAC7B482AE0460767FC89A6EF5AB1__9CBE2983E8A16800F7A8C4D507F0F8407FBFF57E.udd" 683
"C:/Users/u1011565/AppData/Local/UnrealEngine/Common/DerivedDataCache/7/0/2/TEXTURE_814DCC3DC72143F49509781513CB9855_DXT1_DED7AC0540EDB5DBCBB07193256EDC03__DB5001B7932F59D4A3F0EF05C3AF8A4DB2C5A33C.udd" 684
"C:/Users/u1011565/AppData/Local/UnrealEngine/Common/DerivedDataCache/6/0/6/TEXTURE_814DCC3DC72143F49509781513CB9855_DXT1_C82EAC7B482AE0460767FC89A6EF5AB1__E98F8E04576B275BF874B50306FAE2E6DFDC23F0.udd" 685
"C:/Users/u1011565/AppData/Local/UnrealEngine/Common/DerivedDataCache/1/0/8/TEXTURE_814DCC3DC72143F49509781513CB9855_DXT1_DED7AC0540EDB5DBCBB07193256EDC03__5B68D70C646DF0AB2F64142602B3622794F98A9D.udd" 686
"C:/Users/u1011565/AppData/Local/UnrealEngine/Common/DerivedDataCache/8/0/9/TEXTURE_814DCC3DC72143F49509781513CB9855_DXT1_19633C1945CB36C2C49FB3895C12065E__9EA7BF3B643F9D6D7B722EA53F5D9C1ADB04FF8F.udd" 687
"C:/Users/u1011565/AppData/Local/UnrealEngine/Common/DerivedDataCache/7/3/1/TEXTURE_814DCC3DC72143F49509781513CB9855_DXT1_C82EAC7B482AE0460767FC89A6EF5AB1__9D821C89105109758F6B99F61D7D9DB7895CE16A.udd" 688
"C:/Users/u1011565/AppData/Local/UnrealEngine/Common/DerivedDataCache/3/5/2/TEXTURE_814DCC3DC72143F49509781513CB9855_G8_C2BA08F047796ACF03585F979E443AA5_0__6EEFB8E6F1EC321009C45161DCB2E32481C5D2DC.udd" 689
"C:/Users/u1011565/AppData/Local/UnrealEngine/Common/DerivedDataCache/2/0/1/TEXTURE_814DCC3DC72143F49509781513CB9855_G8_56AAB42E4B8A65EE35A193B0C7C1A14F_0__5EEB1275FBC5B6F0EE71553B9421E2F88DE60DB9.udd" 690
"C:/Users/u1011565/AppData/Local/UnrealEngine/Common/DerivedDataCache/5/5/2/TEXTURE_814DCC3DC72143F49509781513CB9855_G8_734367D04962784A42EBAB8F53DB43DC_0__0C9E815D79D6C76ED7031DC16816DCC9FF7D170E.udd" 691
"C:/Users/u1011565/AppData/Local/UnrealEngine/Common/DerivedDataCache/7/4/3/TEXTURE_814DCC3DC72143F49509781513CB9855_G8_C2BA08F047796ACF03585F979E443AA5_0__25B84A4481A0991005EE52444E1537D6F1E4C3B5.udd" 692
"C:/Users/u1011565/AppData/Local/UnrealEngine/Common/DerivedDataCache/2/3/1/TEXTURE_814DCC3DC72143F49509781513CB9855_G8_56AAB42E4B8A65EE35A193B0C7C1A14F_0__79057C858DD483CAB6F2EAF175B1181486C9B269.udd" 693
"C:/Users/u1011565/AppData/Local/UnrealEngine/Common/DerivedDataCache/8/6/0/TEXTURE_814DCC3DC72143F49509781513CB9855_G8_C2BA08F047796ACF03585F979E443AA5_0__BEF885D6B5EEB027B3A5DAB4D12B73B02CC18CE1.udd" 694
"C:/Users/u1011565/AppData/Local/UnrealEngine/Common/DerivedDataCache/4/6/2/TEXTURE_814DCC3DC72143F49509781513CB9855_G8_56AAB42E4B8A65EE35A193B0C7C1A14F_0__E871066A413A8FCF59577A7BA557D4C081B4C0DC.udd" 695
"../../../../../../Users/u1011565/Documents/GitHub/HideAndSeek/Content/Blueprints/Sudeep/SeekerAbilities.uasset" 696
"../../../../../../Users/u1011565/Documents/GitHub/HideAndSeek/Content/Blueprints/Daniel/test.uasset" 697
"../../../../../../Users/u1011565/Documents/GitHub/HideAndSeek/Content/Blueprints/Daniel/TargetAreasManager.uasset" 698
"../../../../../../Users/u1011565/Documents/GitHub/HideAndSeek/Content/Blueprints/Daniel/TargetArea.uasset" 699
"../../../../../../Users/u1011565/Documents/GitHub/HideAndSeek/Content/Materials/TargetArea.uasset" 700
"C:/Users/u1011565/AppData/Local/UnrealEngine/Common/DerivedDataCache/8/8/5/MATSM_984AFA3849534FAA8491540B994BD32E_PCD3D_SM5_3__BC5N_DEV_SL_NODBUFE9D1890C__F1AE3AA21B2D6E96CC07987C4ED058C0B59360F3.udd" 701
"C:/Users/u1011565/AppData/Local/UnrealEngine/Common/DerivedDataCache/4/1/9/MATSM_984AFA3849534FAA8491540B994BD32E_PCD3D_SM4_3__BC5N_DEV_SL_NODBUFE9D1890C__48208C2F13E45012D78E1426BAC17620D0DDDBCC.udd" 702
"../../../../../../Users/u1011565/Documents/GitHub/HideAndSeek/Content/Blueprints/Daniel/LobbyPawn.uasset" 703
"../../../../../../Users/u1011565/Documents/GitHub/HideAndSeek/Content/Blueprints/Arturo/Widgets/StartMenu.uasset" 704
"../../../../../../Users/u1011565/Documents/GitHub/HideAndSeek/Content/Blueprints/Arturo/GenericController.uasset" 705
"../../../../../../Users/u1011565/Documents/GitHub/HideAndSeek/Content/Blueprints/Arturo/SelectionInstance.uasset" 706
"../../../../../../Users/u1011565/Documents/GitHub/HideAndSeek/Content/Blueprints/Arturo/Widgets/SelectMenu.uasset" 707
"../../../../../../Users/u1011565/Documents/GitHub/HideAndSeek/Content/Blueprints/Arturo/Seeker.uasset" 708
"../../../../../../Users/u1011565/Documents/GitHub/HideAndSeek/Content/Assets/Materials/RedColor.uasset" 709
"../../../../../../Users/u1011565/Documents/GitHub/HideAndSeek/Content/Blueprints/Arturo/HiderController.uasset" 710
"../../../../../../Users/u1011565/Documents/GitHub/HideAndSeek/Content/Blueprints/Arturo/SeekerController.uasset" 711
"C:/Users/u1011565/AppData/Local/UnrealEngine/Common/DerivedDataCache/9/8/4/MATSM_984AFA3849534FAA8491540B994BD32E_PCD3D_SM5_3__BC5N_DEV_SL_NODBUFB7541377__992FB90B107BD499825BCEF84F82F031425E0869.udd" 712
"C:/Users/u1011565/AppData/Local/UnrealEngine/Common/DerivedDataCache/7/6/8/MATSM_984AFA3849534FAA8491540B994BD32E_PCD3D_SM4_3__BC5N_DEV_SL_NODBUFB7541377__8B23CA8527D4B2C38C74FF9BFB99363D44593180.udd" 713
"../../../../../../Users/u1011565/Documents/GitHub/HideAndSeek/Content/Blueprints/Arturo/Widgets/HUD_Travel_Menu.uasset" 714
"../../../../../../Users/u1011565/Documents/GitHub/HideAndSeek/Content/Blueprints/Arturo/Player.uasset" 715
"../../../../../../Users/u1011565/Documents/GitHub/HideAndSeek/Content/Blueprints/Arturo/GenericMode.uasset" 716
"../../../../../../Users/u1011565/Documents/GitHub/HideAndSeek/Content/Blueprints/Arturo/CustomMode.uasset" 717
"../../../../../../Users/u1011565/Documents/GitHub/HideAndSeek/Content/Blueprints/Arturo/empty.uasset" 718
"../../../../../../Users/u1011565/Documents/GitHub/HideAndSeek/Content/Blueprints/Arpit/NetworkMenu/Inside_Lobby/NewWidgetBlueprint.uasset" 719
"../../../../../../Users/u1011565/Documents/GitHub/HideAndSeek/Content/Blueprints/Arpit/MultiPlayerLobbyBluePrint.uasset" 720
"../../../../../../Users/u1011565/Documents/GitHub/HideAndSeek/Content/Blueprints/SeekerController.uasset" 721
"../../../../../../Users/u1011565/Documents/GitHub/HideAndSeek/Content/GameModes/TestMode.uasset" 722
"../../../../../../Users/u1011565/Documents/GitHub/HideAndSeek/Content/GameModes/LobbyMode.uasset" 723
"../../../../../../Users/u1011565/Documents/GitHub/HideAndSeek/Content/Blueprints/Sudeep/Sudeep.uasset" 724
"../../../Engine/Content/MobileResources/HUD/T_Castle_ThumbstickOutter.uasset" 725
"../../../Engine/Content/MobileResources/HUD/MobileHUDButtonFire.uasset" 726
"../../../Engine/Content/MobileResources/HUD/MobileHUDButton1_on.uasset" 727
"../../../Engine/Content/MobileResources/T_MobileControls_texture.uasset" 728
"../../../Engine/Content/MobileResources/HUD/MobileHUDButton2_on.uasset" 729
"../../../Engine/Content/MobileResources/HUD/MobileHUDButton3.uasset" 730
"../../../Engine/Content/MobileResources/T_MobileMenu2.uasset" 731
"../../../Engine/Content/MobileResources/HUD/MobileHUDButton1_off.uasset" 732
"../../../../../../Users/u1011565/Documents/GitHub/HideAndSeek/Content/Levels/Daniel/Daniel_TestGround.umap" 733
"C:/Users/u1011565/AppData/Local/UnrealEngine/Common/DerivedDataCache/2/5/2/TEXTURE_814DCC3DC72143F49509781513CB9855_AUTODXT_BE48B0684B8E5D7F2822BAB19F059__802CF8BD38119A1EE33FDDC3A1A2E2D9CFBCAB7E.udd" 734
"C:/Users/u1011565/AppData/Local/UnrealEngine/Common/DerivedDataCache/6/7/0/TEXTURE_814DCC3DC72143F49509781513CB9855_AUTODXT_4CB28B494E1099535C9DA8902F9D9__855000BABA38AD5646735CFD33B11585D026C96D.udd" 735
"C:/Users/u1011565/AppData/Local/UnrealEngine/Common/DerivedDataCache/1/8/9/TEXTURE_814DCC3DC72143F49509781513CB9855_AUTODXT_BE48B0684B8E5D7F2822BAB19F059__896D9E18137F0A00038B74143BC63B515513E9D6.udd" 736
"C:/Users/u1011565/AppData/Local/UnrealEngine/Common/DerivedDataCache/0/0/8/TEXTURE_814DCC3DC72143F49509781513CB9855_AUTODXT_BE48B0684B8E5D7F2822BAB19F059__47D24E579B6B06C06938E5EC9FDAE2EEDAA515D1.udd" 737
"C:/Users/u1011565/AppData/Local/UnrealEngine/Common/DerivedDataCache/0/5/7/TEXTURE_814DCC3DC72143F49509781513CB9855_DXT1_01105AB6458FF0738FA4AEB6A73B4157__DD46328F1699D287DBA03014F343633A3366F574.udd" 738
"C:/Users/u1011565/AppData/Local/UnrealEngine/Common/DerivedDataCache/8/7/0/TEXTURE_814DCC3DC72143F49509781513CB9855_DXT1_B139569346BCB6580A9729B7EF64FA0B__B51B0331049AE6D94D1AD8920E3C1C598829A9CD.udd" 739
"C:/Users/u1011565/AppData/Local/UnrealEngine/Common/DerivedDataCache/4/6/0/TEXTURE_814DCC3DC72143F49509781513CB9855_G8_C6E70C5F424EE7BF858A94ACAABECE6E_0__561E3F7A264B84E1BE4D16D7F5C9935A6B115A08.udd" 740
"C:/Users/u1011565/AppData/Local/UnrealEngine/Common/DerivedDataCache/4/6/7/TEXTURE_814DCC3DC72143F49509781513CB9855_DXT1_01105AB6458FF0738FA4AEB6A73B4157__C0A6C5E1ADC793CE517E531F2D78D824D75FFFE3.udd" 741
"C:/Users/u1011565/AppData/Local/UnrealEngine/Common/DerivedDataCache/3/2/8/TEXTURE_814DCC3DC72143F49509781513CB9855_G8_2D7C182A4F63CBAB8C0AC9846ACB6992_0__5F2A47F7FCB514F006BD0FE2B985693180F9E15E.udd" 742
"C:/Users/u1011565/AppData/Local/UnrealEngine/Common/DerivedDataCache/2/0/3/TEXTURE_814DCC3DC72143F49509781513CB9855_G8_C6E70C5F424EE7BF858A94ACAABECE6E_0__D90AA5E8439C26C2EC2845FFA739B72DFE775E5F.udd" 743
"C:/Users/u1011565/AppData/Local/UnrealEngine/Common/DerivedDataCache/8/1/6/TEXTURE_814DCC3DC72143F49509781513CB9855_DXT1_01105AB6458FF0738FA4AEB6A73B4157__3C8FC7E563E77FE6DF3C8FE519B4879615CD6403.udd" 744
"C:/Users/u1011565/AppData/Local/UnrealEngine/Common/DerivedDataCache/7/3/0/TEXTURE_814DCC3DC72143F49509781513CB9855_G8_C6E70C5F424EE7BF858A94ACAABECE6E_0__7B9F8D57BAAD79DD312BD2CD717668B0E83D9B8F.udd" 745
"../../../Engine/Content/MobileResources/HUD/T_Castle_ThumbstickInner.uasset" 746
"../../../../../../Users/u1011565/Documents/GitHub/HideAndSeek/Content/Levels/Arturo/Menus.umap" 747
"../../../Engine/Content/MobileResources/HUD/MobileHUDDirectionStick.uasset" 748
"../../../../../../Users/u1011565/Documents/GitHub/HideAndSeek/Content/Levels/Arturo/Arturo_Base.umap" 749
"../../../Engine/Content/MobileResources/HUD/MobileHUDDirectionPad.uasset" 750
"../../../../../../Users/u1011565/Documents/GitHub/HideAndSeek/Content/Levels/Daniel/Daniel_Base.umap" 751
"C:/Users/u1011565/AppData/Local/UnrealEngine/Common/DerivedDataCache/8/5/0/TEXTURE_814DCC3DC72143F49509781513CB9855_AUTODXT_1E1F72A24DE342A075A3CC84F92D1__279104469F284097C4F673894C7EDDB36C20DCD2.udd" 752
"C:/Users/u1011565/AppData/Local/UnrealEngine/Common/DerivedDataCache/9/0/8/TEXTURE_814DCC3DC72143F49509781513CB9855_AUTODXT_95362F244FD4FC2890A572B36B6E6__4608022D6B435CAA9F5C26B35B28912EA19E6D64.udd" 753
"C:/Users/u1011565/AppData/Local/UnrealEngine/Common/DerivedDataCache/4/0/3/TEXTURE_814DCC3DC72143F49509781513CB9855_DXT1_5F552C2A4CCF1321F73806B7B6198E6C__6F43F7CAA629384999BFAB99B1B461EE6E496536.udd" 754
"C:/Users/u1011565/AppData/Local/UnrealEngine/Common/DerivedDataCache/8/6/1/TEXTURE_814DCC3DC72143F49509781513CB9855_AUTODXT_1E1F72A24DE342A075A3CC84F92D1__CAEF42D680848EBDA20D6EB9E7FD6FC500BAE00C.udd" 755
"C:/Users/u1011565/AppData/Local/UnrealEngine/Common/DerivedDataCache/1/3/6/TEXTURE_814DCC3DC72143F49509781513CB9855_DXT1_5F552C2A4CCF1321F73806B7B6198E6C__E159A4785B384E489A7BD56E6F40358A107D29EF.udd" 756
"C:/Users/u1011565/AppData/Local/UnrealEngine/Common/DerivedDataCache/2/1/5/TEXTURE_814DCC3DC72143F49509781513CB9855_AUTODXT_1E1F72A24DE342A075A3CC84F92D1__052C9B09E8EE6F4D3939DFA67657291251101C84.udd" 757
"C:/Users/u1011565/AppData/Local/UnrealEngine/Common/DerivedDataCache/8/7/3/TEXTURE_814DCC3DC72143F49509781513CB9855_DXT1_4B7060D44226C09C14D35DB5EEFCA2B0__547F2E4FE30F12CED2B9BC3CF21C249C4BAD8FD9.udd" 758
"C:/Users/u1011565/AppData/Local/UnrealEngine/Common/DerivedDataCache/0/6/6/TEXTURE_814DCC3DC72143F49509781513CB9855_DXT1_5F552C2A4CCF1321F73806B7B6198E6C__2EB9A14A61812C880F9C5516FC348E31E08273DD.udd" 759
"C:/Users/u1011565/AppData/Local/UnrealEngine/Common/DerivedDataCache/9/9/0/TEXTURE_814DCC3DC72143F49509781513CB9855_G8_9175CB214B726E58A6615BBC1F2DC6D7_0__90BFBC8A3AD4FAEBFD2CAB91C7E9ED795D76A378.udd" 760
"C:/Users/u1011565/AppData/Local/UnrealEngine/Common/DerivedDataCache/8/7/2/TEXTURE_814DCC3DC72143F49509781513CB9855_G8_9859D45A4984E37F590874BA768A972A_0__0568BC163A91315902E1422A2E1BC0C3E18D63EE.udd" 761
"C:/Users/u1011565/AppData/Local/UnrealEngine/Common/DerivedDataCache/5/4/0/TEXTURE_814DCC3DC72143F49509781513CB9855_G8_9175CB214B726E58A6615BBC1F2DC6D7_0__496D51EF2770364FEFC2CC264BD2EF37D8779161.udd" 762
"C:/Users/u1011565/AppData/Local/UnrealEngine/Common/DerivedDataCache/3/2/9/TEXTURE_814DCC3DC72143F49509781513CB9855_G8_9175CB214B726E58A6615BBC1F2DC6D7_0__CAD8620C5B5C0F0B9D5E02D85F9B75CF583D0C51.udd" 763
"../../../Engine/Content/MobileResources/HUD/LeftVirtualJoystickOnly.uasset" 764
"../../../Engine/Content/MobileResources/HUD/MobileHUDDirectionPad2.uasset" 765
"..\..\..\Engine\Content\Internationalization\icudt53l\windowsZones.res" 766
"..\..\..\Engine\Content\Internationalization\icudt53l\zoneinfo64.res" 767
"..\..\..\Engine\Content\Internationalization\icudt53l\keyTypeData.res" 768
"..\..\..\Engine\Content\Internationalization\icudt53l\timezoneTypes.res" 769
"..\..\..\Engine\Content\Internationalization\icudt53l\supplementalData.res" 770
"..\..\..\Engine\Content\Internationalization\icudt53l\likelySubtags.res" 771
