[2016.03.26-03.51.05:435][  0]Log file open, 03/25/16 21:51:05
[2016.03.26-03.51.05:435][  0]LogInit:Display: Running engine for game: HideAndSeek
[2016.03.26-03.51.05:435][  0]LogPlatformFile: Not using cached read wrapper
[2016.03.26-03.51.05:435][  0]LogInit:Display: RandInit(2134508477) SRandInit(2134508481).
[2016.03.26-03.51.05:435][  0]LogTaskGraph: Started task graph with 4 named threads and 5 total threads.
[2016.03.26-03.51.05:435][  0]LogStats: Stats thread started at 0.172731
[2016.03.26-03.51.05:435][  0]LogInit: Version: 4.10.4-2872498+++depot+UE4-Releases+4.10
[2016.03.26-03.51.05:435][  0]LogInit: API Version: 2758231
[2016.03.26-03.51.05:435][  0]LogInit: Compiled (64-bit): Feb 18 2016 15:47:04
[2016.03.26-03.51.05:435][  0]LogInit: Compiled with Visual C++: 19.00.23026.00
[2016.03.26-03.51.05:435][  0]LogInit: Build Configuration: Development
[2016.03.26-03.51.05:435][  0]LogInit: Branch Name: ++depot+UE4-Releases+4.10
[2016.03.26-03.51.05:435][  0]LogInit: Command line:  
[2016.03.26-03.51.05:435][  0]LogInit: Base directory: C:/Program Files (x86)/Epic Games/4.10/Engine/Binaries/Win64/
[2016.03.26-03.51.05:435][  0]LogInit: Rocket: 1
[2016.03.26-03.51.05:458][  0]LogInit: Using libcurl 7.41.0
[2016.03.26-03.51.05:458][  0]LogInit:  - built for x86_64-pc-win32
[2016.03.26-03.51.05:458][  0]LogInit:  - supports SSL with WinSSL
[2016.03.26-03.51.05:458][  0]LogInit:  - other features:
[2016.03.26-03.51.05:458][  0]LogInit:      CURL_VERSION_SSL
[2016.03.26-03.51.05:458][  0]LogInit:      CURL_VERSION_IPV6
[2016.03.26-03.51.05:458][  0]LogInit:      CURL_VERSION_ASYNCHDNS
[2016.03.26-03.51.05:458][  0]LogInit:      CURL_VERSION_LARGEFILE
[2016.03.26-03.51.05:458][  0]LogInit:      CURL_VERSION_IDN
[2016.03.26-03.51.05:459][  0]LogInit:  CurlRequestOptions (configurable via config and command line):
[2016.03.26-03.51.05:459][  0]LogInit:  - bVerifyPeer = true  - Libcurl will verify peer certificate
[2016.03.26-03.51.05:459][  0]LogInit:  - bUseHttpProxy = false  - Libcurl will NOT use HTTP proxy
[2016.03.26-03.51.05:459][  0]LogInit:  - bDontReuseConnections = false  - Libcurl will reuse connections
[2016.03.26-03.51.05:459][  0]LogInit:  - CertBundlePath = nullptr  - Libcurl will use whatever was configured at build time.
[2016.03.26-03.51.05:492][  0]LogInit: WinSock: version 1.1 (2.2), MaxSocks=32767, MaxUdp=65467
[2016.03.26-03.51.05:506][  0]LogVoice:Warning: Failed to initialize voice interface
[2016.03.26-03.51.05:517][  0]LogInit: Presizing for 0 objects not considered by GC, pre-allocating 0 bytes.
[2016.03.26-03.51.05:545][  0]LogInit: Object subsystem initialized
[2016.03.26-03.51.05:548][  0]LogInit: Selected Device Profile: [Windows]
[2016.03.26-03.51.05:548][  0]LogInit: Applying CVar settings loaded from the selected device profile: [Windows]
[2016.03.26-03.51.05:574][  0]LogInit: Computer: ART
[2016.03.26-03.51.05:574][  0]LogInit: User: artur
[2016.03.26-03.51.05:574][  0]LogInit: CPU Page size=4096, Cores=2
[2016.03.26-03.51.05:574][  0]LogInit: High frequency timer resolution =2.115858 MHz
[2016.03.26-03.51.05:574][  0]LogMemory: Memory total: Physical=3.9GB (4GB approx)
[2016.03.26-03.51.05:574][  0]LogMemory: Platform Memory Stats for Windows
[2016.03.26-03.51.05:574][  0]LogMemory: Process Physical Memory: 57.16 MB used, 57.16 MB peak
[2016.03.26-03.51.05:574][  0]LogMemory: Process Virtual Memory: 55.78 MB used, 55.78 MB peak
[2016.03.26-03.51.05:574][  0]LogMemory: Physical Memory: 3057.26 MB used, 3979.21 MB total
[2016.03.26-03.51.05:574][  0]LogMemory: Virtual Memory: 377.84 MB used, 134217728.00 MB total
[2016.03.26-03.51.05:695][  0]LogTextLocalizationManager: No specific translations for ('en-US') exist, so ('en') translations will be used.
[2016.03.26-03.51.06:999][  0]LogD3D11RHI: Found D3D11 adapter 0: Intel(R) HD Graphics (Feature Level 11_0)
[2016.03.26-03.51.07:000][  0]LogD3D11RHI: Adapter has 64MB of dedicated video memory, 0MB of dedicated system memory, and 1728MB of shared system memory, 1 output[s]
[2016.03.26-03.51.07:004][  0]LogD3D11RHI: Found D3D11 adapter 1: Microsoft Basic Render Driver (Feature Level 11_0)
[2016.03.26-03.51.07:004][  0]LogD3D11RHI: Adapter has 0MB of dedicated video memory, 0MB of dedicated system memory, and 1989MB of shared system memory, 0 output[s]
[2016.03.26-03.51.07:006][  0]LogD3D11RHI: Chosen D3D11 Adapter Id = 0
[2016.03.26-03.51.07:019][  0]LogD3D11RHI: !Direct3DDevice
[2016.03.26-03.51.07:019][  0]LogRHI: Texture pool is 649 MB (70% of 928 MB)
[2016.03.26-03.51.07:027][  0]LogD3D11RHI: Async texture creation enabled
[2016.03.26-03.51.07:038][  0]LogShaderCompilers: Guid format shader working directory is -8 characters bigger than the processId version (../../../../../../Users/artur/Desktop/GIT/HideAndSeek/Intermediate/Shaders/WorkingDirectory/12432/).
[2016.03.26-03.51.07:039][  0]LogShaderCompilers: Cleaned the shader compiler working directory 'C:/Users/artur/AppData/Local/Temp/UnrealShaderWorkingDir/4BF01A10414518EB6EB9918F363818F7/'.
[2016.03.26-03.51.07:039][  0]LogShaderCompilers:Display: Using Local Shader Compiler.
[2016.03.26-03.51.10:742][  0]LogTemp:Display: Loaded TP AllDesktopTargetPlatform
[2016.03.26-03.51.10:757][  0]LogTemp:Display: Loaded TP WindowsClientTargetPlatform
[2016.03.26-03.51.10:774][  0]LogTemp:Display: Loaded TP WindowsNoEditorTargetPlatform
[2016.03.26-03.51.10:790][  0]LogTemp:Display: Loaded TP WindowsServerTargetPlatform
[2016.03.26-03.51.10:806][  0]LogTemp:Display: Loaded TP WindowsTargetPlatform
[2016.03.26-03.51.10:818][  0]LogTemp:Display: Loaded TP AndroidTargetPlatform
[2016.03.26-03.51.10:829][  0]LogTemp:Display: Loaded TP Android_ASTCTargetPlatform
[2016.03.26-03.51.10:840][  0]LogTemp:Display: Loaded TP Android_ATCTargetPlatform
[2016.03.26-03.51.10:850][  0]LogTemp:Display: Loaded TP Android_DXTTargetPlatform
[2016.03.26-03.51.10:860][  0]LogTemp:Display: Loaded TP Android_ETC1TargetPlatform
[2016.03.26-03.51.10:871][  0]LogTemp:Display: Loaded TP Android_ETC2TargetPlatform
[2016.03.26-03.51.10:893][  0]LogTemp:Display: Loaded TP Android_MultiTargetPlatform
[2016.03.26-03.51.10:893][  0]LogTemp:Display: Loaded TP Android_PVRTCTargetPlatform
[2016.03.26-03.51.10:896][  0]LogTemp:Display: Loaded TP HTML5TargetPlatform
[2016.03.26-03.51.10:926][  0]LogTemp:Display: Loaded TP IOSTargetPlatform
[2016.03.26-03.51.10:936][  0]LogTemp:Display: Loaded TP LinuxNoEditorTargetPlatform
[2016.03.26-03.51.10:946][  0]LogTemp:Display: Loaded TP LinuxServerTargetPlatform
[2016.03.26-03.51.10:958][  0]LogTemp:Display: Loaded TP LinuxTargetPlatform
[2016.03.26-03.51.10:959][  0]LogTargetPlatformManager:Display: Building Assets For Windows
[2016.03.26-03.51.11:225][  0]LogDerivedDataCache:Display: Max Cache Size: 512 MB
[2016.03.26-03.51.11:376][  0]LogDerivedDataCache: Loaded boot cache 0.15s 41MB C:/Users/artur/AppData/Local/UnrealEngine/4.10/DerivedDataCache/Boot.ddc.
[2016.03.26-03.51.11:376][  0]LogDerivedDataCache:Display: Loaded Boot cache: C:/Users/artur/AppData/Local/UnrealEngine/4.10/DerivedDataCache/Boot.ddc
[2016.03.26-03.51.11:376][  0]LogDerivedDataCache: FDerivedDataBackendGraph:  Pak pak cache file ../../../../../../Users/artur/Desktop/GIT/HideAndSeek/DerivedDataCache/DDC.ddp not found, will not use a pak cache.
[2016.03.26-03.51.11:376][  0]LogDerivedDataCache: Unable to find inner node Pak for hierarchical cache Hierarchy.
[2016.03.26-03.51.11:376][  0]LogDerivedDataCache: FDerivedDataBackendGraph:  CompressedPak pak cache file ../../../../../../Users/artur/Desktop/GIT/HideAndSeek/DerivedDataCache/Compressed.ddp not found, will not use a pak cache.
[2016.03.26-03.51.11:376][  0]LogDerivedDataCache: Unable to find inner node CompressedPak for hierarchical cache Hierarchy.
[2016.03.26-03.51.11:570][  0]LogDerivedDataCache:Display: Pak cache opened for reading ../../../Engine/DerivedDataCache/Compressed.ddp.
[2016.03.26-03.51.11:584][  0]LogDerivedDataCache: Using Local data cache path C:/Users/artur/AppData/Local/UnrealEngine/Common/DerivedDataCache: Writable
[2016.03.26-03.51.12:343][  0]LogInit: Selected Device Profile: [Windows]
[2016.03.26-03.51.12:353][  0]LogContentStreaming: Texture pool size is 0.000000MB
[2016.03.26-03.51.12:691][  0]LogMeshUtilities: No automatic mesh reduction module available
[2016.03.26-03.51.12:691][  0]LogMeshUtilities: No automatic mesh merging module available
[2016.03.26-03.51.16:386][  0]UdpMessaging: Initializing bridge on interface 0.0.0.0:0 to multicast group 230.0.0.1:6666.
[2016.03.26-03.51.16:573][  0]LogAssetRegistry: FAssetRegistry took 0.0121 seconds to start up
[2016.03.26-03.51.17:148][  0]SourceControl: Info Source control is disabled
[2016.03.26-03.51.20:782][  0]LogObj: 28633 objects as part of root set at end of initial load.
[2016.03.26-03.51.20:782][  0]LogUObjectAllocator: 6099752 out of 0 bytes used by permanent object pool.
[2016.03.26-03.51.20:930][  0]LogEngine: Initializing Engine...
[2016.03.26-03.51.20:947][  0]LogHMD: Can't find Oculus library dev build: is proper Runtime installed? Version: 0.8.0.0
[2016.03.26-03.51.20:949][  0]LogHMD: SteamVR failed to initialize.  Err: 110
[2016.03.26-03.51.21:318][  0]LogAIModule: Creating AISystem for world NewWorld
[2016.03.26-03.51.21:329][  0]LogInit: XAudio2 using 'Speakers / Headphones (Realtek High Definition Audio)' : 2 channels at 48 kHz using 32 bits per sample (channel mask 0x3)
[2016.03.26-03.51.21:824][  0]LogInit: FAudioDevice initialized.
[2016.03.26-03.51.21:903][  0]LogDerivedDataCache: Saved boot cache 0.08s 41MB C:/Users/artur/AppData/Local/UnrealEngine/4.10/DerivedDataCache/Boot.ddc.
[2016.03.26-03.51.21:926][  0]LogInit: Texture streaming: Enabled
[2016.03.26-03.51.21:944][  0]LogAnalytics: Creating configured Analytics provider AnalyticsET
[2016.03.26-03.51.21:944][  0]LogAnalytics: [UEEditor.Rocket.Release] APIServer = http://et2.epicgames.com/ET2/. AppVersion = 4.10.4-2872498+++depot+UE4-Releases+4.10
[2016.03.26-03.51.21:944][  0]LogAnalytics: [UEEditor.Rocket.Release] SetUserId d12ab79c4c069a4bd5438b9f1f788b16|07c8a418bbf844ed905b9eb4f5c0aaca|32f11ad8-5334-458f-b641-5aaf097ddea5
[2016.03.26-03.51.21:944][  0]LogAnalytics: [UEEditor.Rocket.Release] AnalyticsET::StartSession
[2016.03.26-03.51.21:974][  0]LogInit: Transaction tracking system initialized
[2016.03.26-03.51.22:066][  0]BlueprintLog: New page: Editor Load
[2016.03.26-03.51.22:307][  0]LocalizationService: Info Localization service is disabled
[2016.03.26-03.51.22:888][  0]LogConsoleResponse:Display: 
[2016.03.26-03.51.23:315][  0]LogCook:Display: Done creating registry. It took  0.00s.
[2016.03.26-03.51.24:558][  0]LogFileCache: Scanning file cache for directory 'C:/Users/artur/Desktop/GIT/HideAndSeek/Content/' took 0.02s
[2016.03.26-03.51.24:558][  0]Cmd: MAP LOAD FILE="../../../Engine/Content/Maps/Templates/Template_Default.umap" TEMPLATE=1 SHOWPROGRESS=1 FEATURELEVEL=3
[2016.03.26-03.51.24:560][  0]LightingResults: New page: Lighting Build
[2016.03.26-03.51.24:568][  0]MapCheck: New page: Map Check
[2016.03.26-03.51.24:568][  0]LightingResults: New page: Lighting Build
[2016.03.26-03.51.24:623][  0]LogParticles: Destroying 0 GPU particle simulations for FXSystem 0x00000203A353B6A0
[2016.03.26-03.51.25:495][  0]LogAIModule: Creating AISystem for world Untitled_1
[2016.03.26-03.51.25:515][  0]LogEditorServer: Finished looking for orphan Actors (0.000 secs)
[2016.03.26-03.51.25:557][  0]Cmd: MAP CHECKDEP NOCLEARLOG
[2016.03.26-03.51.25:841][  0]MapCheck: Info Map check complete: 0 Error(s), 0 Warning(s), took 284.236ms to complete.
[2016.03.26-03.51.25:842][  0]LogFileHelpers: Loading map 'Template_Default' took 1.284
[2016.03.26-03.51.26:138][  0]LogCollectionManager: Loaded 0 collections in 0.009973 seconds
[2016.03.26-03.51.26:195][  0]LogFileCache: Scanning file cache for directory 'C:/Users/artur/Desktop/GIT/HideAndSeek/Saved/Collections/' took 0.01s
[2016.03.26-03.51.26:196][  0]LogFileCache: Scanning file cache for directory 'C:/Users/artur/Desktop/GIT/HideAndSeek/Content/Developers/artur/Collections/' took 0.01s
[2016.03.26-03.51.26:196][  0]LogFileCache: Scanning file cache for directory 'C:/Users/artur/Desktop/GIT/HideAndSeek/Content/Collections/' took 0.01s
[2016.03.26-03.51.26:196][  0]LogCollectionManager: Rebuilt the GUID cache for 0 collections in 0.000004 seconds
[2016.03.26-03.51.26:226][  0]LogContentBrowser: Native class hierarchy populated in 0.0291 seconds. Added 1893 classes and 338 folders.
[2016.03.26-03.51.26:244][  0]LogContentBrowser: Native class hierarchy updated for 'WidgetCarousel' in 0.0010 seconds. Added 0 classes and 0 folders.
[2016.03.26-03.51.26:524][  0]LogContentBrowser: Native class hierarchy updated for 'AddContentDialog' in 0.0011 seconds. Added 0 classes and 0 folders.
[2016.03.26-03.51.26:535][  0]LogContentBrowser: Native class hierarchy updated for 'SceneOutliner' in 0.0011 seconds. Added 1 classes and 2 folders.
[2016.03.26-03.51.26:658][  0]LogCrashTracker: Crashtracker disabled due to settings.
[2016.03.26-03.51.26:669][  0]LogUObjectGlobals:Warning: Failed to find object 'Class None.'
[2016.03.26-03.51.26:694][  0]LogLoad: Full Startup: 22.49 seconds (BP compile: 0.14 seconds)
[2016.03.26-03.51.26:723][  0]LogOcInput: Can't find Oculus library dev build: is proper Runtime installed? Version: 0.8.0.0
[2016.03.26-03.51.26:868][  0]SourceControl: Info On branch Arturo
[2016.03.26-03.51.26:869][  0]SourceControl: Info Your branch is up-to-date with 'origin/Arturo'.
[2016.03.26-03.51.26:869][  0]SourceControl: Info Changes to be committed:
[2016.03.26-03.51.26:869][  0]SourceControl: Info   (use "git reset HEAD <file>..." to unstage)
[2016.03.26-03.51.26:869][  0]SourceControl: Info 	modified:   Content/Assets/Materials/BlueColor.uasset
[2016.03.26-03.51.26:869][  0]SourceControl: Info 	new file:   Content/Blueprints/Arturo/GenericPlayer.uasset
[2016.03.26-03.51.26:869][  0]SourceControl: Info 	new file:   Content/Blueprints/Arturo/Hider.uasset
[2016.03.26-03.51.26:869][  0]SourceControl: Info 	new file:   Content/Blueprints/Arturo/HiderMode.uasset
[2016.03.26-03.51.26:869][  0]SourceControl: Info 	new file:   Content/Blueprints/Arturo/Player.uasset
[2016.03.26-03.51.26:869][  0]SourceControl: Info 	modified:   Content/Blueprints/Arturo/SeekerController.uasset
[2016.03.26-03.51.26:869][  0]SourceControl: Info 	new file:   Content/Blueprints/Arturo/SeekerMode.uasset
[2016.03.26-03.51.26:869][  0]SourceControl: Info 	new file:   Content/Blueprints/Arturo/SelectionInstance.uasset
[2016.03.26-03.51.26:869][  0]SourceControl: Info 	new file:   Content/Blueprints/HiderController.uasset
[2016.03.26-03.51.26:869][  0]SourceControl: Info 	new file:   Content/Blueprints/SeekerController.uasset
[2016.03.26-03.51.26:869][  0]SourceControl: Info 	new file:   Content/Levels/Arturo/SelectScreen.umap
[2016.03.26-03.51.26:869][  0]SourceControl: Info Changes not staged for commit:
[2016.03.26-03.51.26:869][  0]SourceControl: Info   (use "git add/rm <file>..." to update what will be committed)
[2016.03.26-03.51.26:869][  0]SourceControl: Info   (use "git checkout -- <file>..." to discard changes in working directory)
[2016.03.26-03.51.26:869][  0]SourceControl: Info 	modified:   Config/DefaultEngine.ini
[2016.03.26-03.51.26:869][  0]SourceControl: Info 	modified:   Content/Assets/Materials/BlueColor.uasset
[2016.03.26-03.51.26:870][  0]SourceControl: Info 	modified:   Content/Blueprints/Arturo/Hider.uasset
[2016.03.26-03.51.26:870][  0]SourceControl: Info 	modified:   Content/Blueprints/Arturo/HiderMode.uasset
[2016.03.26-03.51.26:870][  0]SourceControl: Info 	modified:   Content/Blueprints/Arturo/Seeker.uasset
[2016.03.26-03.51.26:870][  0]SourceControl: Info 	modified:   Content/Blueprints/Arturo/SeekerController.uasset
[2016.03.26-03.51.26:870][  0]SourceControl: Info 	modified:   Content/Blueprints/Arturo/SeekerMode.uasset
[2016.03.26-03.51.26:870][  0]SourceControl: Info 	modified:   Content/Blueprints/Arturo/SelectionInstance.uasset
[2016.03.26-03.51.26:870][  0]SourceControl: Info 	deleted:    Content/Blueprints/HiderController.uasset
[2016.03.26-03.51.26:870][  0]SourceControl: Info 	modified:   Content/Levels/Arturo/SelectScreen.umap
[2016.03.26-03.51.26:870][  0]SourceControl: Info 	modified:   Intermediate/CachedAssetRegistry.bin
[2016.03.26-03.51.26:870][  0]SourceControl: Info 	modified:   Intermediate/Config/CoalescedSourceConfigs/Engine.ini
[2016.03.26-03.51.26:870][  0]SourceControl: Info 	modified:   Intermediate/Config/CoalescedSourceConfigs/Game.ini
[2016.03.26-03.51.26:870][  0]SourceControl: Info 	modified:   Intermediate/Config/CoalescedSourceConfigs/Input.ini
[2016.03.26-03.51.26:870][  0]SourceControl: Info 	modified:   Saved/AutoScreenshot.png
[2016.03.26-03.51.26:870][  0]SourceControl: Info 	modified:   Saved/Config/Windows/Editor.ini
[2016.03.26-03.51.26:870][  0]SourceControl: Info 	modified:   Saved/Config/Windows/EditorPerProjectUserSettings.ini
[2016.03.26-03.51.26:870][  0]SourceControl: Info 	modified:   Saved/Config/Windows/Engine.ini
[2016.03.26-03.51.26:870][  0]SourceControl: Info 	modified:   Saved/Logs/HideAndSeek.log
[2016.03.26-03.51.26:870][  0]SourceControl: Info 	modified:   Saved/Logs/HideAndSeek_2.log
[2016.03.26-03.51.26:870][  0]SourceControl: Info Untracked files:
[2016.03.26-03.51.26:871][  0]SourceControl: Info   (use "git add <file>..." to include in what will be committed)
[2016.03.26-03.51.26:871][  0]SourceControl: Info 	Content/Blueprints/Arturo/HiderController.uasset
[2016.03.26-03.51.26:871][  0]LogContentStreaming: Texture pool size now 200 MB
[2016.03.26-03.51.27:273][  0]LogRenderer: Reallocating scene render targets to support 796x368 (Frame:2).
[2016.03.26-03.51.28:768][  6]LogAssetRegistry: Asset discovery search completed in 12.2067 seconds
[2016.03.26-03.51.28:768][  6]LogCollectionManager: Rebuilt the object cache for 0 collections in 0.000004 seconds (found 0 objects)
[2016.03.26-03.51.28:768][  6]LogCollectionManager: Fixed up redirectors for 0 collections in 0.000072 seconds (updated 0 objects)
[2016.03.26-03.56.33:409][737]LogWindows:Error: Windows GetLastError: The operation completed successfully. (0)
[2016.03.26-03.56.43:650][737]LogCrashTracker: 


[2016.03.26-03.56.44:006][737]LogCrashTracker: 


[2016.03.26-03.56.44:006][737]LogWindows:Error: === Critical error: ===
Fatal error: [File:D:\BuildFarm\buildmachine_++depot+UE4-Releases+4.10\Engine\Source\Runtime\CoreUObject\Public\UObject\UnrealType.h] [Line: 3773] 
Failed to find ClassProperty DefaultPawnClass in BlueprintGeneratedClass /Game/Blueprints/Arturo/HiderController.HiderController_C




[2016.03.26-03.56.44:285][737]LogExit: Executing StaticShutdownAfterError
[2016.03.26-03.56.44:311][737]LogPhysics:Warning: PHYSX: ..\..\PhysX\src\NpScene.cpp (2946) 8 : PxScene::unlockWrite() called without matching call to PxScene::lockWrite(), behaviour will be undefined.
[2016.03.26-03.56.44:312][737]LogPhysics:Warning: PHYSX: ..\..\PhysX\src\NpScene.cpp (2946) 8 : PxScene::unlockWrite() called without matching call to PxScene::lockWrite(), behaviour will be undefined.
[2016.03.26-03.56.44:312][737]LogWindows: FPlatformMisc::RequestExit(1)
[2016.03.26-03.56.44:312][737]Log file closed, 03/25/16 21:56:44
