[2016.03.24-16.12.26:478][  0]Log file open, 03/24/16 10:12:26
[2016.03.24-16.12.26:478][  0]LogInit:Display: Running engine for game: HideAndSeek
[2016.03.24-16.12.26:478][  0]LogPlatformFile: Not using cached read wrapper
[2016.03.24-16.12.26:478][  0]LogInit:Display: RandInit(-2045721924) SRandInit(-2045721924).
[2016.03.24-16.12.26:478][  0]LogTaskGraph: Started task graph with 4 named threads and 7 total threads.
[2016.03.24-16.12.26:478][  0]LogStats: Stats thread started at 0.071888
[2016.03.24-16.12.26:478][  0]LogInit: Version: 4.10.4-2872498+++depot+UE4-Releases+4.10
[2016.03.24-16.12.26:478][  0]LogInit: API Version: 2758231
[2016.03.24-16.12.26:478][  0]LogInit: Compiled (64-bit): Feb 18 2016 15:47:04
[2016.03.24-16.12.26:478][  0]LogInit: Compiled with Visual C++: 19.00.23026.00
[2016.03.24-16.12.26:478][  0]LogInit: Build Configuration: Development
[2016.03.24-16.12.26:478][  0]LogInit: Branch Name: ++depot+UE4-Releases+4.10
[2016.03.24-16.12.26:478][  0]LogInit: Command line: -EpicPortal 
[2016.03.24-16.12.26:478][  0]LogInit: Base directory: C:/Program Files/Epic Games/4.10/Engine/Binaries/Win64/
[2016.03.24-16.12.26:478][  0]LogInit: Rocket: 1
[2016.03.24-16.12.26:483][  0]LogInit: Using libcurl 7.41.0
[2016.03.24-16.12.26:483][  0]LogInit:  - built for x86_64-pc-win32
[2016.03.24-16.12.26:483][  0]LogInit:  - supports SSL with WinSSL
[2016.03.24-16.12.26:483][  0]LogInit:  - other features:
[2016.03.24-16.12.26:483][  0]LogInit:      CURL_VERSION_SSL
[2016.03.24-16.12.26:483][  0]LogInit:      CURL_VERSION_IPV6
[2016.03.24-16.12.26:483][  0]LogInit:      CURL_VERSION_ASYNCHDNS
[2016.03.24-16.12.26:483][  0]LogInit:      CURL_VERSION_LARGEFILE
[2016.03.24-16.12.26:483][  0]LogInit:      CURL_VERSION_IDN
[2016.03.24-16.12.26:483][  0]LogInit:  CurlRequestOptions (configurable via config and command line):
[2016.03.24-16.12.26:483][  0]LogInit:  - bVerifyPeer = true  - Libcurl will verify peer certificate
[2016.03.24-16.12.26:483][  0]LogInit:  - bUseHttpProxy = false  - Libcurl will NOT use HTTP proxy
[2016.03.24-16.12.26:483][  0]LogInit:  - bDontReuseConnections = false  - Libcurl will reuse connections
[2016.03.24-16.12.26:483][  0]LogInit:  - CertBundlePath = nullptr  - Libcurl will use whatever was configured at build time.
[2016.03.24-16.12.26:490][  0]LogInit: Presizing for 0 objects not considered by GC, pre-allocating 0 bytes.
[2016.03.24-16.12.26:494][  0]LogInit: Object subsystem initialized
[2016.03.24-16.12.26:501][  0]LogInit: Selected Device Profile: [Windows]
[2016.03.24-16.12.26:501][  0]LogInit: Applying CVar settings loaded from the selected device profile: [Windows]
[2016.03.24-16.12.26:506][  0]LogInit: Computer: EAE-W-51
[2016.03.24-16.12.26:506][  0]LogInit: User: u1013042
[2016.03.24-16.12.26:506][  0]LogInit: CPU Page size=4096, Cores=4
[2016.03.24-16.12.26:506][  0]LogInit: High frequency timer resolution =3.318447 MHz
[2016.03.24-16.12.26:506][  0]LogMemory: Memory total: Physical=15.9GB (16GB approx)
[2016.03.24-16.12.26:506][  0]LogMemory: Platform Memory Stats for Windows
[2016.03.24-16.12.26:506][  0]LogMemory: Process Physical Memory: 56.52 MB used, 56.52 MB peak
[2016.03.24-16.12.26:506][  0]LogMemory: Process Virtual Memory: 56.64 MB used, 56.64 MB peak
[2016.03.24-16.12.26:506][  0]LogMemory: Physical Memory: 7422.61 MB used, 16321.48 MB total
[2016.03.24-16.12.26:506][  0]LogMemory: Virtual Memory: 351.56 MB used, 8388608.00 MB total
[2016.03.24-16.12.26:542][  0]LogTextLocalizationManager: No specific translations for ('en-US') exist, so ('en') translations will be used.
[2016.03.24-16.12.26:908][  0]LogD3D11RHI: Found D3D11 adapter 0: NVIDIA GeForce GTX 770 (Feature Level 11_0)
[2016.03.24-16.12.26:908][  0]LogD3D11RHI: Adapter has 1990MB of dedicated video memory, 0MB of dedicated system memory, and 2048MB of shared system memory, 2 output[s]
[2016.03.24-16.12.26:908][  0]LogD3D11RHI: Chosen D3D11 Adapter Id = 0
[2016.03.24-16.12.26:912][  0]LogD3D11RHI: !Direct3DDevice
[2016.03.24-16.12.26:912][  0]LogRHI: Texture pool is 1361 MB (70% of 1945 MB)
[2016.03.24-16.12.26:922][  0]LogD3D11RHI: Async texture creation enabled
[2016.03.24-16.12.26:934][  0]LogShaderCompilers: Guid format shader working directory is -21 characters bigger than the processId version (../../../../../../Users/u1013042/Documents/Unreal Projects/HideAndSeek/Intermediate/Shaders/WorkingDirectory/6864/).
[2016.03.24-16.12.26:935][  0]LogShaderCompilers: Cleaned the shader compiler working directory 'C:/Users/u1013042/AppData/Local/Temp/UnrealShaderWorkingDir/613149BC40D3CB08838D55B1E1F07452/'.
[2016.03.24-16.12.26:935][  0]LogShaderCompilers:Display: Using Local Shader Compiler.
[2016.03.24-16.12.27:577][  0]LogTemp:Display: Loaded TP AllDesktopTargetPlatform
[2016.03.24-16.12.27:581][  0]LogTemp:Display: Loaded TP WindowsClientTargetPlatform
[2016.03.24-16.12.27:586][  0]LogTemp:Display: Loaded TP WindowsNoEditorTargetPlatform
[2016.03.24-16.12.27:590][  0]LogTemp:Display: Loaded TP WindowsServerTargetPlatform
[2016.03.24-16.12.27:594][  0]LogTemp:Display: Loaded TP WindowsTargetPlatform
[2016.03.24-16.12.27:597][  0]LogTemp:Display: Loaded TP AndroidTargetPlatform
[2016.03.24-16.12.27:600][  0]LogTemp:Display: Loaded TP Android_ASTCTargetPlatform
[2016.03.24-16.12.27:603][  0]LogTemp:Display: Loaded TP Android_ATCTargetPlatform
[2016.03.24-16.12.27:605][  0]LogTemp:Display: Loaded TP Android_DXTTargetPlatform
[2016.03.24-16.12.27:608][  0]LogTemp:Display: Loaded TP Android_ETC1TargetPlatform
[2016.03.24-16.12.27:611][  0]LogTemp:Display: Loaded TP Android_ETC2TargetPlatform
[2016.03.24-16.12.27:616][  0]LogTemp:Display: Loaded TP Android_MultiTargetPlatform
[2016.03.24-16.12.27:616][  0]LogTemp:Display: Loaded TP Android_PVRTCTargetPlatform
[2016.03.24-16.12.27:617][  0]LogTemp:Display: Loaded TP HTML5TargetPlatform
[2016.03.24-16.12.27:633][  0]LogTemp:Display: Loaded TP IOSTargetPlatform
[2016.03.24-16.12.27:636][  0]LogTemp:Display: Loaded TP LinuxNoEditorTargetPlatform
[2016.03.24-16.12.27:638][  0]LogTemp:Display: Loaded TP LinuxServerTargetPlatform
[2016.03.24-16.12.27:641][  0]LogTemp:Display: Loaded TP LinuxTargetPlatform
[2016.03.24-16.12.27:641][  0]LogTargetPlatformManager:Display: Building Assets For Windows
[2016.03.24-16.12.27:722][  0]LogDerivedDataCache:Display: Max Cache Size: 512 MB
[2016.03.24-16.12.27:757][  0]LogDerivedDataCache: Loaded boot cache 0.03s 41MB C:/Users/u1013042/AppData/Local/UnrealEngine/4.10/DerivedDataCache/Boot.ddc.
[2016.03.24-16.12.27:757][  0]LogDerivedDataCache:Display: Loaded Boot cache: C:/Users/u1013042/AppData/Local/UnrealEngine/4.10/DerivedDataCache/Boot.ddc
[2016.03.24-16.12.27:757][  0]LogDerivedDataCache: FDerivedDataBackendGraph:  Pak pak cache file ../../../../../../Users/u1013042/Documents/Unreal Projects/HideAndSeek/DerivedDataCache/DDC.ddp not found, will not use a pak cache.
[2016.03.24-16.12.27:757][  0]LogDerivedDataCache: Unable to find inner node Pak for hierarchical cache Hierarchy.
[2016.03.24-16.12.27:757][  0]LogDerivedDataCache: FDerivedDataBackendGraph:  CompressedPak pak cache file ../../../../../../Users/u1013042/Documents/Unreal Projects/HideAndSeek/DerivedDataCache/Compressed.ddp not found, will not use a pak cache.
[2016.03.24-16.12.27:757][  0]LogDerivedDataCache: Unable to find inner node CompressedPak for hierarchical cache Hierarchy.
[2016.03.24-16.12.27:806][  0]LogDerivedDataCache:Display: Pak cache opened for reading ../../../Engine/DerivedDataCache/Compressed.ddp.
[2016.03.24-16.12.27:817][  0]LogDerivedDataCache: Using Local data cache path C:/Users/u1013042/AppData/Local/UnrealEngine/Common/DerivedDataCache: Writable
[2016.03.24-16.12.27:944][  0]LogInit: Selected Device Profile: [Windows]
[2016.03.24-16.12.27:944][  0]LogContentStreaming: Texture pool size is 0.000000MB
[2016.03.24-16.12.27:978][  0]LogMeshUtilities: No automatic mesh reduction module available
[2016.03.24-16.12.27:978][  0]LogMeshUtilities: No automatic mesh merging module available
[2016.03.24-16.12.28:245][  0]LogInit: WinSock: version 1.1 (2.2), MaxSocks=32767, MaxUdp=65467
[2016.03.24-16.12.28:984][  0]UdpMessaging: Initializing bridge on interface 0.0.0.0:0 to multicast group 230.0.0.1:6666.
[2016.03.24-16.12.29:076][  0]LogAssetRegistry: FAssetRegistry took 0.0105 seconds to start up
[2016.03.24-16.12.29:239][  0]SourceControl: Info Source control is disabled
[2016.03.24-16.12.29:271][  0]SourceControl: Info Source control is disabled
[2016.03.24-16.12.29:283][  0]SourceControl: Info Source control is disabled
[2016.03.24-16.12.29:297][  0]SourceControl: Info Source control is disabled
[2016.03.24-16.12.29:595][  0]LogObj: 28633 objects as part of root set at end of initial load.
[2016.03.24-16.12.29:595][  0]LogUObjectAllocator: 6099744 out of 0 bytes used by permanent object pool.
[2016.03.24-16.12.29:650][  0]LogEngine: Initializing Engine...
[2016.03.24-16.12.29:654][  0]LogHMD: Can't find Oculus library dev build: is proper Runtime installed? Version: 0.8.0.0
[2016.03.24-16.12.29:654][  0]LogHMD: SteamVR failed to initialize.  Err: 110
[2016.03.24-16.12.29:767][  0]LogAIModule: Creating AISystem for world NewWorld
[2016.03.24-16.12.29:773][  0]LogInit: XAudio2 using 'Realtek Digital Output(Optical) (2- Realtek High Definition Audio)' : 2 channels at 48 kHz using 16 bits per sample (channel mask 0x3)
[2016.03.24-16.12.29:780][  0]LogInit: FAudioDevice initialized.
[2016.03.24-16.12.29:802][  0]LogDerivedDataCache: Saved boot cache 0.02s 41MB C:/Users/u1013042/AppData/Local/UnrealEngine/4.10/DerivedDataCache/Boot.ddc.
[2016.03.24-16.12.29:820][  0]LogInit: Texture streaming: Enabled
[2016.03.24-16.12.29:826][  0]LogAnalytics: Creating configured Analytics provider AnalyticsET
[2016.03.24-16.12.29:826][  0]LogAnalytics: [UEEditor.Rocket.Release] APIServer = http://et2.epicgames.com/ET2/. AppVersion = 4.10.4-2872498+++depot+UE4-Releases+4.10
[2016.03.24-16.12.29:826][  0]LogAnalytics: [UEEditor.Rocket.Release] SetUserId 086750034133553cb79d909b4deb2a3f|9bfc2f0f81e74cd5809a42ea1d2f3977|bbccc0ab-a5cc-47cc-9fe7-5d9f3bfcdce6
[2016.03.24-16.12.29:826][  0]LogAnalytics: [UEEditor.Rocket.Release] AnalyticsET::StartSession
[2016.03.24-16.12.29:833][  0]LogInit: Transaction tracking system initialized
[2016.03.24-16.12.29:860][  0]BlueprintLog: New page: Editor Load
[2016.03.24-16.12.30:232][  0]LocalizationService: Info Localization service is disabled
[2016.03.24-16.12.30:354][  0]LogConsoleResponse:Display: 
[2016.03.24-16.12.30:449][  0]LogFileCache: Scanning file cache for directory 'C:/Users/u1013042/Documents/Unreal Projects/HideAndSeek/Content/' took 0.01s
[2016.03.24-16.12.30:449][  0]LogCook:Display: Done creating registry. It took  0.00s.
[2016.03.24-16.12.30:509][  0]SourceControl: Info Source control is disabled
[2016.03.24-16.12.30:510][  0]Cmd: MAP LOAD FILE="../../../Engine/Content/Maps/Templates/Template_Default.umap" TEMPLATE=1 SHOWPROGRESS=1 FEATURELEVEL=3
[2016.03.24-16.12.30:510][  0]LightingResults: New page: Lighting Build
[2016.03.24-16.12.30:513][  0]MapCheck: New page: Map Check
[2016.03.24-16.12.30:513][  0]LightingResults: New page: Lighting Build
[2016.03.24-16.12.30:522][  0]LogParticles: Destroying 0 GPU particle simulations for FXSystem 0x0000000022142160
[2016.03.24-16.12.30:698][  0]LogAIModule: Creating AISystem for world Untitled_1
[2016.03.24-16.12.30:702][  0]LogEditorServer: Finished looking for orphan Actors (0.000 secs)
[2016.03.24-16.12.30:707][  0]Cmd: MAP CHECKDEP NOCLEARLOG
[2016.03.24-16.12.30:755][  0]MapCheck: Info Map check complete: 0 Error(s), 0 Warning(s), took 48.698ms to complete.
[2016.03.24-16.12.30:755][  0]LogFileHelpers: Loading map 'Template_Default' took 0.246
[2016.03.24-16.12.30:863][  0]LogCollectionManager: Loaded 0 collections in 0.001908 seconds
[2016.03.24-16.12.30:905][  0]LogFileCache: Scanning file cache for directory 'C:/Users/u1013042/Documents/Unreal Projects/HideAndSeek/Saved/Collections/' took 0.01s
[2016.03.24-16.12.30:905][  0]LogFileCache: Scanning file cache for directory 'C:/Users/u1013042/Documents/Unreal Projects/HideAndSeek/Content/Developers/u1013042/Collections/' took 0.01s
[2016.03.24-16.12.30:905][  0]LogFileCache: Scanning file cache for directory 'C:/Users/u1013042/Documents/Unreal Projects/HideAndSeek/Content/Collections/' took 0.01s
[2016.03.24-16.12.30:905][  0]LogCollectionManager: Rebuilt the GUID cache for 0 collections in 0.000002 seconds
[2016.03.24-16.12.30:912][  0]LogContentBrowser: Native class hierarchy populated in 0.0068 seconds. Added 1893 classes and 338 folders.
[2016.03.24-16.12.30:919][  0]LogContentBrowser: Native class hierarchy updated for 'WidgetCarousel' in 0.0003 seconds. Added 0 classes and 0 folders.
[2016.03.24-16.12.30:990][  0]LogContentBrowser: Native class hierarchy updated for 'AddContentDialog' in 0.0003 seconds. Added 0 classes and 0 folders.
[2016.03.24-16.12.30:993][  0]LogContentBrowser: Native class hierarchy updated for 'SceneOutliner' in 0.0003 seconds. Added 1 classes and 2 folders.
[2016.03.24-16.12.31:014][  0]LogCrashTracker: Crashtracker disabled due to settings.
[2016.03.24-16.12.31:058][  0]LogLoad: Full Startup: 4.88 seconds (BP compile: 0.03 seconds)
[2016.03.24-16.12.31:070][  0]LogOcInput: Can't find Oculus library dev build: is proper Runtime installed? Version: 0.8.0.0
[2016.03.24-16.12.31:110][  0]LogContentStreaming: Texture pool size now 1000 MB
[2016.03.24-16.12.31:231][  0]LogRenderer: Reallocating scene render targets to support 1208x572 (Frame:2).
[2016.03.24-16.12.31:959][  3]LogAssetRegistry: Asset discovery search completed in 2.8936 seconds
[2016.03.24-16.12.31:959][  3]LogCollectionManager: Rebuilt the object cache for 0 collections in 0.000001 seconds (found 0 objects)
[2016.03.24-16.12.31:959][  3]LogCollectionManager: Fixed up redirectors for 0 collections in 0.000014 seconds (updated 0 objects)
[2016.03.24-16.14.06:056][484]LogLinker:Warning: Asset '../../../Engine/Content/ArtTools/RenderToTexture/Macros/RenderToTextureMacros.uasset' has been saved with empty engine version. The asset will be loaded but may be incompatible.
[2016.03.24-16.14.06:361][484]LogContentBrowser: Native class hierarchy updated for 'BlueprintGraph' in 0.0006 seconds. Added 107 classes and 0 folders.
[2016.03.24-16.14.06:648][484]LogActor:Warning: GameNetworkManager /Engine/Transient.World_2:PersistentLevel.GameNetworkManager_0 has natively added scene component(s), but none of them were set as the actor's RootComponent - picking one arbitrarily
[2016.03.24-16.17.27:371][540]LogParticles: Destroying 0 GPU particle simulations for FXSystem 0x000000002485B380
[2016.03.24-16.17.27:413][540]Cmd: OBJ SAVEPACKAGE PACKAGE="/Game/GameModes/CaptureThePoint" FILE="../../../../../../Users/u1013042/Documents/Unreal Projects/HideAndSeek/Content/GameModes/CaptureThePoint.uasset" SILENT=true
[2016.03.24-16.17.27:426][540]LogSavePackage: Save=9.210935ms
[2016.03.24-16.17.27:426][540]LogSavePackage: Moving '../../../../../../Users/u1013042/Documents/Unreal Projects/HideAndSeek/Saved/CaptureThePoint86834F124B762568570C1EA070E70323.tmp' to '../../../../../../Users/u1013042/Documents/Unreal Projects/HideAndSeek/Content/GameModes/CaptureThePoint.uasset'
[2016.03.24-16.17.27:431][540]LogSavePackage: Total save time: 16.729511ms
[2016.03.24-16.17.27:431][540]LogSavePackage:Display: Finished SavePackage ../../../../../../Users/u1013042/Documents/Unreal Projects/HideAndSeek/Content/GameModes/CaptureThePoint.uasset
[2016.03.24-16.21.19:394][945]Cmd: MAP LOAD FILE="../../../Engine/Content/Maps/Templates/Template_Default.umap" TEMPLATE=1 SHOWPROGRESS=1 FEATURELEVEL=3
[2016.03.24-16.21.19:419][945]LightingResults: New page: Lighting Build
[2016.03.24-16.21.19:434][945]LoadErrors: New page: Loading map: Template_Default.umap
[2016.03.24-16.21.19:434][945]MapCheck: New page: Map Check
[2016.03.24-16.21.19:434][945]LightingResults: New page: Lighting Build
[2016.03.24-16.21.19:451][945]LogParticles: Destroying 0 GPU particle simulations for FXSystem 0x00000000128AF740
[2016.03.24-16.21.19:476][945]LogAIModule: Creating AISystem for world Untitled_2
[2016.03.24-16.21.19:483][945]LogEditorServer: Finished looking for orphan Actors (0.000 secs)
[2016.03.24-16.21.19:490][945]Cmd: MAP CHECKDEP NOCLEARLOG
[2016.03.24-16.21.19:541][945]MapCheck: Info Map check complete: 0 Error(s), 0 Warning(s), took 50.723ms to complete.
[2016.03.24-16.21.19:541][945]LogFileHelpers: Loading map 'Template_Default' took 0.147
[2016.03.24-16.21.34:969][416]LogSavePackage: Save=26.798981ms
[2016.03.24-16.21.34:969][416]LogSavePackage: Moving '../../../../../../Users/u1013042/Documents/Unreal Projects/HideAndSeek/Saved/Daniel_Base8A56520A42F89D8BCA9BF9ACD4EE2ABA.tmp' to '../../../../../../Users/u1013042/Documents/Unreal Projects/HideAndSeek/Content/Levels/Daniel/Daniel_Base.umap'
[2016.03.24-16.21.34:976][416]LogSavePackage: Total save time: 34.469739ms
[2016.03.24-16.21.34:976][416]LogSavePackage:Display: Finished SavePackage ../../../../../../Users/u1013042/Documents/Unreal Projects/HideAndSeek/Content/Levels/Daniel/Daniel_Base.umap
[2016.03.24-16.21.34:988][416]LogFileHelpers: Saving map 'Daniel_Base' took 0.292
[2016.03.24-16.21.45:325][762]LogSavePackage: Save=22.238716ms
[2016.03.24-16.21.45:325][762]LogSavePackage: Moving '../../../../../../Users/u1013042/Documents/Unreal Projects/HideAndSeek/Saved/Sudeep_BaseB995C4F44ABEA4D2E6F3BE94680FBC59.tmp' to '../../../../../../Users/u1013042/Documents/Unreal Projects/HideAndSeek/Content/Levels/Sudeep/Sudeep_Base.umap'
[2016.03.24-16.21.45:333][762]LogSavePackage: Total save time: 30.006506ms
[2016.03.24-16.21.45:333][762]LogSavePackage:Display: Finished SavePackage ../../../../../../Users/u1013042/Documents/Unreal Projects/HideAndSeek/Content/Levels/Sudeep/Sudeep_Base.umap
[2016.03.24-16.21.45:345][762]LogFileHelpers: Saving map 'Sudeep_Base' took 0.159
[2016.03.24-16.23.29:627][194]LogSavePackage: Save=23.010763ms
[2016.03.24-16.23.29:627][194]LogSavePackage: Moving '../../../../../../Users/u1013042/Documents/Unreal Projects/HideAndSeek/Saved/Arturo_Base22036159436F7A4DD2EA13A8852F531F.tmp' to '../../../../../../Users/u1013042/Documents/Unreal Projects/HideAndSeek/Content/Levels/Arturo/Arturo_Base.umap'
[2016.03.24-16.23.29:635][194]LogSavePackage: Total save time: 31.336647ms
[2016.03.24-16.23.29:635][194]LogSavePackage:Display: Finished SavePackage ../../../../../../Users/u1013042/Documents/Unreal Projects/HideAndSeek/Content/Levels/Arturo/Arturo_Base.umap
[2016.03.24-16.23.29:648][194]LogFileHelpers: Saving map 'Arturo_Base' took 0.179
[2016.03.24-16.23.44:743][371]LogSavePackage: Save=22.157955ms
[2016.03.24-16.23.44:743][371]LogSavePackage: Moving '../../../../../../Users/u1013042/Documents/Unreal Projects/HideAndSeek/Saved/Arpit_BaseD355FC6C41A45FA819A0878860514728.tmp' to '../../../../../../Users/u1013042/Documents/Unreal Projects/HideAndSeek/Content/Levels/Arpit/Arpit_Base.umap'
[2016.03.24-16.23.44:750][371]LogSavePackage: Total save time: 29.995356ms
[2016.03.24-16.23.44:750][371]LogSavePackage:Display: Finished SavePackage ../../../../../../Users/u1013042/Documents/Unreal Projects/HideAndSeek/Content/Levels/Arpit/Arpit_Base.umap
[2016.03.24-16.23.44:762][371]LogFileHelpers: Saving map 'Arpit_Base' took 0.172
[2016.03.24-16.24.14:573][543]Cmd: QUIT_EDITOR
[2016.03.24-16.24.14:672][543]LogExit: Preparing to exit.
[2016.03.24-16.24.15:053][543]LogExit: Editor shut down
[2016.03.24-16.24.15:054][543]LogExit: Transaction tracking system shut down
[2016.03.24-16.24.15:054][543]LogParticles: Destroying 0 GPU particle simulations for FXSystem 0x0000000011B64220
[2016.03.24-16.24.15:054][543]LogParticles: Destroying 0 GPU particle simulations for FXSystem 0x00000000248582C0
[2016.03.24-16.24.15:196][543]LogParticles: Destroying 0 GPU particle simulations for FXSystem 0x0000000011AC9C60
[2016.03.24-16.24.15:196][543]LogExit: Object subsystem successfully closed.
[2016.03.24-16.24.15:206][543]LogD3D11RHI: Shutdown
[2016.03.24-16.24.15:206][543]LogD3D11RHI: CleanupD3DDevice
[2016.03.24-16.24.15:242][543]LogD3D11RHI: ~FD3D11DynamicRHI
[2016.03.24-16.24.15:259][543]LogModuleManager: Shutting down and abandoning module NewLevelDialog (202)
[2016.03.24-16.24.15:259][543]LogModuleManager: Shutting down and abandoning module CookingStats (201)
[2016.03.24-16.24.15:259][543]LogModuleManager: Shutting down and abandoning module ExternalImagePicker (200)
[2016.03.24-16.24.15:259][543]LogModuleManager: Shutting down and abandoning module BlueprintGraph (199)
[2016.03.24-16.24.15:259][543]LogModuleManager: Shutting down and abandoning module CrashTracker (198)
[2016.03.24-16.24.15:259][543]LogModuleManager: Shutting down and abandoning module SceneOutliner (197)
[2016.03.24-16.24.15:259][543]LogModuleManager: Shutting down and abandoning module SuperSearch (196)
[2016.03.24-16.24.15:259][543]LogModuleManager: Shutting down and abandoning module WidgetCarousel (195)
[2016.03.24-16.24.15:259][543]LogModuleManager: Shutting down and abandoning module AddContentDialog (194)
[2016.03.24-16.24.15:260][543]LogModuleManager: Shutting down and abandoning module EditorWidgets (193)
[2016.03.24-16.24.15:260][543]LogModuleManager: Shutting down and abandoning module CollectionManager (192)
[2016.03.24-16.24.15:260][543]LogModuleManager: Shutting down and abandoning module StatsViewer (191)
[2016.03.24-16.24.15:260][543]LogModuleManager: Shutting down and abandoning module FoliageEdit (190)
[2016.03.24-16.24.15:260][543]LogModuleManager: Shutting down and abandoning module LandscapeEditor (189)
[2016.03.24-16.24.15:260][543]LogModuleManager: Shutting down and abandoning module ActorPickerMode (188)
[2016.03.24-16.24.15:260][543]LogModuleManager: Shutting down and abandoning module GeometryMode (187)
[2016.03.24-16.24.15:260][543]LogModuleManager: Shutting down and abandoning module TextureAlignMode (186)
[2016.03.24-16.24.15:260][543]LogModuleManager: Shutting down and abandoning module BspMode (185)
[2016.03.24-16.24.15:260][543]LogModuleManager: Shutting down and abandoning module PlacementMode (184)
[2016.03.24-16.24.15:260][543]LogModuleManager: Shutting down and abandoning module AutomationWorker (183)
[2016.03.24-16.24.15:260][543]LogModuleManager: Shutting down and abandoning module CharacterAI (182)
[2016.03.24-16.24.15:260][543]LogModuleManager: Shutting down and abandoning module SmartSnapping (181)
[2016.03.24-16.24.15:260][543]LogModuleManager: Shutting down and abandoning module ViewportSnapping (180)
[2016.03.24-16.24.15:260][543]LogModuleManager: Shutting down and abandoning module LogVisualizer (179)
[2016.03.24-16.24.15:260][543]LogModuleManager: Shutting down and abandoning module GameProjectGeneration (178)
[2016.03.24-16.24.15:260][543]LogModuleManager: Shutting down and abandoning module IntroTutorials (177)
[2016.03.24-16.24.15:260][543]LogModuleManager: Shutting down and abandoning module EditorLiveStreaming (176)
[2016.03.24-16.24.15:260][543]LogModuleManager: Shutting down and abandoning module IOSPlatformEditor (175)
[2016.03.24-16.24.15:260][543]LogModuleManager: Shutting down and abandoning module HTML5PlatformEditor (174)
[2016.03.24-16.24.15:260][543]LogModuleManager: Shutting down and abandoning module AndroidDeviceDetection (173)
[2016.03.24-16.24.15:274][543]LogModuleManager: Shutting down and abandoning module AndroidPlatformEditor (172)
[2016.03.24-16.24.15:274][543]LogModuleManager: Shutting down and abandoning module IOSRuntimeSettings (171)
[2016.03.24-16.24.15:274][543]LogModuleManager: Shutting down and abandoning module AndroidRuntimeSettings (170)
[2016.03.24-16.24.15:274][543]LogModuleManager: Shutting down and abandoning module MergeActors (169)
[2016.03.24-16.24.15:274][543]LogModuleManager: Shutting down and abandoning module SizeMap (168)
[2016.03.24-16.24.15:274][543]LogModuleManager: Shutting down and abandoning module TreeMap (167)
[2016.03.24-16.24.15:274][543]LogModuleManager: Shutting down and abandoning module ReferenceViewer (166)
[2016.03.24-16.24.15:274][543]LogModuleManager: Shutting down and abandoning module LocalizationService (165)
[2016.03.24-16.24.15:274][543]LogModuleManager: Shutting down and abandoning module LocalizationDashboard (164)
[2016.03.24-16.24.15:274][543]LogModuleManager: Shutting down and abandoning module HardwareTargeting (163)
[2016.03.24-16.24.15:274][543]LogModuleManager: Shutting down and abandoning module DeviceProfileEditor (162)
[2016.03.24-16.24.15:274][543]LogModuleManager: Shutting down and abandoning module UndoHistory (161)
[2016.03.24-16.24.15:274][543]LogModuleManager: Shutting down and abandoning module GameplayTagsEditor (160)
[2016.03.24-16.24.15:274][543]LogModuleManager: Shutting down and abandoning module UserFeedback (159)
[2016.03.24-16.24.15:274][543]LogModuleManager: Shutting down and abandoning module XmlParser (158)
[2016.03.24-16.24.15:274][543]LogModuleManager: Shutting down and abandoning module Blutility (157)
[2016.03.24-16.24.15:274][543]LogModuleManager: Shutting down and abandoning module ProjectTargetPlatformEditor (156)
[2016.03.24-16.24.15:274][543]LogModuleManager: Shutting down and abandoning module ProjectSettingsViewer (155)
[2016.03.24-16.24.15:274][543]LogModuleManager: Shutting down and abandoning module InputBindingEditor (154)
[2016.03.24-16.24.15:274][543]LogModuleManager: Shutting down and abandoning module EditorSettingsViewer (153)
[2016.03.24-16.24.15:274][543]LogModuleManager: Shutting down and abandoning module SettingsEditor (152)
[2016.03.24-16.24.15:274][543]LogModuleManager: Shutting down and abandoning module ProjectLauncher (151)
[2016.03.24-16.24.15:274][543]LogModuleManager: Shutting down and abandoning module SessionFrontend (150)
[2016.03.24-16.24.15:274][543]LogModuleManager: Shutting down and abandoning module ProfilerClient (149)
[2016.03.24-16.24.15:274][543]LogModuleManager: Shutting down and abandoning module TargetDeviceServices (148)
[2016.03.24-16.24.15:274][543]LogModuleManager: Shutting down and abandoning module DeviceManager (147)
[2016.03.24-16.24.15:274][543]LogModuleManager: Shutting down and abandoning module AutomationController (146)
[2016.03.24-16.24.15:274][543]LogModuleManager: Shutting down and abandoning module AutomationWindow (145)
[2016.03.24-16.24.15:274][543]LogModuleManager: Shutting down and abandoning module Layers (144)
[2016.03.24-16.24.15:274][543]LogModuleManager: Shutting down and abandoning module ComponentVisualizers (143)
[2016.03.24-16.24.15:274][543]LogModuleManager: Shutting down and abandoning module DetailCustomizations (142)
[2016.03.24-16.24.15:274][543]LogModuleManager: Shutting down and abandoning module PackagesDialog (141)
[2016.03.24-16.24.15:275][543]LogModuleManager: Shutting down and abandoning module Persona (140)
[2016.03.24-16.24.15:275][543]LogModuleManager: Shutting down and abandoning module Kismet (139)
[2016.03.24-16.24.15:275][543]LogModuleManager: Shutting down and abandoning module GraphEditor (138)
[2016.03.24-16.24.15:275][543]LogModuleManager: Shutting down and abandoning module ClassViewer (137)
[2016.03.24-16.24.15:276][543]LogModuleManager: Shutting down and abandoning module Toolbox (136)
[2016.03.24-16.24.15:276][543]LogModuleManager: Shutting down and abandoning module ModuleUI (135)
[2016.03.24-16.24.15:276][543]LogModuleManager: Shutting down and abandoning module MovieSceneTools (134)
[2016.03.24-16.24.15:276][543]LogModuleManager: Shutting down and abandoning module OutputLog (133)
[2016.03.24-16.24.15:276][543]LogModuleManager: Shutting down and abandoning module GammaUI (132)
[2016.03.24-16.24.15:276][543]LogModuleManager: Shutting down and abandoning module Documentation (131)
[2016.03.24-16.24.15:276][543]LogModuleManager: Shutting down and abandoning module GameLiveStreaming (130)
[2016.03.24-16.24.15:276][543]LogModuleManager: Shutting down and abandoning module StreamingPauseRendering (129)
[2016.03.24-16.24.15:276][543]LogModuleManager: Shutting down and abandoning module AnalyticsET (128)
[2016.03.24-16.24.15:276][543]LogModuleManager: Shutting down and abandoning module Analytics (127)
[2016.03.24-16.24.15:276][543]LogModuleManager: Shutting down and abandoning module AITestSuite (126)
[2016.03.24-16.24.15:276][543]LogModuleManager: Shutting down and abandoning module GameplayDebugger (125)
[2016.03.24-16.24.15:276][543]LogModuleManager: Shutting down and abandoning module AIModule (124)
[2016.03.24-16.24.15:276][543]LogModuleManager: Shutting down and abandoning module ProfilerService (123)
[2016.03.24-16.24.15:359][543]LogModuleManager: Shutting down and abandoning module TaskGraph (122)
[2016.03.24-16.24.15:359][543]LogModuleManager: Shutting down and abandoning module SlateRemote (121)
[2016.03.24-16.24.15:359][543]LogModuleManager: Shutting down and abandoning module SteamVRController (120)
[2016.03.24-16.24.15:359][543]LogModuleManager: Shutting down and abandoning module SteamVR (119)
[2016.03.24-16.24.15:359][543]LogModuleManager: Shutting down and abandoning module ProceduralMeshComponent (118)
[2016.03.24-16.24.15:359][543]LogModuleManager: Shutting down and abandoning module OculusLibrary (117)
[2016.03.24-16.24.15:359][543]LogModuleManager: Shutting down and abandoning module OculusInput (116)
[2016.03.24-16.24.15:359][543]LogModuleManager: Shutting down and abandoning module LeapMotionController (115)
[2016.03.24-16.24.15:367][543]LogModuleManager: Shutting down and abandoning module CustomMeshComponent (114)
[2016.03.24-16.24.15:367][543]LogModuleManager: Shutting down and abandoning module CableComponent (113)
[2016.03.24-16.24.15:367][543]LogModuleManager: Shutting down and abandoning module ArchVisCharacter (112)
[2016.03.24-16.24.15:367][543]LogModuleManager: Shutting down and abandoning module MessagingDebugger (111)
[2016.03.24-16.24.15:367][543]LogModuleManager: Shutting down and abandoning module MediaPlayerEditor (110)
[2016.03.24-16.24.15:367][543]LogModuleManager: Shutting down and abandoning module HTML5Networking (109)
[2016.03.24-16.24.15:367][543]LogModuleManager: Shutting down and abandoning module SpeedTreeImporter (108)
[2016.03.24-16.24.15:367][543]LogModuleManager: Shutting down and abandoning module PluginBrowser (107)
[2016.03.24-16.24.15:367][543]LogModuleManager: Shutting down and abandoning module EpicSurvey (106)
[2016.03.24-16.24.15:367][543]LogModuleManager: Shutting down and abandoning module DesktopPlatform (105)
[2016.03.24-16.24.15:367][543]LogModuleManager: Shutting down and abandoning module VisualStudioSourceCodeAccess (104)
[2016.03.24-16.24.15:367][543]LogModuleManager: Shutting down and abandoning module UObjectPlugin (103)
[2016.03.24-16.24.15:367][543]LogModuleManager: Shutting down and abandoning module SubversionSourceControl (102)
[2016.03.24-16.24.15:367][543]LogModuleManager: Shutting down and abandoning module PerforceSourceControl (101)
[2016.03.24-16.24.15:367][543]LogModuleManager: Shutting down and abandoning module SourceControl (100)
[2016.03.24-16.24.15:367][543]LogModuleManager: Shutting down and abandoning module GitSourceControl (99)
[2016.03.24-16.24.15:367][543]LogModuleManager: Shutting down and abandoning module LightPropagationVolumeEditor (98)
[2016.03.24-16.24.15:367][543]LogModuleManager: Shutting down and abandoning module PaperTiledImporter (97)
[2016.03.24-16.24.15:367][543]LogModuleManager: Shutting down and abandoning module PaperSpriteSheetImporter (96)
[2016.03.24-16.24.15:367][543]LogModuleManager: Shutting down and abandoning module MeshPaint (95)
[2016.03.24-16.24.15:367][543]LogModuleManager: Shutting down and abandoning module SlateReflector (94)
[2016.03.24-16.24.15:367][543]LogModuleManager: Shutting down and abandoning module HotReload (93)
[2016.03.24-16.24.15:367][543]LogModuleManager: Shutting down and abandoning module MainFrame (92)
[2016.03.24-16.24.15:367][543]LogModuleManager: Shutting down and abandoning module LevelEditor (91)
[2016.03.24-16.24.15:368][543]LogModuleManager: Shutting down and abandoning module DirectoryWatcher (90)
[2016.03.24-16.24.15:368][543]LogModuleManager: Shutting down and abandoning module AssetRegistry (89)
[2016.03.24-16.24.15:539][543]LogModuleManager: Shutting down and abandoning module ContentBrowser (88)
[2016.03.24-16.24.15:540][543]LogModuleManager: Shutting down and abandoning module Paper2DEditor (87)
[2016.03.24-16.24.15:540][543]LogModuleManager: Shutting down and abandoning module UdpMessaging (86)
[2016.03.24-16.24.15:640][543]LogModuleManager: Shutting down and abandoning module LightPropagationVolumeRuntime (85)
[2016.03.24-16.24.15:640][543]LogModuleManager: Shutting down and abandoning module Paper2D (84)
[2016.03.24-16.24.15:640][543]LogModuleManager: Shutting down and abandoning module WindowsMoviePlayer (83)
[2016.03.24-16.24.15:642][543]LogModuleManager: Shutting down and abandoning module Media (82)
[2016.03.24-16.24.15:642][543]LogModuleManager: Shutting down and abandoning module WmfMedia (81)
[2016.03.24-16.24.15:643][543]LogModuleManager: Shutting down and abandoning module OnlineBlueprintSupport (80)
[2016.03.24-16.24.15:643][543]LogModuleManager: Shutting down and abandoning module GameplayTasksEditor (79)
[2016.03.24-16.24.15:643][543]LogModuleManager: Shutting down and abandoning module PropertyEditor (78)
[2016.03.24-16.24.15:643][543]LogModuleManager: Shutting down and abandoning module BehaviorTreeEditor (77)
[2016.03.24-16.24.15:643][543]LogModuleManager: Shutting down and abandoning module FunctionalTesting (76)
[2016.03.24-16.24.15:643][543]LogModuleManager: Shutting down and abandoning module CollisionAnalyzer (75)
[2016.03.24-16.24.15:643][543]LogModuleManager: Shutting down and abandoning module WorkspaceMenuStructure (74)
[2016.03.24-16.24.15:643][543]LogModuleManager: Shutting down and abandoning module MessageLog (73)
[2016.03.24-16.24.15:643][543]LogModuleManager: Shutting down and abandoning module Sequencer (72)
[2016.03.24-16.24.15:643][543]LogModuleManager: Shutting down and abandoning module AssetTools (71)
[2016.03.24-16.24.15:643][543]LogModuleManager: Shutting down and abandoning module UMGEditor (70)
[2016.03.24-16.24.15:643][543]LogModuleManager: Shutting down and abandoning module UMG (69)
[2016.03.24-16.24.15:643][543]LogModuleManager: Shutting down and abandoning module Slate (68)
[2016.03.24-16.24.15:643][543]LogModuleManager: Shutting down and abandoning module EditorStyle (67)
[2016.03.24-16.24.15:645][543]LogModuleManager: Shutting down and abandoning module SessionServices (66)
[2016.03.24-16.24.15:645][543]LogModuleManager: Shutting down and abandoning module SourceCodeAccess (65)
[2016.03.24-16.24.15:645][543]LogModuleManager: Shutting down and abandoning module HeadMountedDisplay (64)
[2016.03.24-16.24.15:645][543]LogModuleManager: Shutting down and abandoning module XAudio2 (63)
[2016.03.24-16.24.15:645][543]LogModuleManager: Shutting down and abandoning module Networking (61)
[2016.03.24-16.24.15:645][543]LogModuleManager: Shutting down and abandoning module Core (60)
[2016.03.24-16.24.15:645][543]LogModuleManager: Shutting down and abandoning module KismetCompiler (59)
[2016.03.24-16.24.15:645][543]LogModuleManager: Shutting down and abandoning module PhysXFormats (58)
[2016.03.24-16.24.15:645][543]LogModuleManager: Shutting down and abandoning module MeshUtilities (57)
[2016.03.24-16.24.15:645][543]LogModuleManager: Shutting down and abandoning module DerivedDataCache (56)
[2016.03.24-16.24.15:649][543]LogDerivedDataCache: Shutdown
[2016.03.24-16.24.15:649][543]LogModuleManager: Shutting down and abandoning module ShaderFormatOpenGL (55)
[2016.03.24-16.24.15:649][543]LogModuleManager: Shutting down and abandoning module ShaderFormatD3D (54)
[2016.03.24-16.24.15:649][543]LogModuleManager: Shutting down and abandoning module MetalShaderFormat (53)
[2016.03.24-16.24.15:649][543]LogModuleManager: Shutting down and abandoning module TextureFormatUncompressed (52)
[2016.03.24-16.24.15:649][543]LogModuleManager: Shutting down and abandoning module TextureFormatPVR (51)
[2016.03.24-16.24.15:649][543]LogModuleManager: Shutting down and abandoning module TextureFormatIntelISPCTexComp (50)
[2016.03.24-16.24.15:649][543]LogModuleManager: Shutting down and abandoning module TextureFormatDXT (49)
[2016.03.24-16.24.15:649][543]LogModuleManager: Shutting down and abandoning module ImageWrapper (48)
[2016.03.24-16.24.15:649][543]LogModuleManager: Shutting down and abandoning module TextureFormatASTC (47)
[2016.03.24-16.24.15:649][543]LogModuleManager: Shutting down and abandoning module TextureFormatAndroid (46)
[2016.03.24-16.24.15:649][543]LogModuleManager: Shutting down and abandoning module AudioFormatOpus (45)
[2016.03.24-16.24.15:649][543]LogModuleManager: Shutting down and abandoning module AudioFormatOgg (44)
[2016.03.24-16.24.15:649][543]LogModuleManager: Shutting down and abandoning module AudioFormatADPCM (43)
[2016.03.24-16.24.15:649][543]LogModuleManager: Shutting down and abandoning module LinuxTargetPlatform (42)
[2016.03.24-16.24.15:649][543]LogModuleManager: Shutting down and abandoning module LinuxServerTargetPlatform (41)
[2016.03.24-16.24.15:649][543]LogModuleManager: Shutting down and abandoning module LinuxNoEditorTargetPlatform (40)
[2016.03.24-16.24.15:649][543]LogModuleManager: Shutting down and abandoning module Messaging (39)
[2016.03.24-16.24.15:649][543]LogModuleManager: Shutting down and abandoning module IOSTargetPlatform (38)
[2016.03.24-16.24.15:649][543]LogModuleManager: Shutting down and abandoning module HTML5TargetPlatform (37)
[2016.03.24-16.24.15:649][543]LogModuleManager: Shutting down and abandoning module Android_PVRTCTargetPlatform (36)
[2016.03.24-16.24.15:649][543]LogModuleManager: Shutting down and abandoning module Android_MultiTargetPlatform (35)
[2016.03.24-16.24.15:649][543]LogModuleManager: Shutting down and abandoning module Android_ETC2TargetPlatform (34)
[2016.03.24-16.24.15:649][543]LogModuleManager: Shutting down and abandoning module Android_ETC1TargetPlatform (33)
[2016.03.24-16.24.15:649][543]LogModuleManager: Shutting down and abandoning module Android_DXTTargetPlatform (32)
[2016.03.24-16.24.15:649][543]LogModuleManager: Shutting down and abandoning module Android_ATCTargetPlatform (31)
[2016.03.24-16.24.15:649][543]LogModuleManager: Shutting down and abandoning module Android_ASTCTargetPlatform (30)
[2016.03.24-16.24.15:649][543]LogModuleManager: Shutting down and abandoning module AndroidTargetPlatform (29)
[2016.03.24-16.24.15:649][543]LogModuleManager: Shutting down and abandoning module WindowsTargetPlatform (28)
[2016.03.24-16.24.15:649][543]LogModuleManager: Shutting down and abandoning module WindowsServerTargetPlatform (27)
[2016.03.24-16.24.15:649][543]LogModuleManager: Shutting down and abandoning module WindowsNoEditorTargetPlatform (26)
[2016.03.24-16.24.15:649][543]LogModuleManager: Shutting down and abandoning module WindowsClientTargetPlatform (25)
[2016.03.24-16.24.15:649][543]LogModuleManager: Shutting down and abandoning module AllDesktopTargetPlatform (24)
[2016.03.24-16.24.15:649][543]LogModuleManager: Shutting down and abandoning module TargetPlatform (23)
[2016.03.24-16.24.15:649][543]LogModuleManager: Shutting down and abandoning module InputCore (22)
[2016.03.24-16.24.15:649][543]LogModuleManager: Shutting down and abandoning module Settings (21)
[2016.03.24-16.24.15:649][543]LogModuleManager: Shutting down and abandoning module OnlineSubsystem (19)
[2016.03.24-16.24.15:649][543]LogModuleManager: Shutting down and abandoning module HTTP (18)
[2016.03.24-16.24.16:649][543]LogModuleManager: Shutting down and abandoning module XMPP (17)
[2016.03.24-16.24.16:649][543]LogModuleManager: Shutting down and abandoning module OculusRift (16)
[2016.03.24-16.24.16:649][543]LogModuleManager: Shutting down and abandoning module ExampleDeviceProfileSelector (15)
[2016.03.24-16.24.16:649][543]LogModuleManager: Shutting down and abandoning module TextureCompressor (14)
[2016.03.24-16.24.16:649][543]LogModuleManager: Shutting down and abandoning module ShaderCore (13)
[2016.03.24-16.24.16:649][543]LogModuleManager: Shutting down and abandoning module Landscape (12)
[2016.03.24-16.24.16:649][543]LogModuleManager: Shutting down and abandoning module SlateRHIRenderer (11)
[2016.03.24-16.24.16:649][543]LogModuleManager: Shutting down and abandoning module OpenGLDrv (10)
[2016.03.24-16.24.16:649][543]LogModuleManager: Shutting down and abandoning module D3D11RHI (9)
[2016.03.24-16.24.16:649][543]LogModuleManager: Shutting down and abandoning module AnimGraphRuntime (8)
[2016.03.24-16.24.16:649][543]LogModuleManager: Shutting down and abandoning module Renderer (7)
[2016.03.24-16.24.16:649][543]LogModuleManager: Shutting down and abandoning module Engine (6)
[2016.03.24-16.24.16:649][543]LogModuleManager: Shutting down and abandoning module CoreUObject (5)
[2016.03.24-16.24.16:649][543]LogModuleManager: Shutting down and abandoning module NetworkFile (4)
[2016.03.24-16.24.16:649][543]LogModuleManager: Shutting down and abandoning module StreamingFile (3)
[2016.03.24-16.24.16:649][543]LogModuleManager: Shutting down and abandoning module SandboxFile (2)
[2016.03.24-16.24.16:649][543]LogModuleManager: Shutting down and abandoning module PakFile (1)
[2016.03.24-16.24.16:651][543]LogExit: Exiting.
[2016.03.24-16.24.16:658][543]Log file closed, 03/24/16 10:24:16
