[2016.03.28-23.39.02:480][  0]Log file open, 03/28/16 17:39:02
[2016.03.28-23.39.02:480][  0]LogInit:Display: Running engine for game: HideAndSeek
[2016.03.28-23.39.02:480][  0]LogPlatformFile: Not using cached read wrapper
[2016.03.28-23.39.02:480][  0]LogInit:Display: RandInit(-317863162) SRandInit(-317863160).
[2016.03.28-23.39.02:480][  0]LogTaskGraph: Started task graph with 4 named threads and 5 total threads.
[2016.03.28-23.39.02:480][  0]LogStats: Stats thread started at 0.150590
[2016.03.28-23.39.02:480][  0]LogInit: Version: 4.10.4-2872498+++depot+UE4-Releases+4.10
[2016.03.28-23.39.02:480][  0]LogInit: API Version: 2758231
[2016.03.28-23.39.02:480][  0]LogInit: Compiled (64-bit): Feb 18 2016 15:47:04
[2016.03.28-23.39.02:480][  0]LogInit: Compiled with Visual C++: 19.00.23026.00
[2016.03.28-23.39.02:480][  0]LogInit: Build Configuration: Development
[2016.03.28-23.39.02:480][  0]LogInit: Branch Name: ++depot+UE4-Releases+4.10
[2016.03.28-23.39.02:480][  0]LogInit: Command line: -EpicPortal 
[2016.03.28-23.39.02:480][  0]LogInit: Base directory: C:/Program Files (x86)/Epic Games/4.10/Engine/Binaries/Win64/
[2016.03.28-23.39.02:480][  0]LogInit: Rocket: 1
[2016.03.28-23.39.02:670][  0]LogInit: Using libcurl 7.41.0
[2016.03.28-23.39.02:670][  0]LogInit:  - built for x86_64-pc-win32
[2016.03.28-23.39.02:670][  0]LogInit:  - supports SSL with WinSSL
[2016.03.28-23.39.02:670][  0]LogInit:  - other features:
[2016.03.28-23.39.02:670][  0]LogInit:      CURL_VERSION_SSL
[2016.03.28-23.39.02:670][  0]LogInit:      CURL_VERSION_IPV6
[2016.03.28-23.39.02:670][  0]LogInit:      CURL_VERSION_ASYNCHDNS
[2016.03.28-23.39.02:670][  0]LogInit:      CURL_VERSION_LARGEFILE
[2016.03.28-23.39.02:670][  0]LogInit:      CURL_VERSION_IDN
[2016.03.28-23.39.02:671][  0]LogInit:  CurlRequestOptions (configurable via config and command line):
[2016.03.28-23.39.02:671][  0]LogInit:  - bVerifyPeer = true  - Libcurl will verify peer certificate
[2016.03.28-23.39.02:671][  0]LogInit:  - bUseHttpProxy = false  - Libcurl will NOT use HTTP proxy
[2016.03.28-23.39.02:671][  0]LogInit:  - bDontReuseConnections = false  - Libcurl will reuse connections
[2016.03.28-23.39.02:671][  0]LogInit:  - CertBundlePath = nullptr  - Libcurl will use whatever was configured at build time.
[2016.03.28-23.39.02:796][  0]LogInit: WinSock: version 1.1 (2.2), MaxSocks=32767, MaxUdp=65467
[2016.03.28-23.39.02:884][  0]LogVoice:Warning: Failed to initialize voice interface
[2016.03.28-23.39.02:894][  0]LogInit: Presizing for 0 objects not considered by GC, pre-allocating 0 bytes.
[2016.03.28-23.39.02:928][  0]LogInit: Object subsystem initialized
[2016.03.28-23.39.02:933][  0]LogInit: Selected Device Profile: [Windows]
[2016.03.28-23.39.02:933][  0]LogInit: Applying CVar settings loaded from the selected device profile: [Windows]
[2016.03.28-23.39.02:993][  0]LogInit: Computer: ART
[2016.03.28-23.39.02:993][  0]LogInit: User: artur
[2016.03.28-23.39.02:993][  0]LogInit: CPU Page size=4096, Cores=2
[2016.03.28-23.39.02:993][  0]LogInit: High frequency timer resolution =2.115887 MHz
[2016.03.28-23.39.02:994][  0]LogMemory: Memory total: Physical=3.9GB (4GB approx)
[2016.03.28-23.39.02:994][  0]LogMemory: Platform Memory Stats for Windows
[2016.03.28-23.39.02:994][  0]LogMemory: Process Physical Memory: 57.45 MB used, 57.45 MB peak
[2016.03.28-23.39.02:994][  0]LogMemory: Process Virtual Memory: 57.68 MB used, 57.68 MB peak
[2016.03.28-23.39.02:994][  0]LogMemory: Physical Memory: 3276.02 MB used, 3979.21 MB total
[2016.03.28-23.39.02:994][  0]LogMemory: Virtual Memory: 379.77 MB used, 134217728.00 MB total
[2016.03.28-23.39.03:158][  0]LogTextLocalizationManager: No specific translations for ('en-US') exist, so ('en') translations will be used.
[2016.03.28-23.39.04:705][  0]LogD3D11RHI: Found D3D11 adapter 0: Intel(R) HD Graphics (Feature Level 11_0)
[2016.03.28-23.39.04:705][  0]LogD3D11RHI: Adapter has 64MB of dedicated video memory, 0MB of dedicated system memory, and 1728MB of shared system memory, 1 output[s]
[2016.03.28-23.39.04:711][  0]LogD3D11RHI: Found D3D11 adapter 1: Microsoft Basic Render Driver (Feature Level 11_0)
[2016.03.28-23.39.04:711][  0]LogD3D11RHI: Adapter has 0MB of dedicated video memory, 0MB of dedicated system memory, and 1989MB of shared system memory, 0 output[s]
[2016.03.28-23.39.04:711][  0]LogD3D11RHI: Chosen D3D11 Adapter Id = 0
[2016.03.28-23.39.04:740][  0]LogD3D11RHI: !Direct3DDevice
[2016.03.28-23.39.04:740][  0]LogRHI: Texture pool is 649 MB (70% of 928 MB)
[2016.03.28-23.39.04:753][  0]LogD3D11RHI: Async texture creation enabled
[2016.03.28-23.39.04:769][  0]LogShaderCompilers: Guid format shader working directory is -8 characters bigger than the processId version (../../../../../../Users/artur/Desktop/GIT/HideAndSeek/Intermediate/Shaders/WorkingDirectory/38936/).
[2016.03.28-23.39.04:770][  0]LogShaderCompilers: Cleaned the shader compiler working directory 'C:/Users/artur/AppData/Local/Temp/UnrealShaderWorkingDir/858F2825427E38310368C783CA133DCC/'.
[2016.03.28-23.39.04:770][  0]LogShaderCompilers:Display: Using Local Shader Compiler.
[2016.03.28-23.39.08:614][  0]LogTemp:Display: Loaded TP AllDesktopTargetPlatform
[2016.03.28-23.39.08:632][  0]LogTemp:Display: Loaded TP WindowsClientTargetPlatform
[2016.03.28-23.39.08:649][  0]LogTemp:Display: Loaded TP WindowsNoEditorTargetPlatform
[2016.03.28-23.39.08:668][  0]LogTemp:Display: Loaded TP WindowsServerTargetPlatform
[2016.03.28-23.39.08:682][  0]LogTemp:Display: Loaded TP WindowsTargetPlatform
[2016.03.28-23.39.08:694][  0]LogTemp:Display: Loaded TP AndroidTargetPlatform
[2016.03.28-23.39.08:705][  0]LogTemp:Display: Loaded TP Android_ASTCTargetPlatform
[2016.03.28-23.39.08:717][  0]LogTemp:Display: Loaded TP Android_ATCTargetPlatform
[2016.03.28-23.39.08:728][  0]LogTemp:Display: Loaded TP Android_DXTTargetPlatform
[2016.03.28-23.39.08:740][  0]LogTemp:Display: Loaded TP Android_ETC1TargetPlatform
[2016.03.28-23.39.08:752][  0]LogTemp:Display: Loaded TP Android_ETC2TargetPlatform
[2016.03.28-23.39.08:775][  0]LogTemp:Display: Loaded TP Android_MultiTargetPlatform
[2016.03.28-23.39.08:775][  0]LogTemp:Display: Loaded TP Android_PVRTCTargetPlatform
[2016.03.28-23.39.08:779][  0]LogTemp:Display: Loaded TP HTML5TargetPlatform
[2016.03.28-23.39.08:809][  0]LogTemp:Display: Loaded TP IOSTargetPlatform
[2016.03.28-23.39.08:820][  0]LogTemp:Display: Loaded TP LinuxNoEditorTargetPlatform
[2016.03.28-23.39.08:831][  0]LogTemp:Display: Loaded TP LinuxServerTargetPlatform
[2016.03.28-23.39.08:844][  0]LogTemp:Display: Loaded TP LinuxTargetPlatform
[2016.03.28-23.39.08:844][  0]LogTargetPlatformManager:Display: Building Assets For Windows
[2016.03.28-23.39.09:201][  0]LogDerivedDataCache:Display: Max Cache Size: 512 MB
[2016.03.28-23.39.09:390][  0]LogDerivedDataCache: Loaded boot cache 0.19s 41MB C:/Users/artur/AppData/Local/UnrealEngine/4.10/DerivedDataCache/Boot.ddc.
[2016.03.28-23.39.09:390][  0]LogDerivedDataCache:Display: Loaded Boot cache: C:/Users/artur/AppData/Local/UnrealEngine/4.10/DerivedDataCache/Boot.ddc
[2016.03.28-23.39.09:390][  0]LogDerivedDataCache: FDerivedDataBackendGraph:  Pak pak cache file ../../../../../../Users/artur/Desktop/GIT/HideAndSeek/DerivedDataCache/DDC.ddp not found, will not use a pak cache.
[2016.03.28-23.39.09:390][  0]LogDerivedDataCache: Unable to find inner node Pak for hierarchical cache Hierarchy.
[2016.03.28-23.39.09:390][  0]LogDerivedDataCache: FDerivedDataBackendGraph:  CompressedPak pak cache file ../../../../../../Users/artur/Desktop/GIT/HideAndSeek/DerivedDataCache/Compressed.ddp not found, will not use a pak cache.
[2016.03.28-23.39.09:390][  0]LogDerivedDataCache: Unable to find inner node CompressedPak for hierarchical cache Hierarchy.
[2016.03.28-23.39.09:590][  0]LogDerivedDataCache:Display: Pak cache opened for reading ../../../Engine/DerivedDataCache/Compressed.ddp.
[2016.03.28-23.39.09:605][  0]LogDerivedDataCache: Using Local data cache path C:/Users/artur/AppData/Local/UnrealEngine/Common/DerivedDataCache: Writable
[2016.03.28-23.39.10:490][  0]LogInit: Selected Device Profile: [Windows]
[2016.03.28-23.39.10:502][  0]LogContentStreaming: Texture pool size is 0.000000MB
[2016.03.28-23.39.10:997][  0]LogMeshUtilities: No automatic mesh reduction module available
[2016.03.28-23.39.10:997][  0]LogMeshUtilities: No automatic mesh merging module available
[2016.03.28-23.39.16:034][  0]UdpMessaging: Initializing bridge on interface 0.0.0.0:0 to multicast group 230.0.0.1:6666.
[2016.03.28-23.39.16:241][  0]LogAssetRegistry: FAssetRegistry took 0.0117 seconds to start up
[2016.03.28-23.39.17:026][  0]SourceControl: Info Source control is disabled
[2016.03.28-23.39.22:006][  0]LogObj: 28633 objects as part of root set at end of initial load.
[2016.03.28-23.39.22:006][  0]LogUObjectAllocator: 6099752 out of 0 bytes used by permanent object pool.
[2016.03.28-23.39.22:176][  0]LogEngine: Initializing Engine...
[2016.03.28-23.39.22:196][  0]LogHMD: Can't find Oculus library dev build: is proper Runtime installed? Version: 0.8.0.0
[2016.03.28-23.39.22:198][  0]LogHMD: SteamVR failed to initialize.  Err: 110
[2016.03.28-23.39.22:735][  0]LogAIModule: Creating AISystem for world NewWorld
[2016.03.28-23.39.22:752][  0]LogInit: XAudio2 using 'Speakers / Headphones (Realtek High Definition Audio)' : 2 channels at 48 kHz using 32 bits per sample (channel mask 0x3)
[2016.03.28-23.39.22:820][  0]LogInit: FAudioDevice initialized.
[2016.03.28-23.39.22:940][  0]LogDerivedDataCache: Saved boot cache 0.12s 41MB C:/Users/artur/AppData/Local/UnrealEngine/4.10/DerivedDataCache/Boot.ddc.
[2016.03.28-23.39.22:969][  0]LogInit: Texture streaming: Enabled
[2016.03.28-23.39.22:988][  0]LogAnalytics: Creating configured Analytics provider AnalyticsET
[2016.03.28-23.39.22:988][  0]LogAnalytics: [UEEditor.Rocket.Release] APIServer = http://et2.epicgames.com/ET2/. AppVersion = 4.10.4-2872498+++depot+UE4-Releases+4.10
[2016.03.28-23.39.22:988][  0]LogAnalytics: [UEEditor.Rocket.Release] SetUserId d12ab79c4c069a4bd5438b9f1f788b16|07c8a418bbf844ed905b9eb4f5c0aaca|32f11ad8-5334-458f-b641-5aaf097ddea5
[2016.03.28-23.39.22:988][  0]LogAnalytics: [UEEditor.Rocket.Release] AnalyticsET::StartSession
[2016.03.28-23.39.23:091][  0]LogInit: Transaction tracking system initialized
[2016.03.28-23.39.23:208][  0]BlueprintLog: New page: Editor Load
[2016.03.28-23.39.23:545][  0]LocalizationService: Info Localization service is disabled
[2016.03.28-23.39.24:474][  0]LogConsoleResponse:Display: 
[2016.03.28-23.39.25:365][  0]LogFileCache: Scanning file cache for directory 'C:/Users/artur/Desktop/GIT/HideAndSeek/Content/' took 0.09s
[2016.03.28-23.39.25:365][  0]LogCook:Display: Done creating registry. It took  0.00s.
[2016.03.28-23.39.27:414][  0]Cmd: MAP LOAD FILE="../../../../../../Users/artur/Desktop/GIT/HideAndSeek/Content/Levels/Arturo/Arturo_Base.umap" TEMPLATE=0 SHOWPROGRESS=1 FEATURELEVEL=3
[2016.03.28-23.39.27:466][  0]LightingResults: New page: Lighting Build
[2016.03.28-23.39.27:474][  0]MapCheck: New page: Map Check
[2016.03.28-23.39.27:474][  0]LightingResults: New page: Lighting Build
[2016.03.28-23.39.27:539][  0]LogParticles: Destroying 0 GPU particle simulations for FXSystem 0x0000027AEEAFF6A0
[2016.03.28-23.39.29:005][  0]LogAIModule: Creating AISystem for world Arturo_Base
[2016.03.28-23.39.29:021][  0]LogEditorServer: Finished looking for orphan Actors (0.000 secs)
[2016.03.28-23.39.29:047][  0]Cmd: MAP CHECKDEP NOCLEARLOG
[2016.03.28-23.39.29:342][  0]MapCheck: Info Map check complete: 0 Error(s), 0 Warning(s), took 295.412ms to complete.
[2016.03.28-23.39.29:343][  0]LogFileHelpers: Loading map 'Arturo_Base' took 1.930
[2016.03.28-23.39.33:226][  0]LogCollectionManager: Loaded 0 collections in 0.004909 seconds
[2016.03.28-23.39.33:417][  0]LogFileCache: Scanning file cache for directory 'C:/Users/artur/Desktop/GIT/HideAndSeek/Saved/Collections/' took 0.01s
[2016.03.28-23.39.33:417][  0]LogFileCache: Scanning file cache for directory 'C:/Users/artur/Desktop/GIT/HideAndSeek/Content/Developers/artur/Collections/' took 0.01s
[2016.03.28-23.39.33:417][  0]LogFileCache: Scanning file cache for directory 'C:/Users/artur/Desktop/GIT/HideAndSeek/Content/Collections/' took 0.01s
[2016.03.28-23.39.33:417][  0]LogCollectionManager: Rebuilt the GUID cache for 0 collections in 0.000003 seconds
[2016.03.28-23.39.33:445][  0]LogContentBrowser: Native class hierarchy populated in 0.0276 seconds. Added 1893 classes and 338 folders.
[2016.03.28-23.39.33:573][  0]LogContentBrowser: Native class hierarchy updated for 'WidgetCarousel' in 0.0011 seconds. Added 0 classes and 0 folders.
[2016.03.28-23.39.35:842][  0]LogContentBrowser: Native class hierarchy updated for 'AddContentDialog' in 0.0010 seconds. Added 0 classes and 0 folders.
[2016.03.28-23.39.36:021][  0]LogContentBrowser: Native class hierarchy updated for 'SceneOutliner' in 0.0010 seconds. Added 1 classes and 2 folders.
[2016.03.28-23.39.38:593][  0]LogCrashTracker: Crashtracker disabled due to settings.
[2016.03.28-23.39.38:777][  0]LogUObjectGlobals:Warning: Failed to find object 'Class None.'
[2016.03.28-23.39.38:848][  0]LogLoad: Full Startup: 38.29 seconds (BP compile: 0.23 seconds)
[2016.03.28-23.39.38:859][  0]LogWindowsTextInputMethodSystem:Display: IME system now deactivated.
[2016.03.28-23.39.38:859][  0]LogWindowsTextInputMethodSystem:Display: IME system now deactivated.
[2016.03.28-23.39.38:877][  0]LogOcInput: Can't find Oculus library dev build: is proper Runtime installed? Version: 0.8.0.0
[2016.03.28-23.39.39:943][  0]SourceControl: Info On branch Arturo
[2016.03.28-23.39.39:943][  0]SourceControl: Info Your branch is up-to-date with 'origin/Arturo'.
[2016.03.28-23.39.39:943][  0]SourceControl: Info Changes to be committed:
[2016.03.28-23.39.39:943][  0]SourceControl: Info   (use "git reset HEAD <file>..." to unstage)
[2016.03.28-23.39.39:943][  0]SourceControl: Info 	new file:   Content/Blueprints/Arturo/CustomMode.uasset
[2016.03.28-23.39.39:943][  0]SourceControl: Info 	modified:   Content/Blueprints/Arturo/GenericMode.uasset
[2016.03.28-23.39.39:943][  0]SourceControl: Info 	deleted:    Content/Blueprints/Arturo/HiderMode.uasset
[2016.03.28-23.39.39:943][  0]SourceControl: Info 	deleted:    Content/Blueprints/Arturo/SeekerMode.uasset
[2016.03.28-23.39.39:943][  0]SourceControl: Info 	new file:   Content/GameModes/TestMode.uasset
[2016.03.28-23.39.39:943][  0]SourceControl: Info 	new file:   Content/Levels/Arturo/Menus.umap
[2016.03.28-23.39.39:943][  0]SourceControl: Info Changes not staged for commit:
[2016.03.28-23.39.39:943][  0]SourceControl: Info   (use "git add <file>..." to update what will be committed)
[2016.03.28-23.39.39:943][  0]SourceControl: Info   (use "git checkout -- <file>..." to discard changes in working directory)
[2016.03.28-23.39.39:943][  0]SourceControl: Info 	modified:   Config/DefaultEngine.ini
[2016.03.28-23.39.39:943][  0]SourceControl: Info 	modified:   Content/Blueprints/Arturo/GenericController.uasset
[2016.03.28-23.39.39:944][  0]SourceControl: Info 	modified:   Content/Blueprints/Arturo/SelectionInstance.uasset
[2016.03.28-23.39.39:944][  0]SourceControl: Info 	modified:   Content/Blueprints/Arturo/Widgets/SelectMenu.uasset
[2016.03.28-23.39.39:944][  0]SourceControl: Info 	modified:   Content/Blueprints/Arturo/Widgets/StartMenu.uasset
[2016.03.28-23.39.39:944][  0]SourceControl: Info 	modified:   Content/GameModes/TestMode.uasset
[2016.03.28-23.39.39:944][  0]SourceControl: Info 	modified:   Content/Levels/Arturo/Arturo_Base.umap
[2016.03.28-23.39.39:944][  0]SourceControl: Info 	modified:   Content/Levels/Arturo/Menus.umap
[2016.03.28-23.39.39:944][  0]SourceControl: Info 	modified:   Intermediate/CachedAssetRegistry.bin
[2016.03.28-23.39.39:944][  0]SourceControl: Info 	modified:   Intermediate/Config/CoalescedSourceConfigs/Engine.ini
[2016.03.28-23.39.39:944][  0]SourceControl: Info 	modified:   Intermediate/Config/CoalescedSourceConfigs/Game.ini
[2016.03.28-23.39.39:944][  0]SourceControl: Info 	modified:   Intermediate/Config/CoalescedSourceConfigs/Input.ini
[2016.03.28-23.39.39:944][  0]SourceControl: Info 	modified:   Saved/AutoScreenshot.png
[2016.03.28-23.39.39:944][  0]SourceControl: Info 	modified:   Saved/Config/Windows/Editor.ini
[2016.03.28-23.39.39:944][  0]SourceControl: Info 	modified:   Saved/Config/Windows/EditorPerProjectUserSettings.ini
[2016.03.28-23.39.39:944][  0]SourceControl: Info 	modified:   Saved/Config/Windows/Engine.ini
[2016.03.28-23.39.39:944][  0]SourceControl: Info 	modified:   Saved/Logs/HideAndSeek.log
[2016.03.28-23.39.39:944][  0]SourceControl: Info 	modified:   Saved/Logs/HideAndSeek_2.log
[2016.03.28-23.39.39:944][  0]LogContentStreaming: Texture pool size now 200 MB
[2016.03.28-23.39.41:647][  0]LogRenderer: Reallocating scene render targets to support 796x368 (Frame:2).
[2016.03.28-23.39.43:913][  8]LogAssetRegistry: Asset discovery search completed in 27.6836 seconds
[2016.03.28-23.39.43:914][  8]LogCollectionManager: Rebuilt the object cache for 0 collections in 0.000003 seconds (found 0 objects)
[2016.03.28-23.39.43:914][  8]LogCollectionManager: Fixed up redirectors for 0 collections in 0.000066 seconds (updated 0 objects)
[2016.03.28-23.40.59:030][285]Cmd: QUIT_EDITOR
[2016.03.28-23.40.59:260][285]LogWindowsTextInputMethodSystem:Display: IME system now deactivated.
[2016.03.28-23.40.59:260][285]LogWindowsTextInputMethodSystem:Display: IME system now deactivated.
[2016.03.28-23.40.59:462][285]LogExit: Preparing to exit.
[2016.03.28-23.41.00:481][285]LogExit: Editor shut down
[2016.03.28-23.41.00:482][285]LogExit: Transaction tracking system shut down
[2016.03.28-23.41.00:487][285]LogParticles: Destroying 0 GPU particle simulations for FXSystem 0x0000027ADDCFAD40
[2016.03.28-23.41.00:487][285]LogParticles: Destroying 0 GPU particle simulations for FXSystem 0x0000027AE0291260
[2016.03.28-23.41.00:828][285]LogExit: Object subsystem successfully closed.
[2016.03.28-23.41.00:858][285]LogD3D11RHI: Shutdown
[2016.03.28-23.41.00:858][285]LogD3D11RHI: CleanupD3DDevice
[2016.03.28-23.41.01:083][285]LogD3D11RHI: ~FD3D11DynamicRHI
[2016.03.28-23.41.01:158][285]LogModuleManager: Shutting down and abandoning module CrashTracker (200)
[2016.03.28-23.41.01:158][285]LogModuleManager: Shutting down and abandoning module SceneOutliner (199)
[2016.03.28-23.41.01:158][285]LogModuleManager: Shutting down and abandoning module SuperSearch (198)
[2016.03.28-23.41.01:158][285]LogModuleManager: Shutting down and abandoning module WidgetCarousel (197)
[2016.03.28-23.41.01:158][285]LogModuleManager: Shutting down and abandoning module AddContentDialog (196)
[2016.03.28-23.41.01:160][285]LogModuleManager: Shutting down and abandoning module EditorWidgets (195)
[2016.03.28-23.41.01:161][285]LogModuleManager: Shutting down and abandoning module CollectionManager (194)
[2016.03.28-23.41.01:161][285]LogModuleManager: Shutting down and abandoning module StatsViewer (193)
[2016.03.28-23.41.01:161][285]LogModuleManager: Shutting down and abandoning module FoliageEdit (192)
[2016.03.28-23.41.01:161][285]LogModuleManager: Shutting down and abandoning module LandscapeEditor (191)
[2016.03.28-23.41.01:161][285]LogModuleManager: Shutting down and abandoning module ActorPickerMode (190)
[2016.03.28-23.41.01:161][285]LogModuleManager: Shutting down and abandoning module GeometryMode (189)
[2016.03.28-23.41.01:161][285]LogModuleManager: Shutting down and abandoning module TextureAlignMode (188)
[2016.03.28-23.41.01:162][285]LogModuleManager: Shutting down and abandoning module BspMode (187)
[2016.03.28-23.41.01:162][285]LogModuleManager: Shutting down and abandoning module PlacementMode (186)
[2016.03.28-23.41.01:162][285]LogModuleManager: Shutting down and abandoning module AutomationWorker (185)
[2016.03.28-23.41.01:162][285]LogModuleManager: Shutting down and abandoning module CharacterAI (184)
[2016.03.28-23.41.01:162][285]LogModuleManager: Shutting down and abandoning module SmartSnapping (183)
[2016.03.28-23.41.01:162][285]LogModuleManager: Shutting down and abandoning module ViewportSnapping (182)
[2016.03.28-23.41.01:162][285]LogModuleManager: Shutting down and abandoning module LogVisualizer (181)
[2016.03.28-23.41.01:162][285]LogModuleManager: Shutting down and abandoning module GameProjectGeneration (180)
[2016.03.28-23.41.01:162][285]LogModuleManager: Shutting down and abandoning module IntroTutorials (179)
[2016.03.28-23.41.01:162][285]LogModuleManager: Shutting down and abandoning module EditorLiveStreaming (178)
[2016.03.28-23.41.01:162][285]LogModuleManager: Shutting down and abandoning module IOSPlatformEditor (177)
[2016.03.28-23.41.01:162][285]LogModuleManager: Shutting down and abandoning module HTML5PlatformEditor (176)
[2016.03.28-23.41.01:162][285]LogModuleManager: Shutting down and abandoning module AndroidDeviceDetection (175)
[2016.03.28-23.41.02:079][285]LogModuleManager: Shutting down and abandoning module AndroidPlatformEditor (174)
[2016.03.28-23.41.02:079][285]LogModuleManager: Shutting down and abandoning module IOSRuntimeSettings (173)
[2016.03.28-23.41.02:079][285]LogModuleManager: Shutting down and abandoning module AndroidRuntimeSettings (172)
[2016.03.28-23.41.02:079][285]LogModuleManager: Shutting down and abandoning module MergeActors (171)
[2016.03.28-23.41.02:079][285]LogModuleManager: Shutting down and abandoning module SizeMap (170)
[2016.03.28-23.41.02:079][285]LogModuleManager: Shutting down and abandoning module TreeMap (169)
[2016.03.28-23.41.02:079][285]LogModuleManager: Shutting down and abandoning module ReferenceViewer (168)
[2016.03.28-23.41.02:079][285]LogModuleManager: Shutting down and abandoning module LocalizationService (167)
[2016.03.28-23.41.02:079][285]LogModuleManager: Shutting down and abandoning module LocalizationDashboard (166)
[2016.03.28-23.41.02:079][285]LogModuleManager: Shutting down and abandoning module HardwareTargeting (165)
[2016.03.28-23.41.02:079][285]LogModuleManager: Shutting down and abandoning module DeviceProfileEditor (164)
[2016.03.28-23.41.02:080][285]LogModuleManager: Shutting down and abandoning module UndoHistory (163)
[2016.03.28-23.41.02:080][285]LogModuleManager: Shutting down and abandoning module GameplayTagsEditor (162)
[2016.03.28-23.41.02:080][285]LogModuleManager: Shutting down and abandoning module UserFeedback (161)
[2016.03.28-23.41.02:080][285]LogModuleManager: Shutting down and abandoning module XmlParser (160)
[2016.03.28-23.41.02:080][285]LogModuleManager: Shutting down and abandoning module Blutility (159)
[2016.03.28-23.41.02:080][285]LogModuleManager: Shutting down and abandoning module ProjectTargetPlatformEditor (158)
[2016.03.28-23.41.02:080][285]LogModuleManager: Shutting down and abandoning module ProjectSettingsViewer (157)
[2016.03.28-23.41.02:080][285]LogModuleManager: Shutting down and abandoning module InputBindingEditor (156)
[2016.03.28-23.41.02:080][285]LogModuleManager: Shutting down and abandoning module EditorSettingsViewer (155)
[2016.03.28-23.41.02:080][285]LogModuleManager: Shutting down and abandoning module SettingsEditor (154)
[2016.03.28-23.41.02:080][285]LogModuleManager: Shutting down and abandoning module ProjectLauncher (153)
[2016.03.28-23.41.02:080][285]LogModuleManager: Shutting down and abandoning module SessionFrontend (152)
[2016.03.28-23.41.02:080][285]LogModuleManager: Shutting down and abandoning module ProfilerClient (151)
[2016.03.28-23.41.02:081][285]LogModuleManager: Shutting down and abandoning module TargetDeviceServices (150)
[2016.03.28-23.41.02:081][285]LogModuleManager: Shutting down and abandoning module DeviceManager (149)
[2016.03.28-23.41.02:081][285]LogModuleManager: Shutting down and abandoning module AutomationController (148)
[2016.03.28-23.41.02:081][285]LogModuleManager: Shutting down and abandoning module AutomationWindow (147)
[2016.03.28-23.41.02:081][285]LogModuleManager: Shutting down and abandoning module Layers (146)
[2016.03.28-23.41.02:081][285]LogModuleManager: Shutting down and abandoning module ComponentVisualizers (145)
[2016.03.28-23.41.02:081][285]LogModuleManager: Shutting down and abandoning module DetailCustomizations (144)
[2016.03.28-23.41.02:081][285]LogModuleManager: Shutting down and abandoning module PackagesDialog (143)
[2016.03.28-23.41.02:081][285]LogModuleManager: Shutting down and abandoning module Persona (142)
[2016.03.28-23.41.02:081][285]LogModuleManager: Shutting down and abandoning module Kismet (141)
[2016.03.28-23.41.02:081][285]LogModuleManager: Shutting down and abandoning module GraphEditor (140)
[2016.03.28-23.41.02:082][285]LogModuleManager: Shutting down and abandoning module ClassViewer (139)
[2016.03.28-23.41.02:082][285]LogModuleManager: Shutting down and abandoning module Toolbox (138)
[2016.03.28-23.41.02:082][285]LogModuleManager: Shutting down and abandoning module ModuleUI (137)
[2016.03.28-23.41.02:082][285]LogModuleManager: Shutting down and abandoning module MovieSceneTools (136)
[2016.03.28-23.41.02:082][285]LogModuleManager: Shutting down and abandoning module OutputLog (135)
[2016.03.28-23.41.02:082][285]LogModuleManager: Shutting down and abandoning module GammaUI (134)
[2016.03.28-23.41.02:082][285]LogModuleManager: Shutting down and abandoning module Documentation (133)
[2016.03.28-23.41.02:082][285]LogModuleManager: Shutting down and abandoning module GameLiveStreaming (132)
[2016.03.28-23.41.02:082][285]LogModuleManager: Shutting down and abandoning module StreamingPauseRendering (131)
[2016.03.28-23.41.02:082][285]LogModuleManager: Shutting down and abandoning module AnalyticsET (130)
[2016.03.28-23.41.02:082][285]LogModuleManager: Shutting down and abandoning module Analytics (129)
[2016.03.28-23.41.02:082][285]LogModuleManager: Shutting down and abandoning module AITestSuite (128)
[2016.03.28-23.41.02:082][285]LogModuleManager: Shutting down and abandoning module GameplayDebugger (127)
[2016.03.28-23.41.02:082][285]LogModuleManager: Shutting down and abandoning module AIModule (126)
[2016.03.28-23.41.02:082][285]LogModuleManager: Shutting down and abandoning module ProfilerService (125)
[2016.03.28-23.41.02:126][285]LogModuleManager: Shutting down and abandoning module TaskGraph (124)
[2016.03.28-23.41.02:126][285]LogModuleManager: Shutting down and abandoning module SlateRemote (123)
[2016.03.28-23.41.02:126][285]LogModuleManager: Shutting down and abandoning module SteamVRController (122)
[2016.03.28-23.41.02:126][285]LogModuleManager: Shutting down and abandoning module SteamVR (121)
[2016.03.28-23.41.02:126][285]LogModuleManager: Shutting down and abandoning module ProceduralMeshComponent (120)
[2016.03.28-23.41.02:126][285]LogModuleManager: Shutting down and abandoning module OculusLibrary (119)
[2016.03.28-23.41.02:126][285]LogModuleManager: Shutting down and abandoning module OculusInput (118)
[2016.03.28-23.41.02:126][285]LogModuleManager: Shutting down and abandoning module LeapMotionController (117)
[2016.03.28-23.41.02:198][285]LogModuleManager: Shutting down and abandoning module CustomMeshComponent (116)
[2016.03.28-23.41.02:198][285]LogModuleManager: Shutting down and abandoning module CableComponent (115)
[2016.03.28-23.41.02:198][285]LogModuleManager: Shutting down and abandoning module ArchVisCharacter (114)
[2016.03.28-23.41.02:198][285]LogModuleManager: Shutting down and abandoning module MessagingDebugger (113)
[2016.03.28-23.41.02:198][285]LogModuleManager: Shutting down and abandoning module MediaPlayerEditor (112)
[2016.03.28-23.41.02:198][285]LogModuleManager: Shutting down and abandoning module HTML5Networking (111)
[2016.03.28-23.41.02:198][285]LogModuleManager: Shutting down and abandoning module SpeedTreeImporter (110)
[2016.03.28-23.41.02:198][285]LogModuleManager: Shutting down and abandoning module PluginBrowser (109)
[2016.03.28-23.41.02:199][285]LogModuleManager: Shutting down and abandoning module EpicSurvey (108)
[2016.03.28-23.41.02:199][285]LogModuleManager: Shutting down and abandoning module DesktopPlatform (107)
[2016.03.28-23.41.02:199][285]LogModuleManager: Shutting down and abandoning module VisualStudioSourceCodeAccess (106)
[2016.03.28-23.41.02:199][285]LogModuleManager: Shutting down and abandoning module UObjectPlugin (105)
[2016.03.28-23.41.02:199][285]LogModuleManager: Shutting down and abandoning module SubversionSourceControl (104)
[2016.03.28-23.41.02:199][285]LogModuleManager: Shutting down and abandoning module PerforceSourceControl (103)
[2016.03.28-23.41.02:199][285]LogModuleManager: Shutting down and abandoning module SourceControl (102)
[2016.03.28-23.41.02:199][285]LogModuleManager: Shutting down and abandoning module GitSourceControl (101)
[2016.03.28-23.41.02:199][285]LogModuleManager: Shutting down and abandoning module LightPropagationVolumeEditor (100)
[2016.03.28-23.41.02:199][285]LogModuleManager: Shutting down and abandoning module PaperTiledImporter (99)
[2016.03.28-23.41.02:199][285]LogModuleManager: Shutting down and abandoning module PaperSpriteSheetImporter (98)
[2016.03.28-23.41.02:199][285]LogModuleManager: Shutting down and abandoning module MeshPaint (97)
[2016.03.28-23.41.02:199][285]LogModuleManager: Shutting down and abandoning module SlateReflector (96)
[2016.03.28-23.41.02:199][285]LogModuleManager: Shutting down and abandoning module HotReload (95)
[2016.03.28-23.41.02:199][285]LogModuleManager: Shutting down and abandoning module MainFrame (94)
[2016.03.28-23.41.02:199][285]LogModuleManager: Shutting down and abandoning module LevelEditor (93)
[2016.03.28-23.41.02:201][285]LogModuleManager: Shutting down and abandoning module DirectoryWatcher (92)
[2016.03.28-23.41.02:204][285]LogModuleManager: Shutting down and abandoning module AssetRegistry (91)
[2016.03.28-23.41.02:366][285]LogModuleManager: Shutting down and abandoning module ContentBrowser (90)
[2016.03.28-23.41.02:368][285]LogModuleManager: Shutting down and abandoning module Paper2DEditor (89)
[2016.03.28-23.41.02:368][285]LogModuleManager: Shutting down and abandoning module UdpMessaging (88)
[2016.03.28-23.41.02:469][285]LogModuleManager: Shutting down and abandoning module LightPropagationVolumeRuntime (87)
[2016.03.28-23.41.02:469][285]LogModuleManager: Shutting down and abandoning module Paper2D (86)
[2016.03.28-23.41.02:469][285]LogModuleManager: Shutting down and abandoning module WindowsMoviePlayer (85)
[2016.03.28-23.41.02:474][285]LogModuleManager: Shutting down and abandoning module Media (84)
[2016.03.28-23.41.02:474][285]LogModuleManager: Shutting down and abandoning module WmfMedia (83)
[2016.03.28-23.41.02:475][285]LogModuleManager: Shutting down and abandoning module OnlineBlueprintSupport (82)
[2016.03.28-23.41.02:475][285]LogModuleManager: Shutting down and abandoning module GameplayTasksEditor (81)
[2016.03.28-23.41.02:475][285]LogModuleManager: Shutting down and abandoning module PropertyEditor (80)
[2016.03.28-23.41.02:475][285]LogModuleManager: Shutting down and abandoning module BehaviorTreeEditor (79)
[2016.03.28-23.41.02:475][285]LogModuleManager: Shutting down and abandoning module FunctionalTesting (78)
[2016.03.28-23.41.02:475][285]LogModuleManager: Shutting down and abandoning module CollisionAnalyzer (77)
[2016.03.28-23.41.02:475][285]LogModuleManager: Shutting down and abandoning module WorkspaceMenuStructure (76)
[2016.03.28-23.41.02:475][285]LogModuleManager: Shutting down and abandoning module MessageLog (75)
[2016.03.28-23.41.02:475][285]LogModuleManager: Shutting down and abandoning module Sequencer (74)
[2016.03.28-23.41.02:475][285]LogModuleManager: Shutting down and abandoning module AssetTools (73)
[2016.03.28-23.41.02:475][285]LogModuleManager: Shutting down and abandoning module UMGEditor (72)
[2016.03.28-23.41.02:476][285]LogModuleManager: Shutting down and abandoning module UMG (71)
[2016.03.28-23.41.02:476][285]LogModuleManager: Shutting down and abandoning module Slate (70)
[2016.03.28-23.41.02:476][285]LogModuleManager: Shutting down and abandoning module EditorStyle (69)
[2016.03.28-23.41.02:494][285]LogModuleManager: Shutting down and abandoning module SessionServices (68)
[2016.03.28-23.41.02:494][285]LogModuleManager: Shutting down and abandoning module SourceCodeAccess (67)
[2016.03.28-23.41.02:494][285]LogModuleManager: Shutting down and abandoning module HeadMountedDisplay (66)
[2016.03.28-23.41.02:494][285]LogModuleManager: Shutting down and abandoning module XAudio2 (65)
[2016.03.28-23.41.02:494][285]LogModuleManager: Shutting down and abandoning module Networking (64)
[2016.03.28-23.41.02:494][285]LogModuleManager: Shutting down and abandoning module Core (63)
[2016.03.28-23.41.02:494][285]LogModuleManager: Shutting down and abandoning module KismetCompiler (62)
[2016.03.28-23.41.02:494][285]LogModuleManager: Shutting down and abandoning module PhysXFormats (61)
[2016.03.28-23.41.02:494][285]LogModuleManager: Shutting down and abandoning module MeshUtilities (60)
[2016.03.28-23.41.02:494][285]LogModuleManager: Shutting down and abandoning module DerivedDataCache (59)
[2016.03.28-23.41.02:963][285]LogDerivedDataCache: Shutdown
[2016.03.28-23.41.02:963][285]LogModuleManager: Shutting down and abandoning module ShaderFormatOpenGL (58)
[2016.03.28-23.41.02:963][285]LogModuleManager: Shutting down and abandoning module ShaderFormatD3D (57)
[2016.03.28-23.41.02:963][285]LogModuleManager: Shutting down and abandoning module MetalShaderFormat (56)
[2016.03.28-23.41.02:963][285]LogModuleManager: Shutting down and abandoning module TextureFormatUncompressed (55)
[2016.03.28-23.41.02:963][285]LogModuleManager: Shutting down and abandoning module TextureFormatPVR (54)
[2016.03.28-23.41.02:963][285]LogModuleManager: Shutting down and abandoning module TextureFormatIntelISPCTexComp (53)
[2016.03.28-23.41.02:963][285]LogModuleManager: Shutting down and abandoning module TextureFormatDXT (52)
[2016.03.28-23.41.02:963][285]LogModuleManager: Shutting down and abandoning module ImageWrapper (51)
[2016.03.28-23.41.02:963][285]LogModuleManager: Shutting down and abandoning module TextureFormatASTC (50)
[2016.03.28-23.41.02:963][285]LogModuleManager: Shutting down and abandoning module TextureFormatAndroid (49)
[2016.03.28-23.41.02:963][285]LogModuleManager: Shutting down and abandoning module AudioFormatOpus (48)
[2016.03.28-23.41.02:963][285]LogModuleManager: Shutting down and abandoning module AudioFormatOgg (47)
[2016.03.28-23.41.02:963][285]LogModuleManager: Shutting down and abandoning module AudioFormatADPCM (46)
[2016.03.28-23.41.02:963][285]LogModuleManager: Shutting down and abandoning module LinuxTargetPlatform (45)
[2016.03.28-23.41.02:963][285]LogModuleManager: Shutting down and abandoning module LinuxServerTargetPlatform (44)
[2016.03.28-23.41.02:963][285]LogModuleManager: Shutting down and abandoning module LinuxNoEditorTargetPlatform (43)
[2016.03.28-23.41.02:963][285]LogModuleManager: Shutting down and abandoning module Messaging (42)
[2016.03.28-23.41.02:963][285]LogModuleManager: Shutting down and abandoning module IOSTargetPlatform (41)
[2016.03.28-23.41.02:963][285]LogModuleManager: Shutting down and abandoning module HTML5TargetPlatform (40)
[2016.03.28-23.41.02:964][285]LogModuleManager: Shutting down and abandoning module Android_PVRTCTargetPlatform (39)
[2016.03.28-23.41.02:964][285]LogModuleManager: Shutting down and abandoning module Android_MultiTargetPlatform (38)
[2016.03.28-23.41.02:964][285]LogModuleManager: Shutting down and abandoning module Android_ETC2TargetPlatform (37)
[2016.03.28-23.41.02:964][285]LogModuleManager: Shutting down and abandoning module Android_ETC1TargetPlatform (36)
[2016.03.28-23.41.02:964][285]LogModuleManager: Shutting down and abandoning module Android_DXTTargetPlatform (35)
[2016.03.28-23.41.02:964][285]LogModuleManager: Shutting down and abandoning module Android_ATCTargetPlatform (34)
[2016.03.28-23.41.02:964][285]LogModuleManager: Shutting down and abandoning module Android_ASTCTargetPlatform (33)
[2016.03.28-23.41.02:964][285]LogModuleManager: Shutting down and abandoning module AndroidTargetPlatform (32)
[2016.03.28-23.41.02:964][285]LogModuleManager: Shutting down and abandoning module WindowsTargetPlatform (31)
[2016.03.28-23.41.02:964][285]LogModuleManager: Shutting down and abandoning module WindowsServerTargetPlatform (30)
[2016.03.28-23.41.02:964][285]LogModuleManager: Shutting down and abandoning module WindowsNoEditorTargetPlatform (29)
[2016.03.28-23.41.02:964][285]LogModuleManager: Shutting down and abandoning module WindowsClientTargetPlatform (28)
[2016.03.28-23.41.02:964][285]LogModuleManager: Shutting down and abandoning module AllDesktopTargetPlatform (27)
[2016.03.28-23.41.02:964][285]LogModuleManager: Shutting down and abandoning module TargetPlatform (26)
[2016.03.28-23.41.02:964][285]LogModuleManager: Shutting down and abandoning module InputCore (25)
[2016.03.28-23.41.02:964][285]LogModuleManager: Shutting down and abandoning module Settings (24)
[2016.03.28-23.41.02:964][285]LogModuleManager: Shutting down and abandoning module Voice (22)
[2016.03.28-23.41.02:965][285]LogModuleManager: Shutting down and abandoning module OnlineSubsystem (19)
[2016.03.28-23.41.02:965][285]LogOnline:Display: NULL: FOnlineSubsystemNull::Shutdown()
[2016.03.28-23.41.03:038][285]LogOnline:Display: Unloading online subsystem: Null
[2016.03.28-23.41.03:039][285]LogModuleManager: Shutting down and abandoning module HTTP (18)
[2016.03.28-23.41.04:042][285]LogModuleManager: Shutting down and abandoning module XMPP (17)
[2016.03.28-23.41.04:042][285]LogModuleManager: Shutting down and abandoning module OculusRift (16)
[2016.03.28-23.41.04:042][285]LogModuleManager: Shutting down and abandoning module ExampleDeviceProfileSelector (15)
[2016.03.28-23.41.04:042][285]LogModuleManager: Shutting down and abandoning module TextureCompressor (14)
[2016.03.28-23.41.04:043][285]LogModuleManager: Shutting down and abandoning module ShaderCore (13)
[2016.03.28-23.41.04:043][285]LogModuleManager: Shutting down and abandoning module Landscape (12)
[2016.03.28-23.41.04:043][285]LogModuleManager: Shutting down and abandoning module SlateRHIRenderer (11)
[2016.03.28-23.41.04:047][285]LogModuleManager: Shutting down and abandoning module OpenGLDrv (10)
[2016.03.28-23.41.04:047][285]LogModuleManager: Shutting down and abandoning module D3D11RHI (9)
[2016.03.28-23.41.04:047][285]LogModuleManager: Shutting down and abandoning module AnimGraphRuntime (8)
[2016.03.28-23.41.04:047][285]LogModuleManager: Shutting down and abandoning module Renderer (7)
[2016.03.28-23.41.04:047][285]LogModuleManager: Shutting down and abandoning module Engine (6)
[2016.03.28-23.41.04:047][285]LogModuleManager: Shutting down and abandoning module CoreUObject (5)
[2016.03.28-23.41.04:047][285]LogModuleManager: Shutting down and abandoning module NetworkFile (4)
[2016.03.28-23.41.04:047][285]LogModuleManager: Shutting down and abandoning module StreamingFile (3)
[2016.03.28-23.41.04:047][285]LogModuleManager: Shutting down and abandoning module SandboxFile (2)
[2016.03.28-23.41.04:047][285]LogModuleManager: Shutting down and abandoning module PakFile (1)
[2016.03.28-23.41.04:050][285]LogExit: Exiting.
[2016.03.28-23.41.04:059][285]Log file closed, 03/28/16 17:41:04
